#
# A fatal error has been detected by the Java Runtime Environment:
#
#  Internal Error (jvmciRuntime.cpp:1609), pid=27, tid=83
#  fatal error: Fatal exception in JVMCI: Error calling jdk.vm.ci.services.Services.serializeSavedProperties
#
# JRE version: OpenJDK Runtime Environment GraalVM CE 22.3.0 (17.0.5+8) (build 17.0.5+8-jvmci-22.3-b08)
# Java VM: OpenJDK 64-Bit Server VM GraalVM CE 22.3.0 (17.0.5+8-jvmci-22.3-b08, mixed mode, sharing, tiered, jvmci, jvmci compiler, compressed oops, compressed class ptrs, parallel gc, linux-amd64)
# Problematic frame:
# V  [libjvm.so+0x972714]  JVMCIRuntime::fatal_exception(JVMCIEnv*, char const*)+0x74
#
# Core dump will be written. Default location: Core dumps may be processed with "/usr/share/apport/apport -p%p -s%s -c%c -d%d -P%P -u%u -g%g -- %E" (or dumping to /home/runner/22-Stack-Undo-Game-2024-ADS-GT-11/core.27)
#
# If you would like to submit a bug report, please visit:
#   https://github.com/oracle/graal/issues
#

---------------  S U M M A R Y ------------

Command Line: -XX:ThreadPriorityPolicy=1 -XX:+UnlockExperimentalVMOptions -XX:+EnableJVMCIProduct -XX:JVMCIThreadsPerNativeLibraryRuntime=1 -XX:-UnlockExperimentalVMOptions -Declipse.application=org.eclipse.jdt.ls.core.id1 -Dosgi.bundles.defaultStartLevel=4 -Declipse.product=org.eclipse.jdt.ls.core.product -Dlog.level=ALL -Xverify:none -XX:+UseParallelGC -XX:GCTimeRatio=4 -XX:AdaptiveSizePolicyWeight=90 -Dsun.zip.disableMemoryMapping=true -Xmx512m -Xms100m /nix/store/a7s9klvriqi68xz3qjc0qyfl5h86xc16-jdt-language-server-1.9.0/share/java/plugins/org.eclipse.equinox.launcher_1.6.400.v20210924-0641.jar --add-modules=ALL-SYSTEM --add-opens java.base/java.util=ALL-UNNAMED --add-opens java.base/java.lang=ALL-UNNAMED -configuration /home/runner/.cache/jdt-language-server/config -data /home/runner/.cache/jdt-language-server/data/home/runner/22-Stack-Undo-Game-2024-ADS-GT-11

Host: Intel(R) Xeon(R) CPU @ 2.20GHz, 16 cores, 3G, Ubuntu 20.04.2 LTS
Time: Tue Oct  3 23:09:11 2023 UTC elapsed time: 1425.740195 seconds (0d 0h 23m 45s)

---------------  T H R E A D  ---------------

Current thread (0x00007fd3300b1c70):  JavaThread "JVMCI-native CompilerThread0" daemon [_thread_in_vm, id=83, stack(0x00007fd314d18000,0x00007fd314f18000)]


Current CompileTask:
JVMCI-native:1425740 12341       4       java.util.concurrent.locks.ReentrantLock::lock (8 bytes)

Stack: [0x00007fd314d18000,0x00007fd314f18000],  sp=0x00007fd314f16380,  free space=2040k
Native frames: (J=compiled Java code, j=interpreted, Vv=VM code, C=native code)
V  [libjvm.so+0x972714]  JVMCIRuntime::fatal_exception(JVMCIEnv*, char const*)+0x74
V  [libjvm.so+0x93e2fe]  JVMCIEnv::copy_saved_properties()+0x14e
V  [libjvm.so+0x9732a9]  JVMCIRuntime::initialize(JVMCIEnv*)+0xb19
V  [libjvm.so+0x9738a2]  JVMCIRuntime::get_HotSpotJVMCIRuntime(JVMCIEnv*)+0x12
V  [libjvm.so+0x9749f2]  JVMCIRuntime::compile_method(JVMCIEnv*, JVMCICompiler*, methodHandle const&, int)+0xd2
V  [libjvm.so+0x5b0d20]  CompileBroker::invoke_compiler_on_method(CompileTask*)+0x1470
V  [libjvm.so+0x5b12e8]  CompileBroker::compiler_thread_loop()+0x528
V  [libjvm.so+0xd82460]  JavaThread::thread_main_inner()+0xd0
V  [libjvm.so+0xd85a40]  Thread::call_run()+0xc0
V  [libjvm.so+0xbdb1e1]  thread_native_entry(Thread*)+0xe1

Register to memory mapping:

RAX=0x00007fd3349e6000 points into unknown readable memory: 0x0000000000000058 | 58 00 00 00 00 00 00 00
RBX=0x00007fd335ae1398: <offset 0x0000000000ef5398> in /nix/store/gpxl5qgg8kicmcvivwmybwjlpf7wh20l-graalvm17-ce-22.3.0/lib/server/libjvm.so at 0x00007fd334bec000
RCX=0x00007fd335a991e8: <offset 0x0000000000ead1e8> in /nix/store/gpxl5qgg8kicmcvivwmybwjlpf7wh20l-graalvm17-ce-22.3.0/lib/server/libjvm.so at 0x00007fd334bec000
RDX=0x0000000000000649 is an unknown value
RSP=0x00007fd314f16380 is pointing into the stack for thread: 0x00007fd3300b1c70
RBP=0x00007fd314f163a0 is pointing into the stack for thread: 0x00007fd3300b1c70
RSI=0x00007fd335ae1c48: <offset 0x0000000000ef5c48> in /nix/store/gpxl5qgg8kicmcvivwmybwjlpf7wh20l-graalvm17-ce-22.3.0/lib/server/libjvm.so at 0x00007fd334bec000
RDI=0x00000000e0000000 is an oop: [B 
{0x00000000e0000000} - klass: {type array byte}
 - length: 57
R8 =0x00007fd335ae1398: <offset 0x0000000000ef5398> in /nix/store/gpxl5qgg8kicmcvivwmybwjlpf7wh20l-graalvm17-ce-22.3.0/lib/server/libjvm.so at 0x00007fd334bec000
R9 =0x0000000000000003 is an unknown value
R10=0x00007fd335e32da0: <offset 0x0000000001246da0> in /nix/store/gpxl5qgg8kicmcvivwmybwjlpf7wh20l-graalvm17-ce-22.3.0/lib/server/libjvm.so at 0x00007fd334bec000
R11=0x000000080044f048 is pointing into metadata
R12=0x0 is NULL
R13=0x00007fd3300b1c70 is a thread
R14=0x00007fd330000b80 points into unknown readable memory: 0x00007fd335d12a38 | 38 2a d1 35 d3 7f 00 00
R15=0x00007fd335e20e40: <offset 0x0000000001234e40> in /nix/store/gpxl5qgg8kicmcvivwmybwjlpf7wh20l-graalvm17-ce-22.3.0/lib/server/libjvm.so at 0x00007fd334bec000


Registers:
RAX=0x00007fd3349e6000, RBX=0x00007fd335ae1398, RCX=0x00007fd335a991e8, RDX=0x0000000000000649
RSP=0x00007fd314f16380, RBP=0x00007fd314f163a0, RSI=0x00007fd335ae1c48, RDI=0x00000000e0000000
R8 =0x00007fd335ae1398, R9 =0x0000000000000003, R10=0x00007fd335e32da0, R11=0x000000080044f048
R12=0x0000000000000000, R13=0x00007fd3300b1c70, R14=0x00007fd330000b80, R15=0x00007fd335e20e40
RIP=0x00007fd33555e714, EFLAGS=0x0000000000010206, CSGSFS=0x002b000000000033, ERR=0x0000000000000006
  TRAPNO=0x000000000000000e

Top of Stack: (sp=0x00007fd314f16380)
0x00007fd314f16380:   00007fd314f16940 00007fd3300b1c70
0x00007fd314f16390:   00007fd3343778c8 0000000800c419d8
0x00007fd314f163a0:   00007fd314f16500 00007fd33552a2fe
0x00007fd314f163b0:   00007fd314f163e0 00007fd314f16440 

Instructions: (pc=0x00007fd33555e714)
0x00007fd33555e614:   30 e8 f6 cf e8 ff 4c 89 e7 e8 2e 48 d1 ff 84 db
0x00007fd33555e624:   75 2a 4d 85 ed 74 04 4d 8b 6d 00 48 83 c4 08 44
0x00007fd33555e634:   89 f9 4c 89 f2 4c 89 ee 5b 4c 89 e7 41 5c 41 5d
0x00007fd33555e644:   41 5e 41 5f 5d e9 e2 47 d1 ff 66 90 48 83 c4 08
0x00007fd33555e654:   5b 41 5c 41 5d 41 5e 41 5f 5d c3 90 31 d2 be 08
0x00007fd33555e664:   00 00 00 4c 89 ff e8 b1 78 a3 ff 49 89 c5 e9 37
0x00007fd33555e674:   ff ff ff 66 0f 1f 84 00 00 00 00 00 48 8b 7a 08
0x00007fd33555e684:   e9 6d ff ff ff 0f 1f 80 00 00 00 00 e8 5b 48 0a
0x00007fd33555e694:   00 84 c0 75 89 e9 6a ff ff ff 66 90 55 48 89 e5
0x00007fd33555e6a4:   41 56 41 55 41 54 49 89 fc 53 48 89 f3 66 48 8d
0x00007fd33555e6b4:   3d 27 5e 85 00 66 66 48 e8 df 43 8d ff 4c 8b 28
0x00007fd33555e6c4:   8b 05 be 72 8a 00 85 c0 75 14 ba 01 00 00 00 48
0x00007fd33555e6d4:   8d 0d ae 72 8a 00 f0 0f b1 11 85 c0 74 4e be c8
0x00007fd33555e6e4:   00 00 00 4c 89 ef e8 01 0b 41 00 48 8d 05 12 ac
0x00007fd33555e6f4:   85 00 49 89 d8 48 8d 0d e8 aa 53 00 ba 49 06 00
0x00007fd33555e704:   00 48 8d 35 3c 35 58 00 bf 00 00 00 e0 48 8b 00
0x00007fd33555e714:   c6 00 58 31 c0 e8 e2 91 c6 ff 5b 41 5c 41 5d 41
0x00007fd33555e724:   5e 5d e9 55 34 26 00 0f 1f 44 00 00 48 8d 05 81
0x00007fd33555e734:   a3 8b 00 48 89 df 4c 8b 30 e8 9e 43 8d ff 48 89
0x00007fd33555e744:   de 48 89 c2 49 8b 06 4c 89 f7 ff 50 08 4c 89 f7
0x00007fd33555e754:   e8 a7 5c 27 00 4d 85 e4 74 12 be 01 00 00 00 4c
0x00007fd33555e764:   89 e7 e8 35 43 fc ff eb 82 0f 1f 00 be 01 00 00
0x00007fd33555e774:   00 4c 89 ef e8 d3 fd ff ff e9 6d ff ff ff 66 66
0x00007fd33555e784:   2e 0f 1f 84 00 00 00 00 00 0f 1f 00 55 48 89 e5
0x00007fd33555e794:   41 57 41 56 41 55 41 54 53 48 81 ec 08 02 00 00
0x00007fd33555e7a4:   64 48 8b 04 25 28 00 00 00 48 89 45 c8 8b 07 83
0x00007fd33555e7b4:   f8 02 0f 84 11 04 00 00 4c 8b 6f 18 49 89 ff 49
0x00007fd33555e7c4:   89 f4 4d 85 ed 74 14 4c 89 ef e8 5d 57 22 00 41
0x00007fd33555e7d4:   8b 07 83 f8 02 0f 84 19 04 00 00 48 8d 1d 9a 06
0x00007fd33555e7e4:   8a 00 4c 8d 35 0b 3c 58 00 eb 38 90 48 85 d2 7f
0x00007fd33555e7f4:   0d 48 8d 05 b4 c0 85 00 48 83 38 00 7e 0e 41 8b
0x00007fd33555e804:   77 2c 4c 89 f7 31 c0 e8 a0 b2 f7 ff 49 8b 7f 18 


Stack slot to memory mapping:
stack at sp + 0 slots: 0x00007fd314f16940 is pointing into the stack for thread: 0x00007fd3300b1c70
stack at sp + 1 slots: 0x00007fd3300b1c70 is a thread
stack at sp + 2 slots: 0x00007fd3343778c8 points into unknown readable memory: 0x65730018052dffff | ff ff 2d 05 18 00 73 65
stack at sp + 3 slots: 0x0000000800c419d8 is a pointer to class: 
jdk.vm.ci.services.Services {0x0000000800c419d8}
 - instance size:     2
 - klass size:        65
 - access:            public final synchronized 
 - state:             fully_initialized
 - name:              'jdk/vm/ci/services/Services'
 - super:             'java/lang/Object'
 - sub:               
 - arrays:            NULL
 - methods:           Array<T>(0x00007fd3158448f0)
 - method ordering:   Array<T>(0x0000000800928960)
 - default_methods:   Array<T>(0x0000000000000000)
 - local interfaces:  Array<T>(0x00000008005ce810)
 - trans. interfaces: Array<T>(0x00000008005ce810)
 - constants:         constant pool [427] {0x00007fd3158439d0} for 'jdk/vm/ci/services/Services' cache=0x00007fd3158477e0
 - class loader data:  loader data: 0x00007fd330027ce0 of 'bootstrap'
 - source file:       'Services.java'
 - class annotations:       Array<T>(0x0000000000000000)
 - class type annotations:  Array<T>(0x0000000000000000)
 - field annotations:       Array<T>(0x0000000000000000)
 - field type annotations:  Array<T>(0x0000000000000000)
 - inner classes:     Array<T>(0x00007fd315845b90)
 - nest members:     Array<T>(0x00007fd315845bb0)
 - permitted subclasses:     Array<T>(0x00000008005ce7a0)
 - java mirror:       a 'java/lang/Class'{0x00000000e017b480} = 'jdk/vm/ci/services/Services'
 - vtable length      5  (start addr: 0x0000000800c41ba8)
 - itable length      2 (start addr: 0x0000000800c41bd0)
 - ---- static fields (3 words):
 - public static final 'IS_BUILDING_NATIVE_IMAGE' 'Z' @128 
 - public static final 'IS_IN_NATIVE_IMAGE' 'Z' @129 
 - private static volatile 'savedProperties' 'Ljava/util/Map;' @112 
 - static final 'JVMCI_ENABLED' 'Z' @130 
 - private static final 'servicesCache' 'Ljava/util/Map;' @116 
 - private static final 'MAX_UNICODE_IN_UTF8_LENGTH' 'I' @120 
 - private static final 'MAX_UTF8_PROPERTY_STRING_LENGTH' 'I' @124 
 - ---- non-static fields (0 words):
 - non-static oop maps: 
stack at sp + 4 slots: 0x00007fd314f16500 is pointing into the stack for thread: 0x00007fd3300b1c70
stack at sp + 5 slots: 0x00007fd33552a2fe: <offset 0x000000000093e2fe> in /nix/store/gpxl5qgg8kicmcvivwmybwjlpf7wh20l-graalvm17-ce-22.3.0/lib/server/libjvm.so at 0x00007fd334bec000
stack at sp + 6 slots: 0x00007fd314f163e0 is pointing into the stack for thread: 0x00007fd3300b1c70
stack at sp + 7 slots: 0x00007fd314f16440 is pointing into the stack for thread: 0x00007fd3300b1c70


---------------  P R O C E S S  ---------------

Threads class SMR info:
_java_thread_list=0x00007fd2ac066a70, length=25, elements={
0x00007fd330025f80, 0x00007fd3300a5f20, 0x00007fd3300a7360, 0x00007fd3300adae0,
0x00007fd3300aee90, 0x00007fd3300b0280, 0x00007fd3300b1c70, 0x00007fd3300b3180,
0x00007fd3300b41e0, 0x00007fd3300d6fd0, 0x00007fd33011f060, 0x00007fd330303620,
0x00007fd330336540, 0x00007fd330338e00, 0x00007fd33033e280, 0x00007fd2c4016e30,
0x00007fd2c42e8c80, 0x00007fd2c435cd60, 0x00007fd2c44da640, 0x00007fd2c4698ca0,
0x00007fd2ac000ff0, 0x00007fd3304169c0, 0x00007fd3304a9a20, 0x00007fd290001d10,
0x00007fd2ac076910
}

Java Threads: ( => current thread )
  0x00007fd330025f80 JavaThread "main" [_thread_blocked, id=75, stack(0x00007fd334a07000,0x00007fd334b07000)]
  0x00007fd3300a5f20 JavaThread "Reference Handler" daemon [_thread_blocked, id=78, stack(0x00007fd3155fe000,0x00007fd3156fe000)]
  0x00007fd3300a7360 JavaThread "Finalizer" daemon [_thread_blocked, id=79, stack(0x00007fd3154fe000,0x00007fd3155fe000)]
  0x00007fd3300adae0 JavaThread "Signal Dispatcher" daemon [_thread_blocked, id=80, stack(0x00007fd315118000,0x00007fd315218000)]
  0x00007fd3300aee90 JavaThread "Service Thread" daemon [_thread_blocked, id=81, stack(0x00007fd315018000,0x00007fd315118000)]
  0x00007fd3300b0280 JavaThread "Monitor Deflation Thread" daemon [_thread_blocked, id=82, stack(0x00007fd314f18000,0x00007fd315018000)]
=>0x00007fd3300b1c70 JavaThread "JVMCI-native CompilerThread0" daemon [_thread_in_vm, id=83, stack(0x00007fd314d18000,0x00007fd314f18000)]
  0x00007fd3300b3180 JavaThread "C1 CompilerThread0" daemon [_thread_blocked, id=85, stack(0x00007fd314b18000,0x00007fd314d18000)]
  0x00007fd3300b41e0 JavaThread "Sweeper thread" daemon [_thread_blocked, id=86, stack(0x00007fd314a18000,0x00007fd314b18000)]
  0x00007fd3300d6fd0 JavaThread "Common-Cleaner" daemon [_thread_blocked, id=96, stack(0x00007fd314918000,0x00007fd314a18000)]
  0x00007fd33011f060 JavaThread "Notification Thread" daemon [_thread_blocked, id=97, stack(0x00007fd314818000,0x00007fd314918000)]
  0x00007fd330303620 JavaThread "Active Thread: Equinox Container: 4d8abbe3-1124-4e05-9ac9-3394320024b1" [_thread_blocked, id=135, stack(0x00007fd314500000,0x00007fd314600000)]
  0x00007fd330336540 JavaThread "Framework Event Dispatcher: Equinox Container: 4d8abbe3-1124-4e05-9ac9-3394320024b1" daemon [_thread_blocked, id=142, stack(0x00007fd314300000,0x00007fd314400000)]
  0x00007fd330338e00 JavaThread "Start Level: Equinox Container: 4d8abbe3-1124-4e05-9ac9-3394320024b1" daemon [_thread_blocked, id=143, stack(0x00007fd314100000,0x00007fd314200000)]
  0x00007fd33033e280 JavaThread "Refresh Thread: Equinox Container: 4d8abbe3-1124-4e05-9ac9-3394320024b1" daemon [_thread_blocked, id=152, stack(0x00007fd2dc900000,0x00007fd2dca00000)]
  0x00007fd2c4016e30 JavaThread "SCR Component Actor" daemon [_thread_blocked, id=161, stack(0x00007fd2dc700000,0x00007fd2dc800000)]
  0x00007fd2c42e8c80 JavaThread "Worker-JM" [_thread_blocked, id=174, stack(0x00007fd2dc300000,0x00007fd2dc400000)]
  0x00007fd2c435cd60 JavaThread "Worker-0: Java indexing... " [_thread_blocked, id=179, stack(0x00007fd2dc100000,0x00007fd2dc200000)]
  0x00007fd2c44da640 JavaThread "Java indexing" daemon [_thread_blocked, id=185, stack(0x00007fd2dbd00000,0x00007fd2dbe00000)]
  0x00007fd2c4698ca0 JavaThread "Bundle File Closer" daemon [_thread_blocked, id=194, stack(0x00007fd2dc500000,0x00007fd2dc600000)]
  0x00007fd2ac000ff0 JavaThread "Worker-2: Compacting resource model" [_thread_blocked, id=200, stack(0x00007fd2dbb00000,0x00007fd2dbc00000)]
  0x00007fd3304169c0 JavaThread "pool-3-thread-1" [_thread_blocked, id=205, stack(0x00007fd2db900000,0x00007fd2dba00000)]
  0x00007fd3304a9a20 JavaThread "pool-2-thread-1" [_thread_blocked, id=211, stack(0x00007fd2db700000,0x00007fd2db800000)]
  0x00007fd290001d10 JavaThread "Worker-5" [_thread_blocked, id=360, stack(0x00007fd2db100000,0x00007fd2db200000)]
  0x00007fd2ac076910 JavaThread "Worker-6: Publish Diagnostics" [_thread_blocked, id=1225, stack(0x00007fd2db500000,0x00007fd2db600000)]

Other Threads:
  0x00007fd3300a1660 VMThread "VM Thread" [stack: 0x00007fd315700000,0x00007fd315800000] [id=77] _threads_hazard_ptr=0x00007fd2ac066a70
  0x00007fd330120a00 WatcherThread [stack: 0x00007fd314718000,0x00007fd314818000] [id=98]
  0x00007fd33003d880 GCTaskThread "GC Thread#0" [stack: 0x00007fd3345ca000,0x00007fd3346ca000] [id=76]

Threads with active compile tasks:
JVMCI-native CompilerThread0  1425765 12341       4       java.util.concurrent.locks.ReentrantLock::lock (8 bytes)

VM state: synchronizing (normal execution)

VM Mutex/Monitor currently owned by a thread:  ([mutex/lock_event])
[0x00007fd330023130] Threads_lock - owner thread: 0x00007fd3300a1660
[0x00007fd3300238e0] Heap_lock - owner thread: 0x00007fd2ac076910

OutOfMemory and StackOverflow Exception counts:
OutOfMemoryError java_heap_errors=2
LinkageErrors=61

Heap address: 0x00000000e0000000, size: 512 MB, Compressed Oops mode: 32-bit

CDS archive(s) mapped at: [0x0000000800000000-0x0000000800bc8000-0x0000000800bc8000), size 12353536, SharedBaseAddress: 0x0000000800000000, ArchiveRelocationMode: 0.
Compressed class space mapped at: 0x0000000800c00000-0x0000000840c00000, reserved size: 1073741824
Narrow klass base: 0x0000000800000000, Narrow klass shift: 0, Narrow klass range: 0x100000000

GC Precious Log:
 CPUs: 16 total, 1 available
 Memory: 1792M
 Large Page Support: Disabled
 NUMA Support: Disabled
 Compressed Oops: Enabled (32-bit)
 Alignments: Space 512K, Generation 512K, Heap 2M
 Heap Min Capacity: 100M
 Heap Initial Capacity: 100M
 Heap Max Capacity: 512M
 Pre-touch: Disabled
 Parallel Workers: 1

Heap:
 PSYoungGen      total 53760K, used 30719K [0x00000000f5580000, 0x00000000fa280000, 0x0000000100000000)
  eden space 30720K, 99% used [0x00000000f5580000,0x00000000f737fff8,0x00000000f7380000)
  from space 23040K, 0% used [0x00000000f8a00000,0x00000000f8a00000,0x00000000fa080000)
  to   space 23040K, 0% used [0x00000000f7380000,0x00000000f7380000,0x00000000f8a00000)
 ParOldGen       total 349696K, used 349694K [0x00000000e0000000, 0x00000000f5580000, 0x00000000f5580000)
  object space 349696K, 99% used [0x00000000e0000000,0x00000000f557fb08,0x00000000f5580000)
 Metaspace       used 59287K, committed 60224K, reserved 1105920K
  class space    used 5558K, committed 6016K, reserved 1048576K

Card table byte_map: [0x00007fd3346ca000,0x00007fd3347cb000] _byte_map_base: 0x00007fd333fca000

Marking Bits: (ParMarkBitMap*) 0x00007fd335e1a4c0
 Begin Bits: [0x00007fd3164b3000, 0x00007fd316cb3000)
 End Bits:   [0x00007fd316cb3000, 0x00007fd3174b3000)

Polling page: 0x00007fd3349e4000

Metaspace:

Usage:
  Non-class:     52.47 MB used.
      Class:      5.43 MB used.
       Both:     57.90 MB used.

Virtual space:
  Non-class space:       56.00 MB reserved,      52.94 MB ( 95%) committed,  7 nodes.
      Class space:        1.00 GB reserved,       5.88 MB ( <1%) committed,  1 nodes.
             Both:        1.05 GB reserved,      58.81 MB (  5%) committed. 

Chunk freelists:
   Non-Class:  2.38 MB
       Class:  2.14 MB
        Both:  4.52 MB

MaxMetaspaceSize: unlimited
CompressedClassSpaceSize: 1.00 GB
Initial GC threshold: 21.00 MB
Current GC threshold: 98.06 MB
CDS: on
MetaspaceReclaimPolicy: balanced
 - commit_granule_bytes: 65536.
 - commit_granule_words: 8192.
 - virtual_space_node_default_size: 1048576.
 - enlarge_chunks_in_place: 1.
 - new_chunks_are_fully_committed: 0.
 - uncommit_free_chunks: 1.
 - use_allocation_guard: 0.
 - handle_deallocations: 1.


Internal statistics:

num_allocs_failed_limit: 6.
num_arena_births: 490.
num_arena_deaths: 146.
num_vsnodes_births: 8.
num_vsnodes_deaths: 0.
num_space_committed: 940.
num_space_uncommitted: 0.
num_chunks_returned_to_freelist: 213.
num_chunks_taken_from_freelist: 2827.
num_chunk_merges: 82.
num_chunk_splits: 1826.
num_chunks_enlarged: 1122.
num_purges: 6.
num_inconsistent_stats: 0.

CodeHeap 'non-profiled nmethods': size=120036Kb used=2679Kb max_used=2679Kb free=117356Kb
 bounds [0x00007fd31ef7a000, 0x00007fd31f21a000, 0x00007fd3264b3000]
CodeHeap 'profiled nmethods': size=120032Kb used=18472Kb max_used=21712Kb free=101559Kb
 bounds [0x00007fd317a42000, 0x00007fd318f82000, 0x00007fd31ef7a000]
CodeHeap 'non-nmethods': size=5692Kb used=1374Kb max_used=1384Kb free=4317Kb
 bounds [0x00007fd3174b3000, 0x00007fd317723000, 0x00007fd317a42000]
 total_blobs=8790 nmethods=8084 adapters=600
 compilation: enabled
              stopped_count=0, restarted_count=0
 full_count=0

JVMCI Events (20 events):
Event: 1281.869 Thread 0x00007fd3300b1c70 destroyed JavaVM[5]@0x00007fd2dab9e340 for JVMCI runtime 0
Event: 1281.869 Thread 0x00007fd3300b1c70 compacted oop handles in JVMCI runtime 0 from 87 to 87
Event: 1281.869 Thread 0x00007fd3300b1c70 releasing handles for JVMCI runtime 0: oop handles=87, metadata handles={total=136, live=136, blocks=43}
Event: 1281.869 Thread 0x00007fd3300b1c70 detached from JVMCI runtime 0
Event: 1336.840 Thread 0x00007fd3300b1c70 attached to JVMCI runtime 0
Event: 1336.842 Thread 0x00007fd3300b1c70 created JavaVM[6]@0x00007fd2dab9e340 for JVMCI runtime 0
Event: 1336.842 Thread 0x00007fd3300b1c70 initializing JVMCI runtime 0
Event: 1336.842 Thread 0x00007fd3300b1c70 done waiting for JavaVM references initialization in JVMCI runtime 0
Event: 1346.611 Thread 0x00007fd3300b1c70 initialized JVMCI runtime 0
Event: 1352.613 Thread 0x00007fd3300b1c70 detaching from JVMCI runtime 0: releasing idle compiler thread (0 other threads still attached)
Event: 1352.613 Thread 0x00007fd3300b1c70 shutting down HotSpotJVMCIRuntime for JVMCI runtime 0
Event: 1353.690 Thread 0x00007fd3300b1c70 shut down JVMCI runtime 0
Event: 1353.691 Thread 0x00007fd3300b1c70 destroyed JavaVM[6]@0x00007fd2dab9e340 for JVMCI runtime 0
Event: 1353.691 Thread 0x00007fd3300b1c70 compacted oop handles in JVMCI runtime 0 from 52 to 52
Event: 1353.691 Thread 0x00007fd3300b1c70 releasing handles for JVMCI runtime 0: oop handles=52, metadata handles={total=96, live=90, blocks=43}
Event: 1353.691 Thread 0x00007fd3300b1c70 detached from JVMCI runtime 0
Event: 1370.318 Thread 0x00007fd3300b1c70 attached to JVMCI runtime 0
Event: 1370.321 Thread 0x00007fd3300b1c70 created JavaVM[7]@0x00007fd2dab9e340 for JVMCI runtime 0
Event: 1370.321 Thread 0x00007fd3300b1c70 initializing JVMCI runtime 0
Event: 1370.321 Thread 0x00007fd3300b1c70 done waiting for JavaVM references initialization in JVMCI runtime 0

Compilation events (20 events):
Event: 1158.480 Thread 0x00007fd3300b3180 12333       1       java.util.concurrent.ThreadPoolExecutor::getQueue (5 bytes)
Event: 1158.480 Thread 0x00007fd3300b3180 nmethod 12333 0x00007fd31f197710 code [0x00007fd31f1978a0, 0x00007fd31f197970]
Event: 1179.060 Thread 0x00007fd3300b1c70 nmethod 12330 0x00007fd31f215590 code [0x00007fd31f2157e0, 0x00007fd31f216db0]
Event: 1179.061 Thread 0x00007fd3300b1c70 12328       4       org.eclipse.jdt.internal.compiler.codegen.ConstantPool::writeU1 (38 bytes)
Event: 1179.063 Thread 0x00007fd3300b1c70 nmethod 12328 0x00007fd31f197410 code [0x00007fd31f197580, 0x00007fd31f197650]
Event: 1206.702 Thread 0x00007fd3300b1c70 12335       4       org.eclipse.jdt.internal.core.JavaElement::equals (57 bytes)
Event: 1236.679 Thread 0x00007fd3300b3180 12336 %     3       java.util.Arrays::fill @ 5 (21 bytes)
Event: 1238.383 Thread 0x00007fd3300b3180 nmethod 12336% 0x00007fd317aa1c90 code [0x00007fd317aa1e40, 0x00007fd317aa2070]
Event: 1274.679 Thread 0x00007fd3300b1c70 nmethod 12335 0x00007fd31f196b10 code [0x00007fd31f196d20, 0x00007fd31f197048]
Event: 1274.679 Thread 0x00007fd3300b1c70 12337       4       java.util.concurrent.locks.AbstractQueuedSynchronizer::signalNext (34 bytes)
Event: 1278.261 Thread 0x00007fd3300b1c70 nmethod 12337 0x00007fd31f196790 code [0x00007fd31f196920, 0x00007fd31f1969f0]
Event: 1294.791 Thread 0x00007fd3300b3180 12338       3       java.util.concurrent.locks.AbstractQueuedSynchronizer$Node::clearStatus (12 bytes)
Event: 1297.602 Thread 0x00007fd3300b3180 nmethod 12338 0x00007fd317a86910 code [0x00007fd317a86ac0, 0x00007fd317a86c20]
Event: 1297.602 Thread 0x00007fd3300b3180 12339       3       java.util.concurrent.locks.LockSupport::parkNanos (29 bytes)
Event: 1297.603 Thread 0x00007fd3300b3180 nmethod 12339 0x00007fd317c5cc10 code [0x00007fd317c5cde0, 0x00007fd317c5cfe0]
Event: 1336.840 Thread 0x00007fd3300b1c70 12340       4       org.eclipse.jdt.internal.core.JavaProject::equals (35 bytes)
Event: 1351.521 Thread 0x00007fd3300b1c70 nmethod 12340 0x00007fd31f217610 code [0x00007fd31f2177c0, 0x00007fd31f217a70]
Event: 1370.318 Thread 0x00007fd3300b3180 12342       3       java.util.concurrent.ScheduledThreadPoolExecutor$ScheduledFutureTask::getDelay (16 bytes)
Event: 1370.318 Thread 0x00007fd3300b3180 nmethod 12342 0x00007fd317a89390 code [0x00007fd317a89540, 0x00007fd317a896c0]
Event: 1370.318 Thread 0x00007fd3300b1c70 12341       4       java.util.concurrent.locks.ReentrantLock::lock (8 bytes)

GC Heap History (20 events):
Event: 1410.408 GC heap before
{Heap before GC invocations=1051 (full 992):
 PSYoungGen      total 53760K, used 30719K [0x00000000f5580000, 0x00000000fa280000, 0x0000000100000000)
  eden space 30720K, 99% used [0x00000000f5580000,0x00000000f737ffb8,0x00000000f7380000)
  from space 23040K, 0% used [0x00000000f8a00000,0x00000000f8a00000,0x00000000fa080000)
  to   space 23040K, 0% used [0x00000000f7380000,0x00000000f7380000,0x00000000f8a00000)
 ParOldGen       total 349696K, used 349691K [0x00000000e0000000, 0x00000000f5580000, 0x00000000f5580000)
  object space 349696K, 99% used [0x00000000e0000000,0x00000000f557ee10,0x00000000f5580000)
 Metaspace       used 59287K, committed 60224K, reserved 1105920K
  class space    used 5558K, committed 6016K, reserved 1048576K
}
Event: 1411.838 GC heap after
{Heap after GC invocations=1051 (full 992):
 PSYoungGen      total 53760K, used 30719K [0x00000000f5580000, 0x00000000fa280000, 0x0000000100000000)
  eden space 30720K, 99% used [0x00000000f5580000,0x00000000f737ff78,0x00000000f7380000)
  from space 23040K, 0% used [0x00000000f7380000,0x00000000f7380000,0x00000000f8a00000)
  to   space 23040K, 0% used [0x00000000f8a00000,0x00000000f8a00000,0x00000000fa080000)
 ParOldGen       total 349696K, used 349691K [0x00000000e0000000, 0x00000000f5580000, 0x00000000f5580000)
  object space 349696K, 99% used [0x00000000e0000000,0x00000000f557ee10,0x00000000f5580000)
 Metaspace       used 59287K, committed 60224K, reserved 1105920K
  class space    used 5558K, committed 6016K, reserved 1048576K
}
Event: 1411.839 GC heap before
{Heap before GC invocations=1052 (full 993):
 PSYoungGen      total 53760K, used 30720K [0x00000000f5580000, 0x00000000fa280000, 0x0000000100000000)
  eden space 30720K, 100% used [0x00000000f5580000,0x00000000f7380000,0x00000000f7380000)
  from space 23040K, 0% used [0x00000000f7380000,0x00000000f7380000,0x00000000f8a00000)
  to   space 23040K, 0% used [0x00000000f8a00000,0x00000000f8a00000,0x00000000fa080000)
 ParOldGen       total 349696K, used 349691K [0x00000000e0000000, 0x00000000f5580000, 0x00000000f5580000)
  object space 349696K, 99% used [0x00000000e0000000,0x00000000f557ee10,0x00000000f5580000)
 Metaspace       used 59287K, committed 60224K, reserved 1105920K
  class space    used 5558K, committed 6016K, reserved 1048576K
}
Event: 1412.926 GC heap after
{Heap after GC invocations=1052 (full 993):
 PSYoungGen      total 53760K, used 30719K [0x00000000f5580000, 0x00000000fa280000, 0x0000000100000000)
  eden space 30720K, 99% used [0x00000000f5580000,0x00000000f737ff88,0x00000000f7380000)
  from space 23040K, 0% used [0x00000000f8a00000,0x00000000f8a00000,0x00000000fa080000)
  to   space 23040K, 0% used [0x00000000f7380000,0x00000000f7380000,0x00000000f8a00000)
 ParOldGen       total 349696K, used 349691K [0x00000000e0000000, 0x00000000f5580000, 0x00000000f5580000)
  object space 349696K, 99% used [0x00000000e0000000,0x00000000f557ed50,0x00000000f5580000)
 Metaspace       used 59287K, committed 60224K, reserved 1105920K
  class space    used 5558K, committed 6016K, reserved 1048576K
}
Event: 1412.926 GC heap before
{Heap before GC invocations=1053 (full 994):
 PSYoungGen      total 53760K, used 30719K [0x00000000f5580000, 0x00000000fa280000, 0x0000000100000000)
  eden space 30720K, 99% used [0x00000000f5580000,0x00000000f737fff8,0x00000000f7380000)
  from space 23040K, 0% used [0x00000000f8a00000,0x00000000f8a00000,0x00000000fa080000)
  to   space 23040K, 0% used [0x00000000f7380000,0x00000000f7380000,0x00000000f8a00000)
 ParOldGen       total 349696K, used 349691K [0x00000000e0000000, 0x00000000f5580000, 0x00000000f5580000)
  object space 349696K, 99% used [0x00000000e0000000,0x00000000f557ed50,0x00000000f5580000)
 Metaspace       used 59287K, committed 60224K, reserved 1105920K
  class space    used 5558K, committed 6016K, reserved 1048576K
}
Event: 1414.835 GC heap after
{Heap after GC invocations=1053 (full 994):
 PSYoungGen      total 53760K, used 30719K [0x00000000f5580000, 0x00000000fa280000, 0x0000000100000000)
  eden space 30720K, 99% used [0x00000000f5580000,0x00000000f737fff8,0x00000000f7380000)
  from space 23040K, 0% used [0x00000000f7380000,0x00000000f7380000,0x00000000f8a00000)
  to   space 23040K, 0% used [0x00000000f8a00000,0x00000000f8a00000,0x00000000fa080000)
 ParOldGen       total 349696K, used 349691K [0x00000000e0000000, 0x00000000f5580000, 0x00000000f5580000)
  object space 349696K, 99% used [0x00000000e0000000,0x00000000f557ed50,0x00000000f5580000)
 Metaspace       used 59287K, committed 60224K, reserved 1105920K
  class space    used 5558K, committed 6016K, reserved 1048576K
}
Event: 1414.836 GC heap before
{Heap before GC invocations=1054 (full 995):
 PSYoungGen      total 53760K, used 30719K [0x00000000f5580000, 0x00000000fa280000, 0x0000000100000000)
  eden space 30720K, 99% used [0x00000000f5580000,0x00000000f737fff8,0x00000000f7380000)
  from space 23040K, 0% used [0x00000000f7380000,0x00000000f7380000,0x00000000f8a00000)
  to   space 23040K, 0% used [0x00000000f8a00000,0x00000000f8a00000,0x00000000fa080000)
 ParOldGen       total 349696K, used 349695K [0x00000000e0000000, 0x00000000f5580000, 0x00000000f5580000)
  object space 349696K, 99% used [0x00000000e0000000,0x00000000f557ffe0,0x00000000f5580000)
 Metaspace       used 59287K, committed 60224K, reserved 1105920K
  class space    used 5558K, committed 6016K, reserved 1048576K
}
Event: 1416.970 GC heap after
{Heap after GC invocations=1054 (full 995):
 PSYoungGen      total 53760K, used 30719K [0x00000000f5580000, 0x00000000fa280000, 0x0000000100000000)
  eden space 30720K, 99% used [0x00000000f5580000,0x00000000f737ff38,0x00000000f7380000)
  from space 23040K, 0% used [0x00000000f8a00000,0x00000000f8a00000,0x00000000fa080000)
  to   space 23040K, 0% used [0x00000000f7380000,0x00000000f7380000,0x00000000f8a00000)
 ParOldGen       total 349696K, used 349693K [0x00000000e0000000, 0x00000000f5580000, 0x00000000f5580000)
  object space 349696K, 99% used [0x00000000e0000000,0x00000000f557f710,0x00000000f5580000)
 Metaspace       used 59287K, committed 60224K, reserved 1105920K
  class space    used 5558K, committed 6016K, reserved 1048576K
}
Event: 1416.970 GC heap before
{Heap before GC invocations=1055 (full 996):
 PSYoungGen      total 53760K, used 30719K [0x00000000f5580000, 0x00000000fa280000, 0x0000000100000000)
  eden space 30720K, 99% used [0x00000000f5580000,0x00000000f737ff78,0x00000000f7380000)
  from space 23040K, 0% used [0x00000000f8a00000,0x00000000f8a00000,0x00000000fa080000)
  to   space 23040K, 0% used [0x00000000f7380000,0x00000000f7380000,0x00000000f8a00000)
 ParOldGen       total 349696K, used 349693K [0x00000000e0000000, 0x00000000f5580000, 0x00000000f5580000)
  object space 349696K, 99% used [0x00000000e0000000,0x00000000f557f710,0x00000000f5580000)
 Metaspace       used 59287K, committed 60224K, reserved 1105920K
  class space    used 5558K, committed 6016K, reserved 1048576K
}
Event: 1418.849 GC heap after
{Heap after GC invocations=1055 (full 996):
 PSYoungGen      total 53760K, used 30719K [0x00000000f5580000, 0x00000000fa280000, 0x0000000100000000)
  eden space 30720K, 99% used [0x00000000f5580000,0x00000000f737ff78,0x00000000f7380000)
  from space 23040K, 0% used [0x00000000f7380000,0x00000000f7380000,0x00000000f8a00000)
  to   space 23040K, 0% used [0x00000000f8a00000,0x00000000f8a00000,0x00000000fa080000)
 ParOldGen       total 349696K, used 349693K [0x00000000e0000000, 0x00000000f5580000, 0x00000000f5580000)
  object space 349696K, 99% used [0x00000000e0000000,0x00000000f557f710,0x00000000f5580000)
 Metaspace       used 59287K, committed 60224K, reserved 1105920K
  class space    used 5558K, committed 6016K, reserved 1048576K
}
Event: 1418.850 GC heap before
{Heap before GC invocations=1056 (full 997):
 PSYoungGen      total 53760K, used 30720K [0x00000000f5580000, 0x00000000fa280000, 0x0000000100000000)
  eden space 30720K, 100% used [0x00000000f5580000,0x00000000f7380000,0x00000000f7380000)
  from space 23040K, 0% used [0x00000000f7380000,0x00000000f7380000,0x00000000f8a00000)
  to   space 23040K, 0% used [0x00000000f8a00000,0x00000000f8a00000,0x00000000fa080000)
 ParOldGen       total 349696K, used 349695K [0x00000000e0000000, 0x00000000f5580000, 0x00000000f5580000)
  object space 349696K, 99% used [0x00000000e0000000,0x00000000f557fff8,0x00000000f5580000)
 Metaspace       used 59287K, committed 60224K, reserved 1105920K
  class space    used 5558K, committed 6016K, reserved 1048576K
}
Event: 1420.832 GC heap after
{Heap after GC invocations=1056 (full 997):
 PSYoungGen      total 53760K, used 30719K [0x00000000f5580000, 0x00000000fa280000, 0x0000000100000000)
  eden space 30720K, 99% used [0x00000000f5580000,0x00000000f737ff38,0x00000000f7380000)
  from space 23040K, 0% used [0x00000000f8a00000,0x00000000f8a00000,0x00000000fa080000)
  to   space 23040K, 0% used [0x00000000f7380000,0x00000000f7380000,0x00000000f8a00000)
 ParOldGen       total 349696K, used 349693K [0x00000000e0000000, 0x00000000f5580000, 0x00000000f5580000)
  object space 349696K, 99% used [0x00000000e0000000,0x00000000f557f6c8,0x00000000f5580000)
 Metaspace       used 59287K, committed 60224K, reserved 1105920K
  class space    used 5558K, committed 6016K, reserved 1048576K
}
Event: 1420.841 GC heap before
{Heap before GC invocations=1057 (full 998):
 PSYoungGen      total 53760K, used 30719K [0x00000000f5580000, 0x00000000fa280000, 0x0000000100000000)
  eden space 30720K, 99% used [0x00000000f5580000,0x00000000f737ffb8,0x00000000f7380000)
  from space 23040K, 0% used [0x00000000f8a00000,0x00000000f8a00000,0x00000000fa080000)
  to   space 23040K, 0% used [0x00000000f7380000,0x00000000f7380000,0x00000000f8a00000)
 ParOldGen       total 349696K, used 349693K [0x00000000e0000000, 0x00000000f5580000, 0x00000000f5580000)
  object space 349696K, 99% used [0x00000000e0000000,0x00000000f557f6c8,0x00000000f5580000)
 Metaspace       used 59287K, committed 60224K, reserved 1105920K
  class space    used 5558K, committed 6016K, reserved 1048576K
}
Event: 1422.381 GC heap after
{Heap after GC invocations=1057 (full 998):
 PSYoungGen      total 53760K, used 30719K [0x00000000f5580000, 0x00000000fa280000, 0x0000000100000000)
  eden space 30720K, 99% used [0x00000000f5580000,0x00000000f737ffa0,0x00000000f7380000)
  from space 23040K, 0% used [0x00000000f7380000,0x00000000f7380000,0x00000000f8a00000)
  to   space 23040K, 0% used [0x00000000f8a00000,0x00000000f8a00000,0x00000000fa080000)
 ParOldGen       total 349696K, used 349693K [0x00000000e0000000, 0x00000000f5580000, 0x00000000f5580000)
  object space 349696K, 99% used [0x00000000e0000000,0x00000000f557f6a8,0x00000000f5580000)
 Metaspace       used 59287K, committed 60224K, reserved 1105920K
  class space    used 5558K, committed 6016K, reserved 1048576K
}
Event: 1422.381 GC heap before
{Heap before GC invocations=1058 (full 999):
 PSYoungGen      total 53760K, used 30719K [0x00000000f5580000, 0x00000000fa280000, 0x0000000100000000)
  eden space 30720K, 99% used [0x00000000f5580000,0x00000000f737fff0,0x00000000f7380000)
  from space 23040K, 0% used [0x00000000f7380000,0x00000000f7380000,0x00000000f8a00000)
  to   space 23040K, 0% used [0x00000000f8a00000,0x00000000f8a00000,0x00000000fa080000)
 ParOldGen       total 349696K, used 349693K [0x00000000e0000000, 0x00000000f5580000, 0x00000000f5580000)
  object space 349696K, 99% used [0x00000000e0000000,0x00000000f557f6a8,0x00000000f5580000)
 Metaspace       used 59287K, committed 60224K, reserved 1105920K
  class space    used 5558K, committed 6016K, reserved 1048576K
}
Event: 1423.997 GC heap after
{Heap after GC invocations=1058 (full 999):
 PSYoungGen      total 53760K, used 30719K [0x00000000f5580000, 0x00000000fa280000, 0x0000000100000000)
  eden space 30720K, 99% used [0x00000000f5580000,0x00000000f737fff0,0x00000000f7380000)
  from space 23040K, 0% used [0x00000000f8a00000,0x00000000f8a00000,0x00000000fa080000)
  to   space 23040K, 0% used [0x00000000f7380000,0x00000000f7380000,0x00000000f8a00000)
 ParOldGen       total 349696K, used 349693K [0x00000000e0000000, 0x00000000f5580000, 0x00000000f5580000)
  object space 349696K, 99% used [0x00000000e0000000,0x00000000f557f6a8,0x00000000f5580000)
 Metaspace       used 59287K, committed 60224K, reserved 1105920K
  class space    used 5558K, committed 6016K, reserved 1048576K
}
Event: 1423.998 GC heap before
{Heap before GC invocations=1059 (full 1000):
 PSYoungGen      total 53760K, used 30720K [0x00000000f5580000, 0x00000000fa280000, 0x0000000100000000)
  eden space 30720K, 100% used [0x00000000f5580000,0x00000000f7380000,0x00000000f7380000)
  from space 23040K, 0% used [0x00000000f8a00000,0x00000000f8a00000,0x00000000fa080000)
  to   space 23040K, 0% used [0x00000000f7380000,0x00000000f7380000,0x00000000f8a00000)
 ParOldGen       total 349696K, used 349694K [0x00000000e0000000, 0x00000000f5580000, 0x00000000f5580000)
  object space 349696K, 99% used [0x00000000e0000000,0x00000000f557f940,0x00000000f5580000)
 Metaspace       used 59287K, committed 60224K, reserved 1105920K
  class space    used 5558K, committed 6016K, reserved 1048576K
}
Event: 1424.774 GC heap after
{Heap after GC invocations=1059 (full 1000):
 PSYoungGen      total 53760K, used 30719K [0x00000000f5580000, 0x00000000fa280000, 0x0000000100000000)
  eden space 30720K, 99% used [0x00000000f5580000,0x00000000f737feb8,0x00000000f7380000)
  from space 23040K, 0% used [0x00000000f7380000,0x00000000f7380000,0x00000000f8a00000)
  to   space 23040K, 0% used [0x00000000f8a00000,0x00000000f8a00000,0x00000000fa080000)
 ParOldGen       total 349696K, used 349693K [0x00000000e0000000, 0x00000000f5580000, 0x00000000f5580000)
  object space 349696K, 99% used [0x00000000e0000000,0x00000000f557f710,0x00000000f5580000)
 Metaspace       used 59287K, committed 60224K, reserved 1105920K
  class space    used 5558K, committed 6016K, reserved 1048576K
}
Event: 1424.774 GC heap before
{Heap before GC invocations=1060 (full 1001):
 PSYoungGen      total 53760K, used 30719K [0x00000000f5580000, 0x00000000fa280000, 0x0000000100000000)
  eden space 30720K, 99% used [0x00000000f5580000,0x00000000f737feb8,0x00000000f7380000)
  from space 23040K, 0% used [0x00000000f7380000,0x00000000f7380000,0x00000000f8a00000)
  to   space 23040K, 0% used [0x00000000f8a00000,0x00000000f8a00000,0x00000000fa080000)
 ParOldGen       total 349696K, used 349693K [0x00000000e0000000, 0x00000000f5580000, 0x00000000f5580000)
  object space 349696K, 99% used [0x00000000e0000000,0x00000000f557f710,0x00000000f5580000)
 Metaspace       used 59287K, committed 60224K, reserved 1105920K
  class space    used 5558K, committed 6016K, reserved 1048576K
}
Event: 1425.715 GC heap after
{Heap after GC invocations=1060 (full 1001):
 PSYoungGen      total 53760K, used 30719K [0x00000000f5580000, 0x00000000fa280000, 0x0000000100000000)
  eden space 30720K, 99% used [0x00000000f5580000,0x00000000f737feb8,0x00000000f7380000)
  from space 23040K, 0% used [0x00000000f8a00000,0x00000000f8a00000,0x00000000fa080000)
  to   space 23040K, 0% used [0x00000000f7380000,0x00000000f7380000,0x00000000f8a00000)
 ParOldGen       total 349696K, used 349693K [0x00000000e0000000, 0x00000000f5580000, 0x00000000f5580000)
  object space 349696K, 99% used [0x00000000e0000000,0x00000000f557f710,0x00000000f5580000)
 Metaspace       used 59287K, committed 60224K, reserved 1105920K
  class space    used 5558K, committed 6016K, reserved 1048576K
}

Dll operation events (9 events):
Event: 0.081 Loaded shared library /nix/store/gpxl5qgg8kicmcvivwmybwjlpf7wh20l-graalvm17-ce-22.3.0/lib/libjava.so
Event: 0.145 Loaded shared library /nix/store/gpxl5qgg8kicmcvivwmybwjlpf7wh20l-graalvm17-ce-22.3.0/lib/libjsvml.so
Event: 3.033 Loaded shared library /nix/store/gpxl5qgg8kicmcvivwmybwjlpf7wh20l-graalvm17-ce-22.3.0/lib/libnio.so
Event: 3.060 Loaded shared library /nix/store/gpxl5qgg8kicmcvivwmybwjlpf7wh20l-graalvm17-ce-22.3.0/lib/libzip.so
Event: 3.201 Loaded shared library /nix/store/gpxl5qgg8kicmcvivwmybwjlpf7wh20l-graalvm17-ce-22.3.0/lib/libjvmcicompiler.so
Event: 6.596 Loaded shared library /nix/store/gpxl5qgg8kicmcvivwmybwjlpf7wh20l-graalvm17-ce-22.3.0/lib/libjimage.so
Event: 10.650 Loaded shared library /nix/store/gpxl5qgg8kicmcvivwmybwjlpf7wh20l-graalvm17-ce-22.3.0/lib/libnet.so
Event: 21.139 Loaded shared library /home/runner/.cache/jdt-language-server/config/org.eclipse.equinox.launcher/org.eclipse.equinox.launcher.gtk.linux.x86_64_1.2.400.v20211117-0650/eclipse_11600.so
Event: 47.629 Loaded shared library /nix/store/gpxl5qgg8kicmcvivwmybwjlpf7wh20l-graalvm17-ce-22.3.0/lib/libextnet.so

Deoptimization events (20 events):
Event: 337.633 Thread 0x00007fd2c44da640 DEOPT PACKING pc=0x00007fd318dea45d sp=0x00007fd2dbdfe530
Event: 337.633 Thread 0x00007fd2c44da640 DEOPT UNPACKING pc=0x00007fd317505325 sp=0x00007fd2dbdfda20 mode 0
Event: 337.726 Thread 0x00007fd2c44da640 DEOPT PACKING pc=0x00007fd318dea45d sp=0x00007fd2dbdfe530
Event: 337.726 Thread 0x00007fd2c44da640 DEOPT UNPACKING pc=0x00007fd317505325 sp=0x00007fd2dbdfda20 mode 0
Event: 337.728 Thread 0x00007fd2c44da640 DEOPT PACKING pc=0x00007fd318dea45d sp=0x00007fd2dbdfe530
Event: 337.728 Thread 0x00007fd2c44da640 DEOPT UNPACKING pc=0x00007fd317505325 sp=0x00007fd2dbdfda20 mode 0
Event: 337.731 Thread 0x00007fd2c44da640 DEOPT PACKING pc=0x00007fd318dea45d sp=0x00007fd2dbdfe530
Event: 337.731 Thread 0x00007fd2c44da640 DEOPT UNPACKING pc=0x00007fd317505325 sp=0x00007fd2dbdfda20 mode 0
Event: 338.031 Thread 0x00007fd2ac076910 DEOPT PACKING pc=0x00007fd318376e7a sp=0x00007fd2db5fd360
Event: 338.031 Thread 0x00007fd2ac076910 DEOPT UNPACKING pc=0x00007fd317505325 sp=0x00007fd2db5fc850 mode 0
Event: 357.328 Thread 0x00007fd2b80010d0 DEOPT PACKING pc=0x00007fd318c9d827 sp=0x00007fd2dbffdec0
Event: 357.328 Thread 0x00007fd2b80010d0 DEOPT UNPACKING pc=0x00007fd317505325 sp=0x00007fd2dbffd380 mode 0
Event: 375.633 Thread 0x00007fd290001d10 DEOPT PACKING pc=0x00007fd318c9d827 sp=0x00007fd2db1fdc40
Event: 375.633 Thread 0x00007fd290001d10 DEOPT UNPACKING pc=0x00007fd317505325 sp=0x00007fd2db1fd100 mode 0
Event: 389.725 Thread 0x00007fd290001d10 DEOPT PACKING pc=0x00007fd318c9d827 sp=0x00007fd2db1fdc40
Event: 389.725 Thread 0x00007fd290001d10 DEOPT UNPACKING pc=0x00007fd317505325 sp=0x00007fd2db1fd100 mode 0
Event: 397.242 Thread 0x00007fd3304a9a20 DEOPT PACKING pc=0x00007fd3183feee2 sp=0x00007fd2db7fd720
Event: 397.242 Thread 0x00007fd3304a9a20 DEOPT UNPACKING pc=0x00007fd317505325 sp=0x00007fd2db7fcc38 mode 0
Event: 402.225 Thread 0x00007fd2ac000ff0 DEOPT PACKING pc=0x00007fd318c9d827 sp=0x00007fd2dbbfdec0
Event: 402.226 Thread 0x00007fd2ac000ff0 DEOPT UNPACKING pc=0x00007fd317505325 sp=0x00007fd2dbbfd380 mode 0

Classes unloaded (20 events):
Event: 329.227 Thread 0x00007fd3300a1660 Unloading class 0x00000008010dc800 'jdk/internal/reflect/GeneratedMethodAccessor10'
Event: 329.227 Thread 0x00007fd3300a1660 Unloading class 0x00000008010dc400 'jdk/internal/reflect/GeneratedMethodAccessor9'
Event: 329.227 Thread 0x00007fd3300a1660 Unloading class 0x00000008010dc000 'jdk/internal/reflect/GeneratedMethodAccessor8'
Event: 329.227 Thread 0x00007fd3300a1660 Unloading class 0x00000008010d1c00 'jdk/internal/reflect/GeneratedMethodAccessor7'
Event: 329.227 Thread 0x00007fd3300a1660 Unloading class 0x00000008010bb000 'jdk/internal/reflect/GeneratedSerializationConstructorAccessor3'
Event: 329.227 Thread 0x00007fd3300a1660 Unloading class 0x000000080108a400 'jdk/internal/reflect/GeneratedSerializationConstructorAccessor2'
Event: 329.227 Thread 0x00007fd3300a1660 Unloading class 0x000000080108a000 'jdk/internal/reflect/GeneratedSerializationConstructorAccessor1'
Event: 329.227 Thread 0x00007fd3300a1660 Unloading class 0x0000000801055400 'java/lang/invoke/LambdaForm$MH+0x0000000801055400'
Event: 329.227 Thread 0x00007fd3300a1660 Unloading class 0x0000000801055000 'java/lang/invoke/LambdaForm$MH+0x0000000801055000'
Event: 329.227 Thread 0x00007fd3300a1660 Unloading class 0x0000000801054c00 'java/lang/invoke/LambdaForm$MH+0x0000000801054c00'
Event: 329.227 Thread 0x00007fd3300a1660 Unloading class 0x0000000801054800 'java/lang/invoke/LambdaForm$MH+0x0000000801054800'
Event: 329.227 Thread 0x00007fd3300a1660 Unloading class 0x0000000801054400 'java/lang/invoke/LambdaForm$MH+0x0000000801054400'
Event: 329.227 Thread 0x00007fd3300a1660 Unloading class 0x0000000801054000 'java/lang/invoke/LambdaForm$MH+0x0000000801054000'
Event: 329.227 Thread 0x00007fd3300a1660 Unloading class 0x0000000800f34000 'jdk/internal/reflect/GeneratedConstructorAccessor15'
Event: 329.227 Thread 0x00007fd3300a1660 Unloading class 0x0000000800f29400 'jdk/internal/reflect/GeneratedConstructorAccessor13'
Event: 329.227 Thread 0x00007fd3300a1660 Unloading class 0x0000000800f29000 'jdk/internal/reflect/GeneratedConstructorAccessor12'
Event: 329.227 Thread 0x00007fd3300a1660 Unloading class 0x0000000800f28c00 'jdk/internal/reflect/GeneratedConstructorAccessor11'
Event: 329.227 Thread 0x00007fd3300a1660 Unloading class 0x0000000800d98400 'java/lang/invoke/LambdaForm$MH+0x0000000800d98400'
Event: 329.227 Thread 0x00007fd3300a1660 Unloading class 0x0000000800d04000 'java/lang/invoke/LambdaForm$MH+0x0000000800d04000'
Event: 559.169 Thread 0x00007fd3300a1660 Unloading class 0x0000000801103000 'jdk/internal/reflect/GeneratedConstructorAccessor36'

Classes redefined (0 events):
No events

Internal exceptions (20 events):
Event: 115.136 Thread 0x00007fd2b80010d0 Exception <a 'java/lang/NoSuchMethodError'{0x00000000f63bad70}: static [Lorg/eclipse/core/runtime/IPath;.<clinit>()V> (0x00000000f63bad70) 
thrown [src/hotspot/share/prims/jni.cpp, line 1107]
Event: 115.229 Thread 0x00007fd2b80010d0 Exception <a 'java/lang/NoSuchMethodError'{0x00000000f63ed140}: static [J.<clinit>()V> (0x00000000f63ed140) 
thrown [src/hotspot/share/prims/jni.cpp, line 1107]
Event: 116.033 Thread 0x00007fd2a4001130 Exception <a 'java/lang/NoSuchMethodError'{0x00000000f55aeb88}: 'java.lang.Object java.lang.invoke.DirectMethodHandle$Holder.newInvokeSpecial(java.lang.Object, java.lang.Object, java.lang.Object, int, java.lang.Object)'> (0x00000000f55aeb88) 
thrown [src/hotspot/share/interpreter/linkResolver.cpp, line 758]
Event: 116.035 Thread 0x00007fd2a4001130 Exception <a 'java/lang/NoSuchMethodError'{0x00000000f55b2a90}: 'java.lang.Object java.lang.invoke.DirectMethodHandle$Holder.invokeSpecial(java.lang.Object, java.lang.Object, java.lang.Object, java.lang.Object, int, java.lang.Object)'> (0x00000000f55b2a90) 
thrown [src/hotspot/share/interpreter/linkResolver.cpp, line 758]
Event: 116.125 Thread 0x00007fd2a4001130 Exception <a 'java/lang/NoSuchMethodError'{0x00000000f55b62d0}: 'java.lang.Object java.lang.invoke.Invokers$Holder.linkToTargetMethod(java.lang.Object, java.lang.Object, int, java.lang.Object, java.lang.Object)'> (0x00000000f55b62d0) 
thrown [src/hotspot/share/interpreter/linkResolver.cpp, line 758]
Event: 128.533 Thread 0x00007fd2b80010d0 Exception <a 'java/lang/NoSuchMethodError'{0x00000000f5fc8ca0}: 'java.lang.Object java.lang.invoke.DirectMethodHandle$Holder.invokeStatic(java.lang.Object, java.lang.Object, java.lang.Object, long)'> (0x00000000f5fc8ca0) 
thrown [src/hotspot/share/interpreter/linkResolver.cpp, line 758]
Event: 128.625 Thread 0x00007fd2b80010d0 Exception <a 'java/lang/NoSuchMethodError'{0x00000000f606d5a8}: 'java.lang.Object java.lang.invoke.DirectMethodHandle$Holder.newInvokeSpecial(java.lang.Object, java.lang.Object, java.lang.Object, long)'> (0x00000000f606d5a8) 
thrown [src/hotspot/share/interpreter/linkResolver.cpp, line 758]
Event: 128.625 Thread 0x00007fd2b80010d0 Exception <a 'java/lang/NoSuchMethodError'{0x00000000f61ab8e8}: 'java.lang.Object java.lang.invoke.DirectMethodHandle$Holder.invokeSpecial(java.lang.Object, java.lang.Object, java.lang.Object, java.lang.Object, long)'> (0x00000000f61ab8e8) 
thrown [src/hotspot/share/interpreter/linkResolver.cpp, line 758]
Event: 128.626 Thread 0x00007fd2b80010d0 Exception <a 'java/lang/NoSuchMethodError'{0x00000000f61af460}: 'java.lang.Object java.lang.invoke.Invokers$Holder.linkToTargetMethod(java.lang.Object, java.lang.Object, long, java.lang.Object)'> (0x00000000f61af460) 
thrown [src/hotspot/share/interpreter/linkResolver.cpp, line 758]
Event: 128.725 Thread 0x00007fd2b80010d0 Exception <a 'java/io/FileNotFoundException'{0x00000000f631ea98}> (0x00000000f631ea98) 
thrown [src/hotspot/share/prims/jni.cpp, line 516]
Event: 128.732 Thread 0x00007fd2b80010d0 Exception <a 'java/lang/NoSuchMethodError'{0x00000000f63edc78}: 'java.lang.Object java.lang.invoke.DirectMethodHandle$Holder.newInvokeSpecial(java.lang.Object, java.lang.Object, int, java.lang.Object, java.lang.Object)'> (0x00000000f63edc78) 
thrown [src/hotspot/share/interpreter/linkResolver.cpp, line 758]
Event: 128.733 Thread 0x00007fd2b80010d0 Exception <a 'java/lang/NoSuchMethodError'{0x00000000f63f20f8}: 'java.lang.Object java.lang.invoke.DirectMethodHandle$Holder.invokeSpecial(java.lang.Object, java.lang.Object, java.lang.Object, int, java.lang.Object, java.lang.Object)'> (0x00000000f63f20f8) 
thrown [src/hotspot/share/interpreter/linkResolver.cpp, line 758]
Event: 129.029 Thread 0x00007fd2b80010d0 Implicit null exception at 0x00007fd31f148cb0 to 0x00007fd31f148efa
Event: 130.226 Thread 0x00007fd2b80010d0 Exception <a 'java/lang/NoSuchMethodError'{0x00000000f7731b58}: 'java.lang.Object java.lang.invoke.DirectMethodHandle$Holder.invokeStatic(java.lang.Object, java.lang.Object, int, java.lang.Object)'> (0x00000000f7731b58) 
thrown [src/hotspot/share/interpreter/linkResolver.cpp, line 758]
Event: 130.226 Thread 0x00007fd2b80010d0 Exception <a 'java/lang/NoSuchMethodError'{0x00000000f77391f0}: 'java.lang.Object java.lang.invoke.DirectMethodHandle$Holder.newInvokeSpecial(java.lang.Object, java.lang.Object, int)'> (0x00000000f77391f0) 
thrown [src/hotspot/share/interpreter/linkResolver.cpp, line 758]
Event: 135.933 Thread 0x00007fd2ac000ff0 Implicit null exception at 0x00007fd31f167d22 to 0x00007fd31f1680b2
Event: 138.128 Thread 0x00007fd2ac000ff0 Implicit null exception at 0x00007fd31ef8a269 to 0x00007fd31ef8a41b
Event: 161.925 Thread 0x00007fd2c44da640 Implicit null exception at 0x00007fd31f172912 to 0x00007fd31f176af5
Event: 1403.830 Thread 0x00007fd2ac076910 Exception <a 'java/lang/OutOfMemoryError'{0x00000000e0010708}> (0x00000000e0010708) 
thrown [src/hotspot/share/gc/shared/memAllocator.cpp, line 136]
Event: 1425.715 Thread 0x00007fd3300b1c70 Exception <a 'java/lang/OutOfMemoryError'{0x00000000e00109d8}> (0x00000000e00109d8) 
thrown [src/hotspot/share/gc/shared/memAllocator.cpp, line 136]

VM Operations (20 events):
Event: 1410.408 Executing VM operation: ParallelGCFailedAllocation done
Event: 1410.408 Executing VM operation: ParallelGCFailedAllocation
Event: 1411.838 Executing VM operation: ParallelGCFailedAllocation done
Event: 1411.839 Executing VM operation: ParallelGCFailedAllocation
Event: 1412.926 Executing VM operation: ParallelGCFailedAllocation done
Event: 1412.926 Executing VM operation: ParallelGCFailedAllocation
Event: 1414.836 Executing VM operation: ParallelGCFailedAllocation done
Event: 1414.836 Executing VM operation: ParallelGCFailedAllocation
Event: 1416.970 Executing VM operation: ParallelGCFailedAllocation done
Event: 1416.970 Executing VM operation: ParallelGCFailedAllocation
Event: 1418.849 Executing VM operation: ParallelGCFailedAllocation done
Event: 1418.850 Executing VM operation: ParallelGCFailedAllocation
Event: 1420.832 Executing VM operation: ParallelGCFailedAllocation done
Event: 1420.832 Executing VM operation: ParallelGCFailedAllocation
Event: 1422.381 Executing VM operation: ParallelGCFailedAllocation done
Event: 1422.381 Executing VM operation: ParallelGCFailedAllocation
Event: 1423.997 Executing VM operation: ParallelGCFailedAllocation done
Event: 1423.998 Executing VM operation: ParallelGCFailedAllocation
Event: 1425.715 Executing VM operation: ParallelGCFailedAllocation done
Event: 1425.716 Executing VM operation: ParallelGCFailedAllocation

Events (20 events):
Event: 478.146 Thread 0x00007fd3300b41e0 flushing nmethod 0x00007fd318be1410
Event: 478.146 Thread 0x00007fd3300b41e0 flushing nmethod 0x00007fd318be1790
Event: 478.146 Thread 0x00007fd3300b41e0 flushing nmethod 0x00007fd318bfc210
Event: 478.146 Thread 0x00007fd3300b41e0 flushing nmethod 0x00007fd318c11c10
Event: 478.146 Thread 0x00007fd3300b41e0 flushing nmethod 0x00007fd318c19f10
Event: 478.147 Thread 0x00007fd3300b41e0 flushing nmethod 0x00007fd318c9b910
Event: 478.147 Thread 0x00007fd3300b41e0 flushing nmethod 0x00007fd318cd3890
Event: 478.147 Thread 0x00007fd3300b41e0 flushing nmethod 0x00007fd318cd9310
Event: 478.147 Thread 0x00007fd3300b41e0 flushing nmethod 0x00007fd318d31690
Event: 478.147 Thread 0x00007fd3300b41e0 flushing nmethod 0x00007fd318da9790
Event: 478.147 Thread 0x00007fd3300b41e0 flushing nmethod 0x00007fd318da9f10
Event: 478.147 Thread 0x00007fd3300b41e0 flushing nmethod 0x00007fd318dabb10
Event: 478.147 Thread 0x00007fd3300b41e0 flushing nmethod 0x00007fd318db7910
Event: 478.147 Thread 0x00007fd3300b41e0 flushing nmethod 0x00007fd318ddb090
Event: 478.147 Thread 0x00007fd3300b41e0 flushing nmethod 0x00007fd318ddbe10
Event: 478.147 Thread 0x00007fd3300b41e0 flushing nmethod 0x00007fd318ddeb10
Event: 478.147 Thread 0x00007fd3300b41e0 flushing nmethod 0x00007fd318de0290
Event: 478.147 Thread 0x00007fd3300b41e0 flushing nmethod 0x00007fd318de1290
Event: 478.147 Thread 0x00007fd3300b41e0 flushing nmethod 0x00007fd318de8e10
Event: 478.148 Thread 0x00007fd3300b41e0 flushing nmethod 0x00007fd318e2fd90


Dynamic libraries:
e0000000-f0980000 rw-p 00000000 00:00 0 
f0980000-fa280000 rw-p 00000000 00:00 0 
fa280000-100000000 ---p 00000000 00:00 0 
800000000-800449000 rw-p 00001000 00:f2e 4611686019135357769             /nix/store/gpxl5qgg8kicmcvivwmybwjlpf7wh20l-graalvm17-ce-22.3.0/lib/server/classes.jsa
800449000-800bc8000 r--p 0044a000 00:f2e 4611686019135357769             /nix/store/gpxl5qgg8kicmcvivwmybwjlpf7wh20l-graalvm17-ce-22.3.0/lib/server/classes.jsa
800bc8000-800c00000 ---p 00000000 00:00 0 
800c00000-800c10000 rw-p 00000000 00:00 0 
800c10000-800c30000 rw-p 00000000 00:00 0 
800c30000-800cb0000 rw-p 00000000 00:00 0 
800cb0000-800cf0000 rw-p 00000000 00:00 0 
800cf0000-800db0000 rw-p 00000000 00:00 0 
800db0000-800df0000 rw-p 00000000 00:00 0 
800df0000-800f70000 rw-p 00000000 00:00 0 
800f70000-800fb0000 rw-p 00000000 00:00 0 
800fb0000-800ff0000 rw-p 00000000 00:00 0 
800ff0000-8011d0000 rw-p 00000000 00:00 0 
8011d0000-8011e0000 ---p 00000000 00:00 0 
8011e0000-8011f0000 rw-p 00000000 00:00 0 
8011f0000-840c00000 ---p 00000000 00:00 0 
561178ae9000-561178aea000 r-xp 00000000 00:f2e 4611686019099417844       /nix/store/gpxl5qgg8kicmcvivwmybwjlpf7wh20l-graalvm17-ce-22.3.0/bin/.java-wrapped
561178aeb000-561178aec000 r--p 00001000 00:f2e 4611686019099417844       /nix/store/gpxl5qgg8kicmcvivwmybwjlpf7wh20l-graalvm17-ce-22.3.0/bin/.java-wrapped
561178aec000-561178aed000 rw-p 00002000 00:f2e 4611686019099417844       /nix/store/gpxl5qgg8kicmcvivwmybwjlpf7wh20l-graalvm17-ce-22.3.0/bin/.java-wrapped
561178aed000-561178aee000 rw-p 00004000 00:f2e 4611686019099417844       /nix/store/gpxl5qgg8kicmcvivwmybwjlpf7wh20l-graalvm17-ce-22.3.0/bin/.java-wrapped
561178aee000-561178aef000 rw-p 00005000 00:f2e 4611686019099417844       /nix/store/gpxl5qgg8kicmcvivwmybwjlpf7wh20l-graalvm17-ce-22.3.0/bin/.java-wrapped
561178e4a000-561178e92000 rw-p 00000000 00:00 0                          [heap]
7fd2864b3000-7fd290000000 r--s 00000000 00:f2e 4611686019135192581       /nix/store/gpxl5qgg8kicmcvivwmybwjlpf7wh20l-graalvm17-ce-22.3.0/lib/modules
7fd290000000-7fd290021000 rw-p 00000000 00:00 0 
7fd290021000-7fd294000000 ---p 00000000 00:00 0 
7fd294000000-7fd294021000 rw-p 00000000 00:00 0 
7fd294021000-7fd298000000 ---p 00000000 00:00 0 
7fd298000000-7fd2984ae000 rw-p 00000000 00:00 0 
7fd2984ae000-7fd29c000000 ---p 00000000 00:00 0 
7fd29c000000-7fd29c177000 rw-p 00000000 00:00 0 
7fd29c177000-7fd2a0000000 ---p 00000000 00:00 0 
7fd2a0800000-7fd2a0af0000 rw-p 00000000 00:00 0 
7fd2a0af0000-7fd2a0b40000 rw-p 00000000 00:00 0 
7fd2a0b40000-7fd2a0c00000 ---p 00000000 00:00 0 
7fd2a0c00000-7fd2a0db0000 rw-p 00000000 00:00 0 
7fd2a0db0000-7fd2a1000000 ---p 00000000 00:00 0 
7fd2a1800000-7fd2a19b0000 rw-p 00000000 00:00 0 
7fd2a19b0000-7fd2a19f0000 rw-p 00000000 00:00 0 
7fd2a19f0000-7fd2a1ff0000 rw-p 00000000 00:00 0 
7fd2a1ff0000-7fd2a2000000 rw-p 00000000 00:00 0 
7fd2a3000000-7fd2a31d0000 rw-p 00000000 00:00 0 
7fd2a31d0000-7fd2a32f0000 rw-p 00000000 00:00 0 
7fd2a32f0000-7fd2a33f0000 rw-p 00000000 00:00 0 
7fd2a33f0000-7fd2a37f0000 rw-p 00000000 00:00 0 
7fd2a37f0000-7fd2a38f0000 rw-p 00000000 00:00 0 
7fd2a38f0000-7fd2a39f0000 rw-p 00000000 00:00 0 
7fd2a39f0000-7fd2a3af0000 rw-p 00000000 00:00 0 
7fd2a3af0000-7fd2a3cd0000 rw-p 00000000 00:00 0 
7fd2a3cd0000-7fd2a3cf0000 rw-p 00000000 00:00 0 
7fd2a3cf0000-7fd2a3ef0000 rw-p 00000000 00:00 0 
7fd2a3ef0000-7fd2a4000000 rw-p 00000000 00:00 0 
7fd2a4000000-7fd2a420d000 rw-p 00000000 00:00 0 
7fd2a420d000-7fd2a8000000 ---p 00000000 00:00 0 
7fd2a8000000-7fd2a8021000 rw-p 00000000 00:00 0 
7fd2a8021000-7fd2ac000000 ---p 00000000 00:00 0 
7fd2ac000000-7fd2ac08e000 rw-p 00000000 00:00 0 
7fd2ac08e000-7fd2b0000000 ---p 00000000 00:00 0 
7fd2b0000000-7fd2b006a000 rw-p 00000000 00:00 0 
7fd2b006a000-7fd2b4000000 ---p 00000000 00:00 0 
7fd2b4000000-7fd2b4021000 rw-p 00000000 00:00 0 
7fd2b4021000-7fd2b8000000 ---p 00000000 00:00 0 
7fd2b8000000-7fd2b8323000 rw-p 00000000 00:00 0 
7fd2b8323000-7fd2bc000000 ---p 00000000 00:00 0 
7fd2bc000000-7fd2bc021000 rw-p 00000000 00:00 0 
7fd2bc021000-7fd2c0000000 ---p 00000000 00:00 0 
7fd2c0000000-7fd2c0021000 rw-p 00000000 00:00 0 
7fd2c0021000-7fd2c4000000 ---p 00000000 00:00 0 
7fd2c4000000-7fd2c4906000 rw-p 00000000 00:00 0 
7fd2c4906000-7fd2c8000000 ---p 00000000 00:00 0 
7fd2c8000000-7fd2c8026000 rw-p 00000000 00:00 0 
7fd2c8026000-7fd2cc000000 ---p 00000000 00:00 0 
7fd2cc000000-7fd2cc021000 rw-p 00000000 00:00 0 
7fd2cc021000-7fd2d0000000 ---p 00000000 00:00 0 
7fd2d0000000-7fd2d0021000 rw-p 00000000 00:00 0 
7fd2d0021000-7fd2d4000000 ---p 00000000 00:00 0 
7fd2d4000000-7fd2d4032000 rw-p 00000000 00:00 0 
7fd2d4032000-7fd2d8000000 ---p 00000000 00:00 0 
7fd2d8400000-7fd2d84f0000 rw-p 00000000 00:00 0 
7fd2d84f0000-7fd2d85f0000 rw-p 00000000 00:00 0 
7fd2d85f0000-7fd2d8bf0000 rw-p 00000000 00:00 0 
7fd2d8bf0000-7fd2d8c00000 rw-p 00000000 00:00 0 
7fd2d9000000-7fd2d90f0000 rw-p 00000000 00:00 0 
7fd2d90f0000-7fd2d91f0000 rw-p 00000000 00:00 0 
7fd2d91f0000-7fd2d94f0000 rw-p 00000000 00:00 0 
7fd2d94f0000-7fd2d95f0000 rw-p 00000000 00:00 0 
7fd2d95f0000-7fd2d97f0000 rw-p 00000000 00:00 0 
7fd2d97f0000-7fd2d9800000 rw-p 00000000 00:00 0 
7fd2d9a00000-7fd2d9a10000 r-xp 00000000 00:f1b 369                       /home/runner/.cache/jdt-language-server/config/org.eclipse.equinox.launcher/org.eclipse.equinox.launcher.gtk.linux.x86_64_1.2.400.v20211117-0650/eclipse_11600.so
7fd2d9a10000-7fd2d9c0f000 ---p 00010000 00:f1b 369                       /home/runner/.cache/jdt-language-server/config/org.eclipse.equinox.launcher/org.eclipse.equinox.launcher.gtk.linux.x86_64_1.2.400.v20211117-0650/eclipse_11600.so
7fd2d9c0f000-7fd2d9c10000 r--p 0000f000 00:f1b 369                       /home/runner/.cache/jdt-language-server/config/org.eclipse.equinox.launcher/org.eclipse.equinox.launcher.gtk.linux.x86_64_1.2.400.v20211117-0650/eclipse_11600.so
7fd2d9c10000-7fd2d9c11000 rw-p 00010000 00:f1b 369                       /home/runner/.cache/jdt-language-server/config/org.eclipse.equinox.launcher/org.eclipse.equinox.launcher.gtk.linux.x86_64_1.2.400.v20211117-0650/eclipse_11600.so
7fd2d9f00000-7fd2da000000 ---p 00000000 00:00 0 
7fd2da000000-7fd2da5af000 r--p 01122000 00:f2e 4611686019135190040       /nix/store/gpxl5qgg8kicmcvivwmybwjlpf7wh20l-graalvm17-ce-22.3.0/lib/libjvmcicompiler.so
7fd2da5af000-7fd2da700000 r--p 00000000 00:00 0 
7fd2da700000-7fd2da73d000 rw-p 00000000 00:00 0 
7fd2da73d000-7fd2dac5d000 rw-p 0185f000 00:f2e 4611686019135190040       /nix/store/gpxl5qgg8kicmcvivwmybwjlpf7wh20l-graalvm17-ce-22.3.0/lib/libjvmcicompiler.so
7fd2dac5d000-7fd2db044000 r--p 01d7f000 00:f2e 4611686019135190040       /nix/store/gpxl5qgg8kicmcvivwmybwjlpf7wh20l-graalvm17-ce-22.3.0/lib/libjvmcicompiler.so
7fd2db100000-7fd2db104000 ---p 00000000 00:00 0 
7fd2db104000-7fd2db200000 rw-p 00000000 00:00 0 
7fd2db300000-7fd2db304000 ---p 00000000 00:00 0 
7fd2db304000-7fd2db400000 rw-p 00000000 00:00 0 
7fd2db500000-7fd2db504000 ---p 00000000 00:00 0 
7fd2db504000-7fd2db600000 rw-p 00000000 00:00 0 
7fd2db700000-7fd2db704000 ---p 00000000 00:00 0 
7fd2db704000-7fd2db800000 rw-p 00000000 00:00 0 
7fd2db900000-7fd2db904000 ---p 00000000 00:00 0 
7fd2db904000-7fd2dba00000 rw-p 00000000 00:00 0 
7fd2dbb00000-7fd2dbb04000 ---p 00000000 00:00 0 
7fd2dbb04000-7fd2dbc00000 rw-p 00000000 00:00 0 
7fd2dbd00000-7fd2dbd04000 ---p 00000000 00:00 0 
7fd2dbd04000-7fd2dbe00000 rw-p 00000000 00:00 0 
7fd2dbf00000-7fd2dbf04000 ---p 00000000 00:00 0 
7fd2dbf04000-7fd2dc000000 rw-p 00000000 00:00 0 
7fd2dc100000-7fd2dc104000 ---p 00000000 00:00 0 
7fd2dc104000-7fd2dc200000 rw-p 00000000 00:00 0 
7fd2dc300000-7fd2dc304000 ---p 00000000 00:00 0 
7fd2dc304000-7fd2dc400000 rw-p 00000000 00:00 0 
7fd2dc500000-7fd2dc504000 ---p 00000000 00:00 0 
7fd2dc504000-7fd2dc600000 rw-p 00000000 00:00 0 
7fd2dc700000-7fd2dc704000 ---p 00000000 00:00 0 
7fd2dc704000-7fd2dc800000 rw-p 00000000 00:00 0 
7fd2dc900000-7fd2dc904000 ---p 00000000 00:00 0 
7fd2dc904000-7fd2dca00000 rw-p 00000000 00:00 0 
7fd2dd668000-7fd2ddb00000 rw-p 00000000 00:00 0 
7fd2ddc00000-7fd2dfd6a000 r-xp 00000000 00:f2e 4611686019135190040       /nix/store/gpxl5qgg8kicmcvivwmybwjlpf7wh20l-graalvm17-ce-22.3.0/lib/libjvmcicompiler.so
7fd2dfd6a000-7fd2dff69000 ---p 0216a000 00:f2e 4611686019135190040       /nix/store/gpxl5qgg8kicmcvivwmybwjlpf7wh20l-graalvm17-ce-22.3.0/lib/libjvmcicompiler.so
7fd2dff69000-7fd2dff6a000 r--p 02169000 00:f2e 4611686019135190040       /nix/store/gpxl5qgg8kicmcvivwmybwjlpf7wh20l-graalvm17-ce-22.3.0/lib/libjvmcicompiler.so
7fd2dff6a000-7fd2dff6c000 rw-p 0216a000 00:f2e 4611686019135190040       /nix/store/gpxl5qgg8kicmcvivwmybwjlpf7wh20l-graalvm17-ce-22.3.0/lib/libjvmcicompiler.so
7fd2dff6c000-7fd2dff6d000 rw-p 00000000 00:00 0 
7fd2dff6d000-7fd2dff72000 rw-p 023c3000 00:f2e 4611686019135190040       /nix/store/gpxl5qgg8kicmcvivwmybwjlpf7wh20l-graalvm17-ce-22.3.0/lib/libjvmcicompiler.so
7fd2e0000000-7fd2e0021000 rw-p 00000000 00:00 0 
7fd2e0021000-7fd2e4000000 ---p 00000000 00:00 0 
7fd2e4000000-7fd2e4021000 rw-p 00000000 00:00 0 
7fd2e4021000-7fd2e8000000 ---p 00000000 00:00 0 
7fd2e8000000-7fd2e8059000 rw-p 00000000 00:00 0 
7fd2e8059000-7fd2ec000000 ---p 00000000 00:00 0 
7fd2ec000000-7fd2ec021000 rw-p 00000000 00:00 0 
7fd2ec021000-7fd2f0000000 ---p 00000000 00:00 0 
7fd2f0000000-7fd2f00e1000 rw-p 00000000 00:00 0 
7fd2f00e1000-7fd2f4000000 ---p 00000000 00:00 0 
7fd2f4000000-7fd2f4c79000 rw-p 00000000 00:00 0 
7fd2f4c79000-7fd2f8000000 ---p 00000000 00:00 0 
7fd2f8000000-7fd2f8021000 rw-p 00000000 00:00 0 
7fd2f8021000-7fd2fc000000 ---p 00000000 00:00 0 
7fd2fc000000-7fd2fc021000 rw-p 00000000 00:00 0 
7fd2fc021000-7fd300000000 ---p 00000000 00:00 0 
7fd300000000-7fd300021000 rw-p 00000000 00:00 0 
7fd300021000-7fd304000000 ---p 00000000 00:00 0 
7fd304000000-7fd304021000 rw-p 00000000 00:00 0 
7fd304021000-7fd308000000 ---p 00000000 00:00 0 
7fd308000000-7fd308021000 rw-p 00000000 00:00 0 
7fd308021000-7fd30c000000 ---p 00000000 00:00 0 
7fd30c000000-7fd30c021000 rw-p 00000000 00:00 0 
7fd30c021000-7fd310000000 ---p 00000000 00:00 0 
7fd310000000-7fd31004a000 rw-p 00000000 00:00 0 
7fd31004a000-7fd314000000 ---p 00000000 00:00 0 
7fd314100000-7fd314104000 ---p 00000000 00:00 0 
7fd314104000-7fd314200000 rw-p 00000000 00:00 0 
7fd314300000-7fd314304000 ---p 00000000 00:00 0 
7fd314304000-7fd314400000 rw-p 00000000 00:00 0 
7fd314500000-7fd314504000 ---p 00000000 00:00 0 
7fd314504000-7fd314600000 rw-p 00000000 00:00 0 
7fd314616000-7fd31461a000 ---p 00000000 00:00 0 
7fd31461a000-7fd314716000 rw-p 00000000 00:00 0 
7fd314716000-7fd314717000 ---p 00000000 00:00 0 
7fd314717000-7fd314818000 rw-p 00000000 00:00 0 
7fd314818000-7fd31481c000 ---p 00000000 00:00 0 
7fd31481c000-7fd314918000 rw-p 00000000 00:00 0 
7fd314918000-7fd31491c000 ---p 00000000 00:00 0 
7fd31491c000-7fd314a18000 rw-p 00000000 00:00 0 
7fd314a18000-7fd314a1c000 ---p 00000000 00:00 0 
7fd314a1c000-7fd314b18000 rw-p 00000000 00:00 0 
7fd314b18000-7fd314b1c000 ---p 00000000 00:00 0 
7fd314b1c000-7fd314d18000 rw-p 00000000 00:00 0 
7fd314d18000-7fd314d1c000 ---p 00000000 00:00 0 
7fd314d1c000-7fd314f18000 rw-p 00000000 00:00 0 
7fd314f18000-7fd314f1c000 ---p 00000000 00:00 0 
7fd314f1c000-7fd315018000 rw-p 00000000 00:00 0 
7fd315018000-7fd31501c000 ---p 00000000 00:00 0 
7fd31501c000-7fd315118000 rw-p 00000000 00:00 0 
7fd315118000-7fd31511c000 ---p 00000000 00:00 0 
7fd31511c000-7fd315218000 rw-p 00000000 00:00 0 
7fd315218000-7fd3154fe000 r--p 00000000 00:f0c 28444448                  /usr/lib/locale/locale-archive
7fd3154fe000-7fd315502000 ---p 00000000 00:00 0 
7fd315502000-7fd3155fe000 rw-p 00000000 00:00 0 
7fd3155fe000-7fd315602000 ---p 00000000 00:00 0 
7fd315602000-7fd3156fe000 rw-p 00000000 00:00 0 
7fd3156fe000-7fd3156ff000 ---p 00000000 00:00 0 
7fd3156ff000-7fd315bf0000 rw-p 00000000 00:00 0 
7fd315bf0000-7fd315ef0000 rw-p 00000000 00:00 0 
7fd315ef0000-7fd316000000 rw-p 00000000 00:00 0 
7fd316066000-7fd31606a000 ---p 00000000 00:00 0 
7fd31606a000-7fd316088000 rw-p 00000000 00:00 0 
7fd316088000-7fd31608f000 r-xp 00000000 00:f2e 4611686019135192580       /nix/store/gpxl5qgg8kicmcvivwmybwjlpf7wh20l-graalvm17-ce-22.3.0/lib/libzip.so
7fd31608f000-7fd316090000 ---p 00007000 00:f2e 4611686019135192580       /nix/store/gpxl5qgg8kicmcvivwmybwjlpf7wh20l-graalvm17-ce-22.3.0/lib/libzip.so
7fd316090000-7fd316091000 r--p 00007000 00:f2e 4611686019135192580       /nix/store/gpxl5qgg8kicmcvivwmybwjlpf7wh20l-graalvm17-ce-22.3.0/lib/libzip.so
7fd316091000-7fd316092000 rw-p 00008000 00:f2e 4611686019135192580       /nix/store/gpxl5qgg8kicmcvivwmybwjlpf7wh20l-graalvm17-ce-22.3.0/lib/libzip.so
7fd316092000-7fd316094000 rw-p 0000b000 00:f2e 4611686019135192580       /nix/store/gpxl5qgg8kicmcvivwmybwjlpf7wh20l-graalvm17-ce-22.3.0/lib/libzip.so
7fd316094000-7fd3160a9000 r-xp 00000000 00:f2e 4611686019135192570       /nix/store/gpxl5qgg8kicmcvivwmybwjlpf7wh20l-graalvm17-ce-22.3.0/lib/libnet.so
7fd3160a9000-7fd3160aa000 ---p 00015000 00:f2e 4611686019135192570       /nix/store/gpxl5qgg8kicmcvivwmybwjlpf7wh20l-graalvm17-ce-22.3.0/lib/libnet.so
7fd3160aa000-7fd3160ab000 r--p 00015000 00:f2e 4611686019135192570       /nix/store/gpxl5qgg8kicmcvivwmybwjlpf7wh20l-graalvm17-ce-22.3.0/lib/libnet.so
7fd3160ab000-7fd3160ac000 rw-p 00016000 00:f2e 4611686019135192570       /nix/store/gpxl5qgg8kicmcvivwmybwjlpf7wh20l-graalvm17-ce-22.3.0/lib/libnet.so
7fd3160ac000-7fd3160af000 rw-p 0001b000 00:f2e 4611686019135192570       /nix/store/gpxl5qgg8kicmcvivwmybwjlpf7wh20l-graalvm17-ce-22.3.0/lib/libnet.so
7fd3160af000-7fd3174b3000 rw-p 00000000 00:00 0 
7fd3174b3000-7fd317723000 rwxp 00000000 00:00 0 
7fd317723000-7fd317a42000 ---p 00000000 00:00 0 
7fd317a42000-7fd318f82000 rwxp 00000000 00:00 0 
7fd318f82000-7fd31ef7a000 ---p 00000000 00:00 0 
7fd31ef7a000-7fd31f21a000 rwxp 00000000 00:00 0 
7fd31f21a000-7fd3264b3000 ---p 00000000 00:00 0 
7fd3264b3000-7fd330000000 r--s 00000000 00:f2e 4611686019135192581       /nix/store/gpxl5qgg8kicmcvivwmybwjlpf7wh20l-graalvm17-ce-22.3.0/lib/modules
7fd330000000-7fd33060a000 rw-p 00000000 00:00 0 
7fd33060a000-7fd334000000 ---p 00000000 00:00 0 
7fd334005000-7fd334007000 r-xp 00000000 00:f2e 4611686019135190017       /nix/store/gpxl5qgg8kicmcvivwmybwjlpf7wh20l-graalvm17-ce-22.3.0/lib/libextnet.so
7fd334007000-7fd334008000 r--p 00001000 00:f2e 4611686019135190017       /nix/store/gpxl5qgg8kicmcvivwmybwjlpf7wh20l-graalvm17-ce-22.3.0/lib/libextnet.so
7fd334008000-7fd334009000 rw-p 00002000 00:f2e 4611686019135190017       /nix/store/gpxl5qgg8kicmcvivwmybwjlpf7wh20l-graalvm17-ce-22.3.0/lib/libextnet.so
7fd334009000-7fd33400a000 rw-p 00004000 00:f2e 4611686019135190017       /nix/store/gpxl5qgg8kicmcvivwmybwjlpf7wh20l-graalvm17-ce-22.3.0/lib/libextnet.so
7fd33400a000-7fd33401d000 r-xp 00000000 00:f2e 4611686019135192571       /nix/store/gpxl5qgg8kicmcvivwmybwjlpf7wh20l-graalvm17-ce-22.3.0/lib/libnio.so
7fd33401d000-7fd33401e000 r--p 00012000 00:f2e 4611686019135192571       /nix/store/gpxl5qgg8kicmcvivwmybwjlpf7wh20l-graalvm17-ce-22.3.0/lib/libnio.so
7fd33401e000-7fd33401f000 rw-p 00013000 00:f2e 4611686019135192571       /nix/store/gpxl5qgg8kicmcvivwmybwjlpf7wh20l-graalvm17-ce-22.3.0/lib/libnio.so
7fd33401f000-7fd334024000 rw-p 00019000 00:f2e 4611686019135192571       /nix/store/gpxl5qgg8kicmcvivwmybwjlpf7wh20l-graalvm17-ce-22.3.0/lib/libnio.so
7fd334024000-7fd3340f2000 r-xp 00000000 00:f2e 4611686019135190036       /nix/store/gpxl5qgg8kicmcvivwmybwjlpf7wh20l-graalvm17-ce-22.3.0/lib/libjsvml.so
7fd3340f2000-7fd3340f3000 r--p 000cd000 00:f2e 4611686019135190036       /nix/store/gpxl5qgg8kicmcvivwmybwjlpf7wh20l-graalvm17-ce-22.3.0/lib/libjsvml.so
7fd3340f3000-7fd3340f4000 rw-p 000ce000 00:f2e 4611686019135190036       /nix/store/gpxl5qgg8kicmcvivwmybwjlpf7wh20l-graalvm17-ce-22.3.0/lib/libjsvml.so
7fd3340f4000-7fd3345c8000 rw-p 00000000 00:00 0 
7fd3345c8000-7fd3345c9000 ---p 00000000 00:00 0 
7fd3345c9000-7fd33474f000 rw-p 00000000 00:00 0 
7fd33474f000-7fd33479c000 rw-p 00000000 00:00 0 
7fd33479c000-7fd3347ca000 ---p 00000000 00:00 0 
7fd3347ca000-7fd3347d1000 rw-p 00000000 00:00 0 
7fd3347d1000-7fd3348b6000 ---p 00000000 00:00 0 
7fd3348b6000-7fd3348e1000 rw-p 00000000 00:00 0 
7fd3348e1000-7fd3349a1000 ---p 00000000 00:00 0 
7fd3349a1000-7fd3349a6000 rw-p 00000000 00:00 0 
7fd3349a6000-7fd3349ad000 ---p 00000000 00:00 0 
7fd3349ad000-7fd3349d1000 r-xp 00000000 00:f2e 4611686019135190028       /nix/store/gpxl5qgg8kicmcvivwmybwjlpf7wh20l-graalvm17-ce-22.3.0/lib/libjava.so
7fd3349d1000-7fd3349d2000 ---p 00024000 00:f2e 4611686019135190028       /nix/store/gpxl5qgg8kicmcvivwmybwjlpf7wh20l-graalvm17-ce-22.3.0/lib/libjava.so
7fd3349d2000-7fd3349d3000 r--p 00024000 00:f2e 4611686019135190028       /nix/store/gpxl5qgg8kicmcvivwmybwjlpf7wh20l-graalvm17-ce-22.3.0/lib/libjava.so
7fd3349d3000-7fd3349d4000 rw-p 00025000 00:f2e 4611686019135190028       /nix/store/gpxl5qgg8kicmcvivwmybwjlpf7wh20l-graalvm17-ce-22.3.0/lib/libjava.so
7fd3349d4000-7fd3349d5000 rw-p 00000000 00:00 0 
7fd3349d5000-7fd3349dc000 rw-p 0002f000 00:f2e 4611686019135190028       /nix/store/gpxl5qgg8kicmcvivwmybwjlpf7wh20l-graalvm17-ce-22.3.0/lib/libjava.so
7fd3349dc000-7fd3349e4000 rw-s 00000000 00:f03 364                       /tmp/hsperfdata_runner/27
7fd3349e4000-7fd3349e5000 ---p 00000000 00:00 0 
7fd3349e5000-7fd3349e6000 r--p 00000000 00:00 0 
7fd3349e6000-7fd3349e7000 rwxp 00000000 00:00 0 
7fd3349e7000-7fd334a02000 r-xp 00000000 00:f2e 4611686019135190032       /nix/store/gpxl5qgg8kicmcvivwmybwjlpf7wh20l-graalvm17-ce-22.3.0/lib/libjimage.so
7fd334a02000-7fd334a03000 ---p 0001b000 00:f2e 4611686019135190032       /nix/store/gpxl5qgg8kicmcvivwmybwjlpf7wh20l-graalvm17-ce-22.3.0/lib/libjimage.so
7fd334a03000-7fd334a05000 r--p 0001b000 00:f2e 4611686019135190032       /nix/store/gpxl5qgg8kicmcvivwmybwjlpf7wh20l-graalvm17-ce-22.3.0/lib/libjimage.so
7fd334a05000-7fd334a06000 rw-p 0001d000 00:f2e 4611686019135190032       /nix/store/gpxl5qgg8kicmcvivwmybwjlpf7wh20l-graalvm17-ce-22.3.0/lib/libjimage.so
7fd334a06000-7fd334a07000 rw-p 00024000 00:f2e 4611686019135190032       /nix/store/gpxl5qgg8kicmcvivwmybwjlpf7wh20l-graalvm17-ce-22.3.0/lib/libjimage.so
7fd334a07000-7fd334a0b000 ---p 00000000 00:00 0 
7fd334a0b000-7fd334b07000 rw-p 00000000 00:00 0 
7fd334b07000-7fd334b15000 r--p 00000000 00:f2e 4611686019027979927       /nix/store/4nlgxhb09sdr51nc9hdm8az5b08vzkgx-glibc-2.35-163/lib/libm.so.6
7fd334b15000-7fd334b88000 r-xp 0000e000 00:f2e 4611686019027979927       /nix/store/4nlgxhb09sdr51nc9hdm8az5b08vzkgx-glibc-2.35-163/lib/libm.so.6
7fd334b88000-7fd334be5000 r--p 00081000 00:f2e 4611686019027979927       /nix/store/4nlgxhb09sdr51nc9hdm8az5b08vzkgx-glibc-2.35-163/lib/libm.so.6
7fd334be5000-7fd334be6000 r--p 000dd000 00:f2e 4611686019027979927       /nix/store/4nlgxhb09sdr51nc9hdm8az5b08vzkgx-glibc-2.35-163/lib/libm.so.6
7fd334be6000-7fd334be7000 rw-p 000de000 00:f2e 4611686019027979927       /nix/store/4nlgxhb09sdr51nc9hdm8az5b08vzkgx-glibc-2.35-163/lib/libm.so.6
7fd334be7000-7fd334be8000 r--p 00000000 00:f2e 4611686019027979946       /nix/store/4nlgxhb09sdr51nc9hdm8az5b08vzkgx-glibc-2.35-163/lib/librt.so.1
7fd334be8000-7fd334be9000 r-xp 00001000 00:f2e 4611686019027979946       /nix/store/4nlgxhb09sdr51nc9hdm8az5b08vzkgx-glibc-2.35-163/lib/librt.so.1
7fd334be9000-7fd334bea000 r--p 00002000 00:f2e 4611686019027979946       /nix/store/4nlgxhb09sdr51nc9hdm8az5b08vzkgx-glibc-2.35-163/lib/librt.so.1
7fd334bea000-7fd334beb000 r--p 00002000 00:f2e 4611686019027979946       /nix/store/4nlgxhb09sdr51nc9hdm8az5b08vzkgx-glibc-2.35-163/lib/librt.so.1
7fd334beb000-7fd334bec000 rw-p 00003000 00:f2e 4611686019027979946       /nix/store/4nlgxhb09sdr51nc9hdm8az5b08vzkgx-glibc-2.35-163/lib/librt.so.1
7fd334bec000-7fd335cff000 r-xp 00000000 00:f2e 4611686019135360866       /nix/store/gpxl5qgg8kicmcvivwmybwjlpf7wh20l-graalvm17-ce-22.3.0/lib/server/libjvm.so
7fd335cff000-7fd335d00000 ---p 01113000 00:f2e 4611686019135360866       /nix/store/gpxl5qgg8kicmcvivwmybwjlpf7wh20l-graalvm17-ce-22.3.0/lib/server/libjvm.so
7fd335d00000-7fd335db5000 r--p 01113000 00:f2e 4611686019135360866       /nix/store/gpxl5qgg8kicmcvivwmybwjlpf7wh20l-graalvm17-ce-22.3.0/lib/server/libjvm.so
7fd335db5000-7fd335de9000 rw-p 011c8000 00:f2e 4611686019135360866       /nix/store/gpxl5qgg8kicmcvivwmybwjlpf7wh20l-graalvm17-ce-22.3.0/lib/server/libjvm.so
7fd335de9000-7fd335e45000 rw-p 00000000 00:00 0 
7fd335e45000-7fd335e6d000 r--p 00000000 00:f2e 4611686019027979918       /nix/store/4nlgxhb09sdr51nc9hdm8az5b08vzkgx-glibc-2.35-163/lib/libc.so.6
7fd335e6d000-7fd335fe3000 r-xp 00028000 00:f2e 4611686019027979918       /nix/store/4nlgxhb09sdr51nc9hdm8az5b08vzkgx-glibc-2.35-163/lib/libc.so.6
7fd335fe3000-7fd33603b000 r--p 0019e000 00:f2e 4611686019027979918       /nix/store/4nlgxhb09sdr51nc9hdm8az5b08vzkgx-glibc-2.35-163/lib/libc.so.6
7fd33603b000-7fd33603f000 r--p 001f6000 00:f2e 4611686019027979918       /nix/store/4nlgxhb09sdr51nc9hdm8az5b08vzkgx-glibc-2.35-163/lib/libc.so.6
7fd33603f000-7fd336041000 rw-p 001fa000 00:f2e 4611686019027979918       /nix/store/4nlgxhb09sdr51nc9hdm8az5b08vzkgx-glibc-2.35-163/lib/libc.so.6
7fd336041000-7fd336050000 rw-p 00000000 00:00 0 
7fd336050000-7fd336051000 r--p 00000000 00:f2e 4611686019027979923       /nix/store/4nlgxhb09sdr51nc9hdm8az5b08vzkgx-glibc-2.35-163/lib/libdl.so.2
7fd336051000-7fd336052000 r-xp 00001000 00:f2e 4611686019027979923       /nix/store/4nlgxhb09sdr51nc9hdm8az5b08vzkgx-glibc-2.35-163/lib/libdl.so.2
7fd336052000-7fd336053000 r--p 00002000 00:f2e 4611686019027979923       /nix/store/4nlgxhb09sdr51nc9hdm8az5b08vzkgx-glibc-2.35-163/lib/libdl.so.2
7fd336053000-7fd336054000 r--p 00002000 00:f2e 4611686019027979923       /nix/store/4nlgxhb09sdr51nc9hdm8az5b08vzkgx-glibc-2.35-163/lib/libdl.so.2
7fd336054000-7fd336055000 rw-p 00003000 00:f2e 4611686019027979923       /nix/store/4nlgxhb09sdr51nc9hdm8az5b08vzkgx-glibc-2.35-163/lib/libdl.so.2
7fd336055000-7fd336056000 r--p 00000000 00:f2e 4611686019027979942       /nix/store/4nlgxhb09sdr51nc9hdm8az5b08vzkgx-glibc-2.35-163/lib/libpthread.so.0
7fd336056000-7fd336057000 r-xp 00001000 00:f2e 4611686019027979942       /nix/store/4nlgxhb09sdr51nc9hdm8az5b08vzkgx-glibc-2.35-163/lib/libpthread.so.0
7fd336057000-7fd336058000 r--p 00002000 00:f2e 4611686019027979942       /nix/store/4nlgxhb09sdr51nc9hdm8az5b08vzkgx-glibc-2.35-163/lib/libpthread.so.0
7fd336058000-7fd336059000 r--p 00002000 00:f2e 4611686019027979942       /nix/store/4nlgxhb09sdr51nc9hdm8az5b08vzkgx-glibc-2.35-163/lib/libpthread.so.0
7fd336059000-7fd33605a000 rw-p 00003000 00:f2e 4611686019027979942       /nix/store/4nlgxhb09sdr51nc9hdm8az5b08vzkgx-glibc-2.35-163/lib/libpthread.so.0
7fd33605a000-7fd336068000 r-xp 00000000 00:f2e 4611686019135190033       /nix/store/gpxl5qgg8kicmcvivwmybwjlpf7wh20l-graalvm17-ce-22.3.0/lib/libjli.so
7fd336068000-7fd336069000 ---p 0000e000 00:f2e 4611686019135190033       /nix/store/gpxl5qgg8kicmcvivwmybwjlpf7wh20l-graalvm17-ce-22.3.0/lib/libjli.so
7fd336069000-7fd33606a000 r--p 0000e000 00:f2e 4611686019135190033       /nix/store/gpxl5qgg8kicmcvivwmybwjlpf7wh20l-graalvm17-ce-22.3.0/lib/libjli.so
7fd33606a000-7fd33606b000 rw-p 0000f000 00:f2e 4611686019135190033       /nix/store/gpxl5qgg8kicmcvivwmybwjlpf7wh20l-graalvm17-ce-22.3.0/lib/libjli.so
7fd33606b000-7fd33606c000 rw-p 00012000 00:f2e 4611686019135190033       /nix/store/gpxl5qgg8kicmcvivwmybwjlpf7wh20l-graalvm17-ce-22.3.0/lib/libjli.so
7fd33606c000-7fd33606f000 r--p 00000000 00:f2e 4611686019106210071       /nix/store/026hln0aq1hyshaxsdvhg0kmcm6yf45r-zlib-1.2.13/lib/libz.so.1.2.13
7fd33606f000-7fd336081000 r-xp 00003000 00:f2e 4611686019106210071       /nix/store/026hln0aq1hyshaxsdvhg0kmcm6yf45r-zlib-1.2.13/lib/libz.so.1.2.13
7fd336081000-7fd336088000 r--p 00015000 00:f2e 4611686019106210071       /nix/store/026hln0aq1hyshaxsdvhg0kmcm6yf45r-zlib-1.2.13/lib/libz.so.1.2.13
7fd336088000-7fd336089000 r--p 0001b000 00:f2e 4611686019106210071       /nix/store/026hln0aq1hyshaxsdvhg0kmcm6yf45r-zlib-1.2.13/lib/libz.so.1.2.13
7fd336089000-7fd33608a000 rw-p 0001c000 00:f2e 4611686019106210071       /nix/store/026hln0aq1hyshaxsdvhg0kmcm6yf45r-zlib-1.2.13/lib/libz.so.1.2.13
7fd33608a000-7fd33608c000 rw-p 00000000 00:00 0 
7fd33608c000-7fd33608e000 r--p 00000000 00:f2e 4611686019027979912       /nix/store/4nlgxhb09sdr51nc9hdm8az5b08vzkgx-glibc-2.35-163/lib/ld-linux-x86-64.so.2
7fd33608e000-7fd3360b5000 r-xp 00002000 00:f2e 4611686019027979912       /nix/store/4nlgxhb09sdr51nc9hdm8az5b08vzkgx-glibc-2.35-163/lib/ld-linux-x86-64.so.2
7fd3360b5000-7fd3360c1000 r--p 00029000 00:f2e 4611686019027979912       /nix/store/4nlgxhb09sdr51nc9hdm8az5b08vzkgx-glibc-2.35-163/lib/ld-linux-x86-64.so.2
7fd3360c1000-7fd3360c3000 r--p 00034000 00:f2e 4611686019027979912       /nix/store/4nlgxhb09sdr51nc9hdm8az5b08vzkgx-glibc-2.35-163/lib/ld-linux-x86-64.so.2
7fd3360c3000-7fd3360c5000 rw-p 00036000 00:f2e 4611686019027979912       /nix/store/4nlgxhb09sdr51nc9hdm8az5b08vzkgx-glibc-2.35-163/lib/ld-linux-x86-64.so.2
7fff4a893000-7fff4a8b7000 rw-p 00000000 00:00 0                          [stack]
7fff4a94a000-7fff4a94e000 r--p 00000000 00:00 0                          [vvar]
7fff4a94e000-7fff4a950000 r-xp 00000000 00:00 0                          [vdso]
ffffffffff600000-ffffffffff601000 --xp 00000000 00:00 0                  [vsyscall]


VM Arguments:
jvm_args: -XX:ThreadPriorityPolicy=1 -XX:+UnlockExperimentalVMOptions -XX:+EnableJVMCIProduct -XX:JVMCIThreadsPerNativeLibraryRuntime=1 -XX:-UnlockExperimentalVMOptions -Declipse.application=org.eclipse.jdt.ls.core.id1 -Dosgi.bundles.defaultStartLevel=4 -Declipse.product=org.eclipse.jdt.ls.core.product -Dlog.level=ALL -Xverify:none -XX:+UseParallelGC -XX:GCTimeRatio=4 -XX:AdaptiveSizePolicyWeight=90 -Dsun.zip.disableMemoryMapping=true -Xmx512m -Xms100m 
java_command: /nix/store/a7s9klvriqi68xz3qjc0qyfl5h86xc16-jdt-language-server-1.9.0/share/java/plugins/org.eclipse.equinox.launcher_1.6.400.v20210924-0641.jar --add-modules=ALL-SYSTEM --add-opens java.base/java.util=ALL-UNNAMED --add-opens java.base/java.lang=ALL-UNNAMED -configuration /home/runner/.cache/jdt-language-server/config -data /home/runner/.cache/jdt-language-server/data/home/runner/22-Stack-Undo-Game-2024-ADS-GT-11
java_class_path (initial): /nix/store/a7s9klvriqi68xz3qjc0qyfl5h86xc16-jdt-language-server-1.9.0/share/java/plugins/org.eclipse.equinox.launcher_1.6.400.v20210924-0641.jar
Launcher Type: SUN_STANDARD

[Global flags]
    uintx AdaptiveSizePolicyWeight                 = 90                                        {product} {command line}
     intx CICompilerCount                          = 2                                         {product} {ergonomic}
     bool EnableJVMCIProduct                       = true                                {JVMCI product} {jimage}
    uintx GCTimeRatio                              = 4                                         {product} {command line}
   size_t InitialHeapSize                          = 104857600                                 {product} {command line}
     uint JVMCIThreadsPerNativeLibraryRuntime      = 1                                   {JVMCI product} {jimage}
   size_t MaxHeapSize                              = 536870912                                 {product} {command line}
   size_t MaxNewSize                               = 178782208                                 {product} {ergonomic}
   size_t MinHeapDeltaBytes                        = 524288                                    {product} {ergonomic}
   size_t MinHeapSize                              = 104857600                                 {product} {command line}
   size_t NewSize                                  = 34603008                                  {product} {ergonomic}
    uintx NonNMethodCodeHeapSize                   = 5826188                                {pd product} {ergonomic}
    uintx NonProfiledCodeHeapSize                  = 122916026                              {pd product} {ergonomic}
   size_t OldSize                                  = 70254592                                  {product} {ergonomic}
    uintx ProfiledCodeHeapSize                     = 122916026                              {pd product} {ergonomic}
    uintx ReservedCodeCacheSize                    = 251658240                              {pd product} {ergonomic}
     bool SegmentedCodeCache                       = true                                      {product} {ergonomic}
   size_t SoftMaxHeapSize                          = 536870912                              {manageable} {ergonomic}
     intx ThreadPriorityPolicy                     = 1                                         {product} {jimage}
     bool UseCompressedClassPointers               = true                           {product lp64_product} {ergonomic}
     bool UseCompressedOops                        = true                           {product lp64_product} {ergonomic}
     bool UseParallelGC                            = true                                      {product} {command line}

Logging:
Log output configuration:
 #0: stdout all=warning uptime,level,tags
 #1: stderr all=off uptime,level,tags

Environment Variables:
JAVA_HOME=/nix/store/gpxl5qgg8kicmcvivwmybwjlpf7wh20l-graalvm17-ce-22.3.0
PATH=/nix/store/1d6ian3r8kdzspw8hacjhl3xkp40g1lj-binutils-wrapper-2.39/bin:/nix/store/dq0xwmsk1g0i2ayg6pb7y87na2knzylh-gcc-wrapper-11.3.0/bin:/nix/store/bap4d0lpcrhpwmpb8ayjcgkmvfj62lnq-bash-interactive-5.1-p16/bin:/nix/store/pr5n59mb4jzmfx6kanwxly0l07p861fg-patchelf-0.15.0/bin:/nix/store/1gf2flfqnpqbr1b4p4qz2f72y42bs56r-gcc-11.3.0/bin:/nix/store/57xv61c5zi8pphjbcwxxjlgc34p61ic9-glibc-2.35-163-bin/bin:/nix/store/a7gvj343m05j2s32xcnwr35v31ynlypr-coreutils-9.1/bin:/nix/store/039g378vc3pc3dvi9dzdlrd0i4q93qwf-binutils-2.39/bin:/nix/store/gpxl5qgg8kicmcvivwmybwjlpf7wh20l-graalvm17-ce-22.3.0/bin:/nix/store/6z9ag3ihc8mq2hzsw48lhbznvzny65nz-apache-maven-3.8.6/bin:/nix/store/a7s9klvriqi68xz3qjc0qyfl5h86xc16-jdt-language-server-1.9.0/bin:/nix/store/48ifl2w60a3zp7yskbpnvn8jp9jdsb7k-java-debug/bin:/nix/store/mydc6f4k2z73xlcz7ilif3v2lcaiqvza-findutils-4.9.0/bin:/nix/store/j9p3g8472iijd50vhdprx0nmk2fqn5gv-diffutils-3.8/bin:/nix/store/89zs7rms6x00xfq4dq6m7mjnhkr8a6r4-gnused-4.8/bin:/nix/store/86bp03jkmsl6f92w0yzg4s59g5mhxwmy-gnugrep-3.7/bin:/nix/store/hwcdqw4jrjnd37wxqgsd47hd0j8bnj09-gawk-5.1.1/bin:/nix/store/cfbhw8r8ags41vwqaz47r583d0p4h4a1-gnutar-1.34/bin:/nix/store/p3m1ndl1lapwrlh698bnb5lvvxh67378-gzip-1.12/bin:/nix/store/a8mhcagrsly7c7mpjrpsnaahk4aax056-bzip2-1.0.8-bin/bin:/nix/store/mblgz65m3zv9x548a3d5m96fj2pbwr09-gnumake-4.3/bin:/nix/store/dsd5gz46hdbdk2rfdimqddhq6m8m8fqs-bash-5.1-p16/bin:/nix/store/v7ljksji50mg3w61dykaa3n3y79n6nil-patch-2.7.6/bin:/nix/store/zlcnmqq14jz5x9439jf937mvayyl63da-xz-5.2.7-bin/bin:/nix/store/y6aj732zm9m87c82fpvf103a1xb22blp-file-5.43/bin:/nix/store/i4kzir3m7mrisxmf5xvlnkw01x4qaqr4-prybar-elisp-0.0.0-e0d9a52/bin:/nix/store/lwwivxf6h7x3cvxp9zv8sj0mv7dak99r-prybar-lua-0.0.0-e0d9a52/bin:/nix/store/gxj28g1cg4hq3qanmjv07156h800qr58-prybar-python3-0.0.0-e0d9a52/bin:/nix/store/hshkjnxrgidigf8x75vg6lqng2xlx9i3-prybar-sqlite-0.0.0-e0d9a52/bin:/nix/store/c4w01bpjgyy5ixmwdk8m1pw87zq4sl26-prybar-tcl-0.0.0-e0d9a52/bin:/nix/store/hpbvrlwd5viqmvcaisb3x0118i913a9n-st
LD_LIBRARY_PATH=/nix/store/a4pff549sk2idnkpzk5nsfps3mdkdnvm-cups-2.4.2-lib/lib:/nix/store/72mqxxhh3cy5yifh92wh2yb8cl2hikyy-cairo-1.16.0/lib:/nix/store/2k366jrbsra97gjfxwvrhvixjfxdach5-glib-2.74.1/lib:/nix/store/2j2znigd8ak37rlwh9khz0ry3clqlw1l-gtk+3-3.24.34/lib:/nix/store/hisqvx32cd57apbpcsnkpx6k3549wql1-libglvnd-1.4.0/lib:/nix/store/p36pgcv991mq5srvg765b78yqpxvk3qs-mesa-21.3.3-drivers/lib:/nix/store/mav4251if1ahjq5vkpwycyyvnmy459c4-pulseaudio-14.2/lib
DISPLAY=:0
LANG=en_US.UTF-8

Signal Handlers:
   SIGSEGV: crash_handler in libjvm.so, mask=11100100010111111101111111111110, flags=SA_RESTART|SA_SIGINFO
    SIGBUS: crash_handler in libjvm.so, mask=11100100010111111101111111111110, flags=SA_RESTART|SA_SIGINFO
    SIGFPE: crash_handler in libjvm.so, mask=11100100010111111101111111111110, flags=SA_RESTART|SA_SIGINFO
   SIGPIPE: IsolateEnterStub_IgnoreSIGPIPEStartupHook_noopSignalHandler_8f19bff2f35b5f630d83b364d6b2339320d4ec70_216e8361c6bc87a8f89f58cc10d3b2fd4415bf87 in libjvmcicompiler.so, mask=00000000000000000000000000000000, flags=SA_RESTART
  *** Handler was modified!
  *** Expected: javaSignalHandler in libjvm.so, mask=11100100110111111111111111111110, flags=SA_RESTART|SA_SIGINFO
   SIGXFSZ: javaSignalHandler in libjvm.so, mask=11100100010111111101111111111110, flags=SA_RESTART|SA_SIGINFO
    SIGILL: crash_handler in libjvm.so, mask=11100100010111111101111111111110, flags=SA_RESTART|SA_SIGINFO
   SIGUSR2: SR_handler in libjvm.so, mask=00000000000000000000000000000000, flags=SA_RESTART|SA_SIGINFO
    SIGHUP: UserHandler in libjvm.so, mask=11100100010111111101111111111110, flags=SA_RESTART|SA_SIGINFO
    SIGINT: UserHandler in libjvm.so, mask=11100100010111111101111111111110, flags=SA_RESTART|SA_SIGINFO
   SIGTERM: UserHandler in libjvm.so, mask=11100100010111111101111111111110, flags=SA_RESTART|SA_SIGINFO
   SIGQUIT: UserHandler in libjvm.so, mask=11100100010111111101111111111110, flags=SA_RESTART|SA_SIGINFO
  *** Handler was modified!
  *** Expected: javaSignalHandler in libjvm.so, mask=11100100110111111111111111111110, flags=SA_RESTART|SA_SIGINFO
   SIGTRAP: crash_handler in libjvm.so, mask=11100100010111111101111111111110, flags=SA_RESTART|SA_SIGINFO


---------------  S Y S T E M  ---------------

OS:
DISTRIB_ID=Ubuntu
DISTRIB_RELEASE=20.04
DISTRIB_CODENAME=focal
DISTRIB_DESCRIPTION="Ubuntu 20.04.2 LTS"
uname: Linux 6.2.0-1014-gcp #14~22.04.1-Ubuntu SMP Mon Sep 11 07:44:43 UTC 2023 x86_64
OS uptime: 0 days 10:20 hours
libc: glibc 2.35 NPTL 2.35 
rlimit (soft/hard): STACK 8192k/infinity , CORE infinity/infinity , NPROC infinity/infinity , NOFILE 9765/9765 , AS infinity/infinity , CPU infinity/infinity , DATA infinity/infinity , FSIZE infinity/infinity , MEMLOCK 8192k/8192k
load average: 23.08 19.36 16.96

/proc/meminfo:
MemTotal:       65833900 kB
MemFree:        27847580 kB
MemAvailable:   34520452 kB
Buffers:          504260 kB
Cached:          5650692 kB
SwapCached:            0 kB
Active:          3486136 kB
Inactive:       31939752 kB
Active(anon):       8244 kB
Inactive(anon): 29198816 kB
Active(file):    3477892 kB
Inactive(file):  2740936 kB
Unevictable:       28944 kB
Mlocked:           28944 kB
SwapTotal:             0 kB
SwapFree:              0 kB
Zswap:                 0 kB
Zswapped:              0 kB
Dirty:              3468 kB
Writeback:          2884 kB
AnonPages:      28412840 kB
Mapped:          1103280 kB
Shmem:             16500 kB
KReclaimable:    1180488 kB
Slab:            1761140 kB
SReclaimable:    1180488 kB
SUnreclaim:       580652 kB
KernelStack:      136360 kB
PageTables:       218800 kB
SecPageTables:         0 kB
NFS_Unstable:          0 kB
Bounce:                0 kB
WritebackTmp:          0 kB
CommitLimit:    32916948 kB
Committed_AS:   65485972 kB
VmallocTotal:   34359738367 kB
VmallocUsed:      170228 kB
VmallocChunk:          0 kB
Percpu:            62144 kB
HardwareCorrupted:     0 kB
AnonHugePages:   6211584 kB
ShmemHugePages:        0 kB
ShmemPmdMapped:        0 kB
FileHugePages:         0 kB
FilePmdMapped:         0 kB
HugePages_Total:       0
HugePages_Free:        0
HugePages_Rsvd:        0
HugePages_Surp:        0
Hugepagesize:       2048 kB
Hugetlb:               0 kB
DirectMap4k:     2333496 kB
DirectMap2M:    60577792 kB
DirectMap1G:     6291456 kB

/sys/kernel/mm/transparent_hugepage/enabled: always [madvise] never
/sys/kernel/mm/transparent_hugepage/defrag (defrag/compaction efforts parameter): always defer defer+madvise [madvise] never

Process Memory:
Virtual Size: 4390524K (peak: 4436796K)
Resident Set Size: 700660K (peak: 831564K) (anon: 584664K, file: 115996K, shmem: 0K)
Swapped out: 0K
C-Heap outstanding allocations: 42898K, retained: 14245K
glibc malloc tunables: (default)

/proc/sys/kernel/threads-max (system-wide limit on the number of threads): 514262
/proc/sys/vm/max_map_count (maximum number of memory map areas a process may have): 65530
/proc/sys/kernel/pid_max (system-wide limit on number of process identifiers): 4194304

container (cgroup) information:
container_type: cgroupv2
cpu_cpuset_cpus: not supported
cpu_memory_nodes: not supported
active_processor_count: 2
cpu_quota: 200000
cpu_period: 100000
cpu_shares: no shares
memory_limit_in_bytes: 3292528 k
memory_and_swap_limit_in_bytes: unlimited
memory_soft_limit_in_bytes: 2097152 k
memory_usage_in_bytes: 951352 k
memory_max_usage_in_bytes: not supported
maximum number of tasks: not supported
current number of tasks: not supported

KVM virtualization detected
Steal ticks since vm start: 3657
Steal ticks percentage since vm start:  0.002

CPU: total 16 (initial active 1) (8 cores per cpu, 2 threads per core) family 6 model 79 stepping 0 microcode 0xffffffff, cx8, cmov, fxsr, ht, mmx, 3dnowpref, sse, sse2, sse3, ssse3, sse4.1, sse4.2, popcnt, lzcnt, tsc, tscinvbit, avx, avx2, aes, erms, clmul, bmi1, bmi2, rtm, adx, fma, vzeroupper, clflush, hv
CPU Model and flags from /proc/cpuinfo:
model name	: Intel(R) Xeon(R) CPU @ 2.20GHz
flags		: fpu vme de pse tsc msr pae mce cx8 apic sep mtrr pge mca cmov pat pse36 clflush mmx fxsr sse sse2 ss ht syscall nx pdpe1gb rdtscp lm constant_tsc rep_good nopl xtopology nonstop_tsc cpuid tsc_known_freq pni pclmulqdq ssse3 fma cx16 pcid sse4_1 sse4_2 x2apic movbe popcnt aes xsave avx f16c rdrand hypervisor lahf_lm abm 3dnowprefetch invpcid_single pti ssbd ibrs ibpb stibp fsgsbase tsc_adjust bmi1 hle avx2 smep bmi2 erms invpcid rtm rdseed adx smap xsaveopt arat md_clear arch_capabilities

Online cpus: 0-15
Offline cpus: 
BIOS frequency limitation: <Not Available>
Frequency switch latency (ns): <Not Available>
Available cpu frequencies: <Not Available>
Current governor: <Not Available>
Core performance/turbo boost: <Not Available>

Memory: 4k page, physical 3292528k(2341168k free), swap 0k(0k free)
Page Sizes: 4k

vm_info: OpenJDK 64-Bit Server VM (17.0.5+8-jvmci-22.3-b08) for linux-amd64 JRE (17.0.5+8-jvmci-22.3-b08), built on Oct 19 2022 09:01:27 by "buildslave" with gcc 10.3.0

END.
