#
# A fatal error has been detected by the Java Runtime Environment:
#
#  Internal Error (jvmciRuntime.cpp:1609), pid=22, tid=45
#  fatal error: Fatal exception in JVMCI: Error calling jdk.vm.ci.services.Services.serializeSavedProperties
#
# JRE version: OpenJDK Runtime Environment GraalVM CE 22.3.0 (17.0.5+8) (build 17.0.5+8-jvmci-22.3-b08)
# Java VM: OpenJDK 64-Bit Server VM GraalVM CE 22.3.0 (17.0.5+8-jvmci-22.3-b08, mixed mode, sharing, tiered, jvmci, jvmci compiler, compressed oops, compressed class ptrs, parallel gc, linux-amd64)
# Problematic frame:
# V  [libjvm.so+0x972714]  JVMCIRuntime::fatal_exception(JVMCIEnv*, char const*)+0x74
#
# Core dump will be written. Default location: Core dumps may be processed with "/usr/share/apport/apport -p%p -s%s -c%c -d%d -P%P -u%u -g%g -- %E" (or dumping to /home/runner/22-Stack-Undo-Game-2024-ADS-GT-11/core.22)
#
# If you would like to submit a bug report, please visit:
#   https://github.com/oracle/graal/issues
#

---------------  S U M M A R Y ------------

Command Line: -XX:ThreadPriorityPolicy=1 -XX:+UnlockExperimentalVMOptions -XX:+EnableJVMCIProduct -XX:JVMCIThreadsPerNativeLibraryRuntime=1 -XX:-UnlockExperimentalVMOptions -Declipse.application=org.eclipse.jdt.ls.core.id1 -Dosgi.bundles.defaultStartLevel=4 -Declipse.product=org.eclipse.jdt.ls.core.product -Dlog.level=ALL -Xverify:none -XX:+UseParallelGC -XX:GCTimeRatio=4 -XX:AdaptiveSizePolicyWeight=90 -Dsun.zip.disableMemoryMapping=true -Xmx512m -Xms100m /nix/store/a7s9klvriqi68xz3qjc0qyfl5h86xc16-jdt-language-server-1.9.0/share/java/plugins/org.eclipse.equinox.launcher_1.6.400.v20210924-0641.jar --add-modules=ALL-SYSTEM --add-opens java.base/java.util=ALL-UNNAMED --add-opens java.base/java.lang=ALL-UNNAMED -configuration /home/runner/.cache/jdt-language-server/config -data /home/runner/.cache/jdt-language-server/data/home/runner/22-Stack-Undo-Game-2024-ADS-GT-11

Host: Intel(R) Xeon(R) CPU @ 2.20GHz, 16 cores, 3G, Ubuntu 20.04.2 LTS
Time: Mon Oct  2 13:52:02 2023 UTC elapsed time: 167.647959 seconds (0d 0h 2m 47s)

---------------  T H R E A D  ---------------

Current thread (0x00007f1a300d2d90):  JavaThread "JVMCI-native CompilerThread0" daemon [_thread_in_vm, id=45, stack(0x00007f1a34118000,0x00007f1a34318000)]


Current CompileTask:
JVMCI-native: 167648 8637       4       java.util.AbstractMap::hashCode (45 bytes)

Stack: [0x00007f1a34118000,0x00007f1a34318000],  sp=0x00007f1a34316380,  free space=2040k
Native frames: (J=compiled Java code, j=interpreted, Vv=VM code, C=native code)
V  [libjvm.so+0x972714]  JVMCIRuntime::fatal_exception(JVMCIEnv*, char const*)+0x74
V  [libjvm.so+0x93e2fe]  JVMCIEnv::copy_saved_properties()+0x14e
V  [libjvm.so+0x9732a9]  JVMCIRuntime::initialize(JVMCIEnv*)+0xb19
V  [libjvm.so+0x9738a2]  JVMCIRuntime::get_HotSpotJVMCIRuntime(JVMCIEnv*)+0x12
V  [libjvm.so+0x9749f2]  JVMCIRuntime::compile_method(JVMCIEnv*, JVMCICompiler*, methodHandle const&, int)+0xd2
V  [libjvm.so+0x5b0d20]  CompileBroker::invoke_compiler_on_method(CompileTask*)+0x1470
V  [libjvm.so+0x5b12e8]  CompileBroker::compiler_thread_loop()+0x528
V  [libjvm.so+0xd82460]  JavaThread::thread_main_inner()+0xd0
V  [libjvm.so+0xd85a40]  Thread::call_run()+0xc0
V  [libjvm.so+0xbdb1e1]  thread_native_entry(Thread*)+0xe1

Register to memory mapping:

RAX=0x00007f1a3759c000 points into unknown readable memory: 0x0000000000000058 | 58 00 00 00 00 00 00 00
RBX=0x00007f1a38697398: <offset 0x0000000000ef5398> in /nix/store/gpxl5qgg8kicmcvivwmybwjlpf7wh20l-graalvm17-ce-22.3.0/lib/server/libjvm.so at 0x00007f1a377a2000
RCX=0x00007f1a3864f1e8: <offset 0x0000000000ead1e8> in /nix/store/gpxl5qgg8kicmcvivwmybwjlpf7wh20l-graalvm17-ce-22.3.0/lib/server/libjvm.so at 0x00007f1a377a2000
RDX=0x0000000000000649 is an unknown value
RSP=0x00007f1a34316380 is pointing into the stack for thread: 0x00007f1a300d2d90
RBP=0x00007f1a343163a0 is pointing into the stack for thread: 0x00007f1a300d2d90
RSI=0x00007f1a38697c48: <offset 0x0000000000ef5c48> in /nix/store/gpxl5qgg8kicmcvivwmybwjlpf7wh20l-graalvm17-ce-22.3.0/lib/server/libjvm.so at 0x00007f1a377a2000
RDI=0x00000000e0000000 is an oop: java.lang.String 
{0x00000000e0000000} - klass: 'java/lang/String'
 - string: "class configured for "
R8 =0x00007f1a38697398: <offset 0x0000000000ef5398> in /nix/store/gpxl5qgg8kicmcvivwmybwjlpf7wh20l-graalvm17-ce-22.3.0/lib/server/libjvm.so at 0x00007f1a377a2000
R9 =0x0000000000000003 is an unknown value
R10=0x00007f1a389e8da0: <offset 0x0000000001246da0> in /nix/store/gpxl5qgg8kicmcvivwmybwjlpf7wh20l-graalvm17-ce-22.3.0/lib/server/libjvm.so at 0x00007f1a377a2000
R11=0x000000080044f048 is pointing into metadata
R12=0x0 is NULL
R13=0x00007f1a300d2d90 is a thread
R14=0x00007f1a30000b80 points into unknown readable memory: 0x00007f1a388c8a38 | 38 8a 8c 38 1a 7f 00 00
R15=0x00007f1a389d6e40: <offset 0x0000000001234e40> in /nix/store/gpxl5qgg8kicmcvivwmybwjlpf7wh20l-graalvm17-ce-22.3.0/lib/server/libjvm.so at 0x00007f1a377a2000


Registers:
RAX=0x00007f1a3759c000, RBX=0x00007f1a38697398, RCX=0x00007f1a3864f1e8, RDX=0x0000000000000649
RSP=0x00007f1a34316380, RBP=0x00007f1a343163a0, RSI=0x00007f1a38697c48, RDI=0x00000000e0000000
R8 =0x00007f1a38697398, R9 =0x0000000000000003, R10=0x00007f1a389e8da0, R11=0x000000080044f048
R12=0x0000000000000000, R13=0x00007f1a300d2d90, R14=0x00007f1a30000b80, R15=0x00007f1a389d6e40
RIP=0x00007f1a38114714, EFLAGS=0x0000000000010206, CSGSFS=0x002b000000000033, ERR=0x0000000000000006
  TRAPNO=0x000000000000000e

Top of Stack: (sp=0x00007f1a34316380)
0x00007f1a34316380:   00007f1a34316940 00007f1a300d2d90
0x00007f1a34316390:   00007f1a35f2d8c8 0000000800c417a0
0x00007f1a343163a0:   00007f1a34316500 00007f1a380e02fe
0x00007f1a343163b0:   00007f1a343163e0 00007f1a34316440 

Instructions: (pc=0x00007f1a38114714)
0x00007f1a38114614:   30 e8 f6 cf e8 ff 4c 89 e7 e8 2e 48 d1 ff 84 db
0x00007f1a38114624:   75 2a 4d 85 ed 74 04 4d 8b 6d 00 48 83 c4 08 44
0x00007f1a38114634:   89 f9 4c 89 f2 4c 89 ee 5b 4c 89 e7 41 5c 41 5d
0x00007f1a38114644:   41 5e 41 5f 5d e9 e2 47 d1 ff 66 90 48 83 c4 08
0x00007f1a38114654:   5b 41 5c 41 5d 41 5e 41 5f 5d c3 90 31 d2 be 08
0x00007f1a38114664:   00 00 00 4c 89 ff e8 b1 78 a3 ff 49 89 c5 e9 37
0x00007f1a38114674:   ff ff ff 66 0f 1f 84 00 00 00 00 00 48 8b 7a 08
0x00007f1a38114684:   e9 6d ff ff ff 0f 1f 80 00 00 00 00 e8 5b 48 0a
0x00007f1a38114694:   00 84 c0 75 89 e9 6a ff ff ff 66 90 55 48 89 e5
0x00007f1a381146a4:   41 56 41 55 41 54 49 89 fc 53 48 89 f3 66 48 8d
0x00007f1a381146b4:   3d 27 5e 85 00 66 66 48 e8 df 43 8d ff 4c 8b 28
0x00007f1a381146c4:   8b 05 be 72 8a 00 85 c0 75 14 ba 01 00 00 00 48
0x00007f1a381146d4:   8d 0d ae 72 8a 00 f0 0f b1 11 85 c0 74 4e be c8
0x00007f1a381146e4:   00 00 00 4c 89 ef e8 01 0b 41 00 48 8d 05 12 ac
0x00007f1a381146f4:   85 00 49 89 d8 48 8d 0d e8 aa 53 00 ba 49 06 00
0x00007f1a38114704:   00 48 8d 35 3c 35 58 00 bf 00 00 00 e0 48 8b 00
0x00007f1a38114714:   c6 00 58 31 c0 e8 e2 91 c6 ff 5b 41 5c 41 5d 41
0x00007f1a38114724:   5e 5d e9 55 34 26 00 0f 1f 44 00 00 48 8d 05 81
0x00007f1a38114734:   a3 8b 00 48 89 df 4c 8b 30 e8 9e 43 8d ff 48 89
0x00007f1a38114744:   de 48 89 c2 49 8b 06 4c 89 f7 ff 50 08 4c 89 f7
0x00007f1a38114754:   e8 a7 5c 27 00 4d 85 e4 74 12 be 01 00 00 00 4c
0x00007f1a38114764:   89 e7 e8 35 43 fc ff eb 82 0f 1f 00 be 01 00 00
0x00007f1a38114774:   00 4c 89 ef e8 d3 fd ff ff e9 6d ff ff ff 66 66
0x00007f1a38114784:   2e 0f 1f 84 00 00 00 00 00 0f 1f 00 55 48 89 e5
0x00007f1a38114794:   41 57 41 56 41 55 41 54 53 48 81 ec 08 02 00 00
0x00007f1a381147a4:   64 48 8b 04 25 28 00 00 00 48 89 45 c8 8b 07 83
0x00007f1a381147b4:   f8 02 0f 84 11 04 00 00 4c 8b 6f 18 49 89 ff 49
0x00007f1a381147c4:   89 f4 4d 85 ed 74 14 4c 89 ef e8 5d 57 22 00 41
0x00007f1a381147d4:   8b 07 83 f8 02 0f 84 19 04 00 00 48 8d 1d 9a 06
0x00007f1a381147e4:   8a 00 4c 8d 35 0b 3c 58 00 eb 38 90 48 85 d2 7f
0x00007f1a381147f4:   0d 48 8d 05 b4 c0 85 00 48 83 38 00 7e 0e 41 8b
0x00007f1a38114804:   77 2c 4c 89 f7 31 c0 e8 a0 b2 f7 ff 49 8b 7f 18 


Stack slot to memory mapping:
stack at sp + 0 slots: 0x00007f1a34316940 is pointing into the stack for thread: 0x00007f1a300d2d90
stack at sp + 1 slots: 0x00007f1a300d2d90 is a thread
stack at sp + 2 slots: 0x00007f1a35f2d8c8 points into unknown readable memory: 0x65730018052dffff | ff ff 2d 05 18 00 73 65
stack at sp + 3 slots: 0x0000000800c417a0 is a pointer to class: 
jdk.vm.ci.services.Services {0x0000000800c417a0}
 - instance size:     2
 - klass size:        65
 - access:            public final synchronized 
 - state:             fully_initialized
 - name:              'jdk/vm/ci/services/Services'
 - super:             'java/lang/Object'
 - sub:               
 - arrays:            NULL
 - methods:           Array<T>(0x00007f1a34c453f0)
 - method ordering:   Array<T>(0x0000000800928960)
 - default_methods:   Array<T>(0x0000000000000000)
 - local interfaces:  Array<T>(0x00000008005ce810)
 - trans. interfaces: Array<T>(0x00000008005ce810)
 - constants:         constant pool [427] {0x00007f1a34c444d0} for 'jdk/vm/ci/services/Services' cache=0x00007f1a34c466c0
 - class loader data:  loader data: 0x00007f1a30027ce0 of 'bootstrap'
 - source file:       'Services.java'
 - class annotations:       Array<T>(0x0000000000000000)
 - class type annotations:  Array<T>(0x0000000000000000)
 - field annotations:       Array<T>(0x0000000000000000)
 - field type annotations:  Array<T>(0x0000000000000000)
 - inner classes:     Array<T>(0x00007f1a34c46690)
 - nest members:     Array<T>(0x00007f1a34c466b0)
 - permitted subclasses:     Array<T>(0x00000008005ce7a0)
 - java mirror:       a 'java/lang/Class'{0x00000000e044cae0} = 'jdk/vm/ci/services/Services'
 - vtable length      5  (start addr: 0x0000000800c41970)
 - itable length      2 (start addr: 0x0000000800c41998)
 - ---- static fields (3 words):
 - public static final 'IS_BUILDING_NATIVE_IMAGE' 'Z' @128 
 - public static final 'IS_IN_NATIVE_IMAGE' 'Z' @129 
 - private static volatile 'savedProperties' 'Ljava/util/Map;' @112 
 - static final 'JVMCI_ENABLED' 'Z' @130 
 - private static final 'servicesCache' 'Ljava/util/Map;' @116 
 - private static final 'MAX_UNICODE_IN_UTF8_LENGTH' 'I' @120 
 - private static final 'MAX_UTF8_PROPERTY_STRING_LENGTH' 'I' @124 
 - ---- non-static fields (0 words):
 - non-static oop maps: 
stack at sp + 4 slots: 0x00007f1a34316500 is pointing into the stack for thread: 0x00007f1a300d2d90
stack at sp + 5 slots: 0x00007f1a380e02fe: <offset 0x000000000093e2fe> in /nix/store/gpxl5qgg8kicmcvivwmybwjlpf7wh20l-graalvm17-ce-22.3.0/lib/server/libjvm.so at 0x00007f1a377a2000
stack at sp + 6 slots: 0x00007f1a343163e0 is pointing into the stack for thread: 0x00007f1a300d2d90
stack at sp + 7 slots: 0x00007f1a34316440 is pointing into the stack for thread: 0x00007f1a300d2d90


---------------  P R O C E S S  ---------------

Threads class SMR info:
_java_thread_list=0x00007f19980ac700, length=26, elements={
0x00007f1a30025f80, 0x00007f1a300c7040, 0x00007f1a300c8480, 0x00007f1a300cec00,
0x00007f1a300cffb0, 0x00007f1a300d13a0, 0x00007f1a300d2d90, 0x00007f1a300d42a0,
0x00007f1a300d56f0, 0x00007f1a300f8930, 0x00007f1a30141650, 0x00007f1a30324f60,
0x00007f1a303586d0, 0x00007f1a3035a5a0, 0x00007f1a3060adf0, 0x00007f19c0017480,
0x00007f19c02a14b0, 0x00007f19c0305420, 0x00007f19c04815a0, 0x00007f19c05eeea0,
0x00007f1a303ff3d0, 0x00007f1a30392020, 0x00007f1998000ff0, 0x00007f198846ca50,
0x00007f198846cfd0, 0x00007f19b4002240
}

Java Threads: ( => current thread )
  0x00007f1a30025f80 JavaThread "main" [_thread_blocked, id=37, stack(0x00007f1a375bd000,0x00007f1a376bd000)]
  0x00007f1a300c7040 JavaThread "Reference Handler" daemon [_thread_blocked, id=40, stack(0x00007f1a349fe000,0x00007f1a34afe000)]
  0x00007f1a300c8480 JavaThread "Finalizer" daemon [_thread_blocked, id=41, stack(0x00007f1a348fe000,0x00007f1a349fe000)]
  0x00007f1a300cec00 JavaThread "Signal Dispatcher" daemon [_thread_blocked, id=42, stack(0x00007f1a34518000,0x00007f1a34618000)]
  0x00007f1a300cffb0 JavaThread "Service Thread" daemon [_thread_blocked, id=43, stack(0x00007f1a34418000,0x00007f1a34518000)]
  0x00007f1a300d13a0 JavaThread "Monitor Deflation Thread" daemon [_thread_blocked, id=44, stack(0x00007f1a34318000,0x00007f1a34418000)]
=>0x00007f1a300d2d90 JavaThread "JVMCI-native CompilerThread0" daemon [_thread_in_vm, id=45, stack(0x00007f1a34118000,0x00007f1a34318000)]
  0x00007f1a300d42a0 JavaThread "C1 CompilerThread0" daemon [_thread_blocked, id=46, stack(0x00007f1a172b3000,0x00007f1a174b3000)]
  0x00007f1a300d56f0 JavaThread "Sweeper thread" daemon [_thread_blocked, id=47, stack(0x00007f1a34018000,0x00007f1a34118000)]
  0x00007f1a300f8930 JavaThread "Common-Cleaner" daemon [_thread_blocked, id=48, stack(0x00007f1a171b3000,0x00007f1a172b3000)]
  0x00007f1a30141650 JavaThread "Notification Thread" daemon [_thread_blocked, id=49, stack(0x00007f1a170b3000,0x00007f1a171b3000)]
  0x00007f1a30324f60 JavaThread "Active Thread: Equinox Container: 210a7a0e-9605-4c07-a63b-3781ed8063fd" [_thread_blocked, id=60, stack(0x00007f1a14700000,0x00007f1a14800000)]
  0x00007f1a303586d0 JavaThread "Framework Event Dispatcher: Equinox Container: 210a7a0e-9605-4c07-a63b-3781ed8063fd" daemon [_thread_blocked, id=66, stack(0x00007f1a14500000,0x00007f1a14600000)]
  0x00007f1a3035a5a0 JavaThread "Start Level: Equinox Container: 210a7a0e-9605-4c07-a63b-3781ed8063fd" daemon [_thread_blocked, id=67, stack(0x00007f1a14300000,0x00007f1a14400000)]
  0x00007f1a3060adf0 JavaThread "Refresh Thread: Equinox Container: 210a7a0e-9605-4c07-a63b-3781ed8063fd" daemon [_thread_blocked, id=69, stack(0x00007f1a14100000,0x00007f1a14200000)]
  0x00007f19c0017480 JavaThread "SCR Component Actor" daemon [_thread_blocked, id=78, stack(0x00007f1a14000000,0x00007f1a14100000)]
  0x00007f19c02a14b0 JavaThread "Worker-JM" [_thread_blocked, id=80, stack(0x00007f19deb00000,0x00007f19dec00000)]
  0x00007f19c0305420 JavaThread "Worker-0" [_thread_blocked, id=81, stack(0x00007f19de900000,0x00007f19dea00000)]
  0x00007f19c04815a0 JavaThread "Java indexing" daemon [_thread_blocked, id=83, stack(0x00007f19de500000,0x00007f19de600000)]
  0x00007f19c05eeea0 JavaThread "Bundle File Closer" daemon [_thread_blocked, id=85, stack(0x00007f19de100000,0x00007f19de200000)]
  0x00007f1a303ff3d0 JavaThread "pool-3-thread-1" [_thread_blocked, id=86, stack(0x00007f19ddf00000,0x00007f19de000000)]
  0x00007f1a30392020 JavaThread "pool-2-thread-1" [_thread_in_native, id=87, stack(0x00007f19ddd00000,0x00007f19dde00000)]
  0x00007f1998000ff0 JavaThread "Worker-3" [_thread_blocked, id=88, stack(0x00007f19ddb00000,0x00007f19ddc00000)]
  0x00007f198846ca50 JavaThread "OkHttp repo.maven.apache.org" [_thread_in_native, id=110, stack(0x00007f19ded00000,0x00007f19dee00000)]
  0x00007f198846cfd0 JavaThread "OkHttp ConnectionPool" daemon [_thread_blocked, id=111, stack(0x00007f19de800000,0x00007f19de900000)]
  0x00007f19b4002240 JavaThread "OkHttp repo.maven.apache.org Writer" [_thread_blocked, id=112, stack(0x00007f19de600000,0x00007f19de700000)]

Other Threads:
  0x00007f1a300c2780 VMThread "VM Thread" [stack: 0x00007f1a34b00000,0x00007f1a34c00000] [id=39] _threads_hazard_ptr=0x00007f19980ac700
  0x00007f1a30142ff0 WatcherThread [stack: 0x00007f1a16fb3000,0x00007f1a170b3000] [id=50]
  0x00007f1a3003d880 GCTaskThread "GC Thread#0" [stack: 0x00007f1a37180000,0x00007f1a37280000] [id=38]
  0x00007f1a08001230 GCTaskThread "GC Thread#1" [stack: 0x00007f19dc500000,0x00007f19dc600000] [id=68]

Threads with active compile tasks:
JVMCI-native CompilerThread0   167671 8637       4       java.util.AbstractMap::hashCode (45 bytes)

VM state: synchronizing (normal execution)

VM Mutex/Monitor currently owned by a thread:  ([mutex/lock_event])
[0x00007f1a30023130] Threads_lock - owner thread: 0x00007f1a300c2780
[0x00007f1a300238e0] Heap_lock - owner thread: 0x00007f19c04815a0

OutOfMemory and StackOverflow Exception counts:
OutOfMemoryError java_heap_errors=1
LinkageErrors=64

Heap address: 0x00000000e0000000, size: 512 MB, Compressed Oops mode: 32-bit

CDS archive(s) mapped at: [0x0000000800000000-0x0000000800bc8000-0x0000000800bc8000), size 12353536, SharedBaseAddress: 0x0000000800000000, ArchiveRelocationMode: 0.
Compressed class space mapped at: 0x0000000800c00000-0x0000000840c00000, reserved size: 1073741824
Narrow klass base: 0x0000000800000000, Narrow klass shift: 0, Narrow klass range: 0x100000000

GC Precious Log:
 CPUs: 16 total, 2 available
 Memory: 3215M
 Large Page Support: Disabled
 NUMA Support: Disabled
 Compressed Oops: Enabled (32-bit)
 Alignments: Space 512K, Generation 512K, Heap 2M
 Heap Min Capacity: 100M
 Heap Initial Capacity: 100M
 Heap Max Capacity: 512M
 Pre-touch: Disabled
 Parallel Workers: 2

Heap:
 PSYoungGen      total 20992K, used 15872K [0x00000000f5580000, 0x00000000f7000000, 0x0000000100000000)
  eden space 15872K, 100% used [0x00000000f5580000,0x00000000f6500000,0x00000000f6500000)
  from space 5120K, 0% used [0x00000000f6500000,0x00000000f6500000,0x00000000f6a00000)
  to   space 4096K, 0% used [0x00000000f6c00000,0x00000000f6c00000,0x00000000f7000000)
 ParOldGen       total 349696K, used 349694K [0x00000000e0000000, 0x00000000f5580000, 0x00000000f5580000)
  object space 349696K, 99% used [0x00000000e0000000,0x00000000f557fbb0,0x00000000f5580000)
 Metaspace       used 56979K, committed 58176K, reserved 1105920K
  class space    used 5608K, committed 6144K, reserved 1048576K

Card table byte_map: [0x00007f1a37280000,0x00007f1a37381000] _byte_map_base: 0x00007f1a36b80000

Marking Bits: (ParMarkBitMap*) 0x00007f1a389d04c0
 Begin Bits: [0x00007f1a360d3000, 0x00007f1a368d3000)
 End Bits:   [0x00007f1a368d3000, 0x00007f1a370d3000)

Polling page: 0x00007f1a3759a000

Metaspace:

Usage:
  Non-class:     50.17 MB used.
      Class:      5.48 MB used.
       Both:     55.64 MB used.

Virtual space:
  Non-class space:       56.00 MB reserved,      50.81 MB ( 91%) committed,  7 nodes.
      Class space:        1.00 GB reserved,       6.00 MB ( <1%) committed,  1 nodes.
             Both:        1.05 GB reserved,      56.81 MB (  5%) committed. 

Chunk freelists:
   Non-Class:  1.12 MB
       Class:  2.13 MB
        Both:  3.25 MB

MaxMetaspaceSize: unlimited
CompressedClassSpaceSize: 1.00 GB
Initial GC threshold: 21.00 MB
Current GC threshold: 94.69 MB
CDS: on
MetaspaceReclaimPolicy: balanced
 - commit_granule_bytes: 65536.
 - commit_granule_words: 8192.
 - virtual_space_node_default_size: 1048576.
 - enlarge_chunks_in_place: 1.
 - new_chunks_are_fully_committed: 0.
 - uncommit_free_chunks: 1.
 - use_allocation_guard: 0.
 - handle_deallocations: 1.


Internal statistics:

num_allocs_failed_limit: 10.
num_arena_births: 470.
num_arena_deaths: 148.
num_vsnodes_births: 8.
num_vsnodes_deaths: 0.
num_space_committed: 908.
num_space_uncommitted: 0.
num_chunks_returned_to_freelist: 212.
num_chunks_taken_from_freelist: 2673.
num_chunk_merges: 88.
num_chunk_splits: 1758.
num_chunks_enlarged: 1106.
num_purges: 2.
num_inconsistent_stats: 0.

CodeHeap 'non-profiled nmethods': size=120036Kb used=2587Kb max_used=2587Kb free=117448Kb
 bounds [0x00007f1a1ef7a000, 0x00007f1a1f20a000, 0x00007f1a264b3000]
CodeHeap 'profiled nmethods': size=120032Kb used=14019Kb max_used=16891Kb free=106012Kb
 bounds [0x00007f1a17a42000, 0x00007f1a18ac2000, 0x00007f1a1ef7a000]
CodeHeap 'non-nmethods': size=5692Kb used=1368Kb max_used=1385Kb free=4324Kb
 bounds [0x00007f1a174b3000, 0x00007f1a17723000, 0x00007f1a17a42000]
 total_blobs=7463 nmethods=6763 adapters=609
 compilation: enabled
              stopped_count=0, restarted_count=0
 full_count=0

JVMCI Events (20 events):
Event: 88.626 Thread 0x00007f1a300d2d90 detached from JVMCI runtime 0
Event: 97.622 Thread 0x00007f1a300d2d90 attached to JVMCI runtime 0
Event: 97.624 Thread 0x00007f1a300d2d90 created JavaVM[2]@0x00007f197569e340 for JVMCI runtime 0
Event: 98.078 Thread 0x00007f1a300d2d90 initializing JVMCI runtime 0
Event: 98.079 Thread 0x00007f1a300d2d90 done waiting for JavaVM references initialization in JVMCI runtime 0
Event: 98.079 Thread 0x00007f1a300d2d90 initialized JVMCI runtime 0
Event: 99.266 Thread 0x00007f1a300d2d90 compacted oop handles in JVMCI runtime 0 from 60 to 54
Event: 123.703 Thread 0x00007f1a300d2d90 compacted oop handles in JVMCI runtime 0 from 107 to 47
Event: 126.342 Thread 0x00007f1a300d2d90 compacted oop handles in JVMCI runtime 0 from 61 to 60
Event: 138.518 Thread 0x00007f1a300d2d90 detaching from JVMCI runtime 0: releasing idle compiler thread (0 other threads still attached)
Event: 138.518 Thread 0x00007f1a300d2d90 shutting down HotSpotJVMCIRuntime for JVMCI runtime 0
Event: 138.518 Thread 0x00007f1a300d2d90 shut down JVMCI runtime 0
Event: 138.522 Thread 0x00007f1a300d2d90 destroyed JavaVM[2]@0x00007f197569e340 for JVMCI runtime 0
Event: 138.522 Thread 0x00007f1a300d2d90 compacted oop handles in JVMCI runtime 0 from 78 to 78
Event: 138.522 Thread 0x00007f1a300d2d90 releasing handles for JVMCI runtime 0: oop handles=78, metadata handles={total=225, live=224, blocks=45}
Event: 138.522 Thread 0x00007f1a300d2d90 detached from JVMCI runtime 0
Event: 156.490 Thread 0x00007f1a300d2d90 attached to JVMCI runtime 0
Event: 156.492 Thread 0x00007f1a300d2d90 created JavaVM[3]@0x00007f197569e340 for JVMCI runtime 0
Event: 157.093 Thread 0x00007f1a300d2d90 initializing JVMCI runtime 0
Event: 157.093 Thread 0x00007f1a300d2d90 done waiting for JavaVM references initialization in JVMCI runtime 0

Compilation events (20 events):
Event: 123.707 Thread 0x00007f1a300d2d90 nmethod 8622 0x00007f1a1f1fde90 code [0x00007f1a1f1fe020, 0x00007f1a1f1fe3b0]
Event: 123.708 Thread 0x00007f1a300d2d90 8621  s    4       java.io.BufferedOutputStream::write (35 bytes)
Event: 125.451 Thread 0x00007f1a300d2d90 nmethod 8621 0x00007f1a1f130310 code [0x00007f1a1f1304a0, 0x00007f1a1f130730]
Event: 125.451 Thread 0x00007f1a300d2d90 8625       4       java.io.DataOutputStream::writeInt (62 bytes)
Event: 126.342 Thread 0x00007f1a300d2d90 nmethod 8625 0x00007f1a1f1fe590 code [0x00007f1a1f1fe7a0, 0x00007f1a1f1fef30]
Event: 126.342 Thread 0x00007f1a300d2d90 8627       4       java.util.HashMap$Node::hashCode (16 bytes)
Event: 129.650 Thread 0x00007f1a300d2d90 nmethod 8627 0x00007f1a1f1ff290 code [0x00007f1a1f1ff420, 0x00007f1a1f1ffad8]
Event: 129.651 Thread 0x00007f1a300d2d90 8584       4       java.util.HashMap$EntrySet::iterator (12 bytes)
Event: 131.854 Thread 0x00007f1a300d2d90 nmethod 8584 0x00007f1a1f1ffc90 code [0x00007f1a1f1ffe20, 0x00007f1a1f200048]
Event: 131.854 Thread 0x00007f1a300d2d90 8580       4       java.util.HashMap::entrySet (27 bytes)
Event: 133.158 Thread 0x00007f1a300d2d90 nmethod 8580 0x00007f1a1f200210 code [0x00007f1a1f2003a0, 0x00007f1a1f200490]
Event: 133.158 Thread 0x00007f1a300d2d90 8578       4       java.io.ByteArrayOutputStream::<init> (43 bytes)
Event: 135.770 Thread 0x00007f1a300d42a0 8635       3       org.eclipse.core.internal.jobs.JobManager::lifeTimeInMs (19 bytes)
Event: 136.991 Thread 0x00007f1a300d42a0 nmethod 8635 0x00007f1a17b1f390 code [0x00007f1a17b1f540, 0x00007f1a17b1f750]
Event: 136.992 Thread 0x00007f1a300d42a0 8636       3       java.util.concurrent.atomic.AtomicLong::weakCompareAndSetVolatile (13 bytes)
Event: 136.992 Thread 0x00007f1a300d2d90 nmethod 8578 0x00007f1a1f200590 code [0x00007f1a1f200720, 0x00007f1a1f2008a8]
Event: 136.992 Thread 0x00007f1a300d42a0 nmethod 8636 0x00007f1a17afcc10 code [0x00007f1a17afcdc0, 0x00007f1a17afcf20]
Event: 136.992 Thread 0x00007f1a300d2d90 8600       4       java.util.Collections$UnmodifiableCollection::<init> (22 bytes)
Event: 137.447 Thread 0x00007f1a300d2d90 nmethod 8600 0x00007f1a1f200990 code [0x00007f1a1f200b00, 0x00007f1a1f200b88]
Event: 156.490 Thread 0x00007f1a300d2d90 8637       4       java.util.AbstractMap::hashCode (45 bytes)

GC Heap History (20 events):
Event: 162.662 GC heap before
{Heap before GC invocations=432 (full 312):
 PSYoungGen      total 20992K, used 15872K [0x00000000f5580000, 0x00000000f7000000, 0x0000000100000000)
  eden space 15872K, 100% used [0x00000000f5580000,0x00000000f6500000,0x00000000f6500000)
  from space 5120K, 0% used [0x00000000f6500000,0x00000000f6500000,0x00000000f6a00000)
  to   space 4096K, 0% used [0x00000000f6c00000,0x00000000f6c00000,0x00000000f7000000)
 ParOldGen       total 349696K, used 349686K [0x00000000e0000000, 0x00000000f5580000, 0x00000000f5580000)
  object space 349696K, 99% used [0x00000000e0000000,0x00000000f557d8c0,0x00000000f5580000)
 Metaspace       used 56979K, committed 58176K, reserved 1105920K
  class space    used 5608K, committed 6144K, reserved 1048576K
}
Event: 163.158 GC heap after
{Heap after GC invocations=432 (full 312):
 PSYoungGen      total 19968K, used 15871K [0x00000000f5580000, 0x00000000f7000000, 0x0000000100000000)
  eden space 15872K, 99% used [0x00000000f5580000,0x00000000f64fff50,0x00000000f6500000)
  from space 4096K, 0% used [0x00000000f6c00000,0x00000000f6c00000,0x00000000f7000000)
  to   space 5120K, 0% used [0x00000000f6500000,0x00000000f6500000,0x00000000f6a00000)
 ParOldGen       total 349696K, used 349686K [0x00000000e0000000, 0x00000000f5580000, 0x00000000f5580000)
  object space 349696K, 99% used [0x00000000e0000000,0x00000000f557d8c0,0x00000000f5580000)
 Metaspace       used 56979K, committed 58176K, reserved 1105920K
  class space    used 5608K, committed 6144K, reserved 1048576K
}
Event: 163.158 GC heap before
{Heap before GC invocations=433 (full 313):
 PSYoungGen      total 19968K, used 15872K [0x00000000f5580000, 0x00000000f7000000, 0x0000000100000000)
  eden space 15872K, 100% used [0x00000000f5580000,0x00000000f6500000,0x00000000f6500000)
  from space 4096K, 0% used [0x00000000f6c00000,0x00000000f6c00000,0x00000000f7000000)
  to   space 5120K, 0% used [0x00000000f6500000,0x00000000f6500000,0x00000000f6a00000)
 ParOldGen       total 349696K, used 349686K [0x00000000e0000000, 0x00000000f5580000, 0x00000000f5580000)
  object space 349696K, 99% used [0x00000000e0000000,0x00000000f557d8c0,0x00000000f5580000)
 Metaspace       used 56979K, committed 58176K, reserved 1105920K
  class space    used 5608K, committed 6144K, reserved 1048576K
}
Event: 163.613 GC heap after
{Heap after GC invocations=433 (full 313):
 PSYoungGen      total 20992K, used 15871K [0x00000000f5580000, 0x00000000f7000000, 0x0000000100000000)
  eden space 15872K, 99% used [0x00000000f5580000,0x00000000f64fff98,0x00000000f6500000)
  from space 5120K, 0% used [0x00000000f6500000,0x00000000f6500000,0x00000000f6a00000)
  to   space 4096K, 0% used [0x00000000f6c00000,0x00000000f6c00000,0x00000000f7000000)
 ParOldGen       total 349696K, used 349686K [0x00000000e0000000, 0x00000000f5580000, 0x00000000f5580000)
  object space 349696K, 99% used [0x00000000e0000000,0x00000000f557d8c0,0x00000000f5580000)
 Metaspace       used 56979K, committed 58176K, reserved 1105920K
  class space    used 5608K, committed 6144K, reserved 1048576K
}
Event: 163.613 GC heap before
{Heap before GC invocations=434 (full 314):
 PSYoungGen      total 20992K, used 15872K [0x00000000f5580000, 0x00000000f7000000, 0x0000000100000000)
  eden space 15872K, 100% used [0x00000000f5580000,0x00000000f6500000,0x00000000f6500000)
  from space 5120K, 0% used [0x00000000f6500000,0x00000000f6500000,0x00000000f6a00000)
  to   space 4096K, 0% used [0x00000000f6c00000,0x00000000f6c00000,0x00000000f7000000)
 ParOldGen       total 349696K, used 349691K [0x00000000e0000000, 0x00000000f5580000, 0x00000000f5580000)
  object space 349696K, 99% used [0x00000000e0000000,0x00000000f557eeb8,0x00000000f5580000)
 Metaspace       used 56979K, committed 58176K, reserved 1105920K
  class space    used 5608K, committed 6144K, reserved 1048576K
}
Event: 164.074 GC heap after
{Heap after GC invocations=434 (full 314):
 PSYoungGen      total 19968K, used 15871K [0x00000000f5580000, 0x00000000f7000000, 0x0000000100000000)
  eden space 15872K, 99% used [0x00000000f5580000,0x00000000f64fff40,0x00000000f6500000)
  from space 4096K, 0% used [0x00000000f6c00000,0x00000000f6c00000,0x00000000f7000000)
  to   space 5120K, 0% used [0x00000000f6500000,0x00000000f6500000,0x00000000f6a00000)
 ParOldGen       total 349696K, used 349690K [0x00000000e0000000, 0x00000000f5580000, 0x00000000f5580000)
  object space 349696K, 99% used [0x00000000e0000000,0x00000000f557ea90,0x00000000f5580000)
 Metaspace       used 56979K, committed 58176K, reserved 1105920K
  class space    used 5608K, committed 6144K, reserved 1048576K
}
Event: 164.076 GC heap before
{Heap before GC invocations=435 (full 315):
 PSYoungGen      total 19968K, used 15872K [0x00000000f5580000, 0x00000000f7000000, 0x0000000100000000)
  eden space 15872K, 100% used [0x00000000f5580000,0x00000000f6500000,0x00000000f6500000)
  from space 4096K, 0% used [0x00000000f6c00000,0x00000000f6c00000,0x00000000f7000000)
  to   space 5120K, 0% used [0x00000000f6500000,0x00000000f6500000,0x00000000f6a00000)
 ParOldGen       total 349696K, used 349690K [0x00000000e0000000, 0x00000000f5580000, 0x00000000f5580000)
  object space 349696K, 99% used [0x00000000e0000000,0x00000000f557ea90,0x00000000f5580000)
 Metaspace       used 56979K, committed 58176K, reserved 1105920K
  class space    used 5608K, committed 6144K, reserved 1048576K
}
Event: 164.596 GC heap after
{Heap after GC invocations=435 (full 315):
 PSYoungGen      total 20992K, used 15871K [0x00000000f5580000, 0x00000000f7000000, 0x0000000100000000)
  eden space 15872K, 99% used [0x00000000f5580000,0x00000000f64fff40,0x00000000f6500000)
  from space 5120K, 0% used [0x00000000f6500000,0x00000000f6500000,0x00000000f6a00000)
  to   space 4096K, 0% used [0x00000000f6c00000,0x00000000f6c00000,0x00000000f7000000)
 ParOldGen       total 349696K, used 349690K [0x00000000e0000000, 0x00000000f5580000, 0x00000000f5580000)
  object space 349696K, 99% used [0x00000000e0000000,0x00000000f557ea90,0x00000000f5580000)
 Metaspace       used 56979K, committed 58176K, reserved 1105920K
  class space    used 5608K, committed 6144K, reserved 1048576K
}
Event: 164.597 GC heap before
{Heap before GC invocations=436 (full 316):
 PSYoungGen      total 20992K, used 15871K [0x00000000f5580000, 0x00000000f7000000, 0x0000000100000000)
  eden space 15872K, 99% used [0x00000000f5580000,0x00000000f64ffff0,0x00000000f6500000)
  from space 5120K, 0% used [0x00000000f6500000,0x00000000f6500000,0x00000000f6a00000)
  to   space 4096K, 0% used [0x00000000f6c00000,0x00000000f6c00000,0x00000000f7000000)
 ParOldGen       total 349696K, used 349690K [0x00000000e0000000, 0x00000000f5580000, 0x00000000f5580000)
  object space 349696K, 99% used [0x00000000e0000000,0x00000000f557ea90,0x00000000f5580000)
 Metaspace       used 56979K, committed 58176K, reserved 1105920K
  class space    used 5608K, committed 6144K, reserved 1048576K
}
Event: 165.090 GC heap after
{Heap after GC invocations=436 (full 316):
 PSYoungGen      total 19968K, used 15871K [0x00000000f5580000, 0x00000000f7000000, 0x0000000100000000)
  eden space 15872K, 99% used [0x00000000f5580000,0x00000000f64fffd8,0x00000000f6500000)
  from space 4096K, 0% used [0x00000000f6c00000,0x00000000f6c00000,0x00000000f7000000)
  to   space 5120K, 0% used [0x00000000f6500000,0x00000000f6500000,0x00000000f6a00000)
 ParOldGen       total 349696K, used 349690K [0x00000000e0000000, 0x00000000f5580000, 0x00000000f5580000)
  object space 349696K, 99% used [0x00000000e0000000,0x00000000f557ea90,0x00000000f5580000)
 Metaspace       used 56979K, committed 58176K, reserved 1105920K
  class space    used 5608K, committed 6144K, reserved 1048576K
}
Event: 165.090 GC heap before
{Heap before GC invocations=437 (full 317):
 PSYoungGen      total 19968K, used 15872K [0x00000000f5580000, 0x00000000f7000000, 0x0000000100000000)
  eden space 15872K, 100% used [0x00000000f5580000,0x00000000f6500000,0x00000000f6500000)
  from space 4096K, 0% used [0x00000000f6c00000,0x00000000f6c00000,0x00000000f7000000)
  to   space 5120K, 0% used [0x00000000f6500000,0x00000000f6500000,0x00000000f6a00000)
 ParOldGen       total 349696K, used 349690K [0x00000000e0000000, 0x00000000f5580000, 0x00000000f5580000)
  object space 349696K, 99% used [0x00000000e0000000,0x00000000f557ea90,0x00000000f5580000)
 Metaspace       used 56979K, committed 58176K, reserved 1105920K
  class space    used 5608K, committed 6144K, reserved 1048576K
}
Event: 165.670 GC heap after
{Heap after GC invocations=437 (full 317):
 PSYoungGen      total 20992K, used 15871K [0x00000000f5580000, 0x00000000f7000000, 0x0000000100000000)
  eden space 15872K, 99% used [0x00000000f5580000,0x00000000f64ffff0,0x00000000f6500000)
  from space 5120K, 0% used [0x00000000f6500000,0x00000000f6500000,0x00000000f6a00000)
  to   space 4096K, 0% used [0x00000000f6c00000,0x00000000f6c00000,0x00000000f7000000)
 ParOldGen       total 349696K, used 349690K [0x00000000e0000000, 0x00000000f5580000, 0x00000000f5580000)
  object space 349696K, 99% used [0x00000000e0000000,0x00000000f557ea90,0x00000000f5580000)
 Metaspace       used 56979K, committed 58176K, reserved 1105920K
  class space    used 5608K, committed 6144K, reserved 1048576K
}
Event: 165.670 GC heap before
{Heap before GC invocations=438 (full 318):
 PSYoungGen      total 20992K, used 15871K [0x00000000f5580000, 0x00000000f7000000, 0x0000000100000000)
  eden space 15872K, 99% used [0x00000000f5580000,0x00000000f64ffff0,0x00000000f6500000)
  from space 5120K, 0% used [0x00000000f6500000,0x00000000f6500000,0x00000000f6a00000)
  to   space 4096K, 0% used [0x00000000f6c00000,0x00000000f6c00000,0x00000000f7000000)
 ParOldGen       total 349696K, used 349693K [0x00000000e0000000, 0x00000000f5580000, 0x00000000f5580000)
  object space 349696K, 99% used [0x00000000e0000000,0x00000000f557f498,0x00000000f5580000)
 Metaspace       used 56979K, committed 58176K, reserved 1105920K
  class space    used 5608K, committed 6144K, reserved 1048576K
}
Event: 166.233 GC heap after
{Heap after GC invocations=438 (full 318):
 PSYoungGen      total 19968K, used 15871K [0x00000000f5580000, 0x00000000f7000000, 0x0000000100000000)
  eden space 15872K, 99% used [0x00000000f5580000,0x00000000f64fff18,0x00000000f6500000)
  from space 4096K, 0% used [0x00000000f6c00000,0x00000000f6c00000,0x00000000f7000000)
  to   space 5120K, 0% used [0x00000000f6500000,0x00000000f6500000,0x00000000f6a00000)
 ParOldGen       total 349696K, used 349692K [0x00000000e0000000, 0x00000000f5580000, 0x00000000f5580000)
  object space 349696K, 99% used [0x00000000e0000000,0x00000000f557f388,0x00000000f5580000)
 Metaspace       used 56979K, committed 58176K, reserved 1105920K
  class space    used 5608K, committed 6144K, reserved 1048576K
}
Event: 166.233 GC heap before
{Heap before GC invocations=439 (full 319):
 PSYoungGen      total 19968K, used 15871K [0x00000000f5580000, 0x00000000f7000000, 0x0000000100000000)
  eden space 15872K, 99% used [0x00000000f5580000,0x00000000f64ffff8,0x00000000f6500000)
  from space 4096K, 0% used [0x00000000f6c00000,0x00000000f6c00000,0x00000000f7000000)
  to   space 5120K, 0% used [0x00000000f6500000,0x00000000f6500000,0x00000000f6a00000)
 ParOldGen       total 349696K, used 349692K [0x00000000e0000000, 0x00000000f5580000, 0x00000000f5580000)
  object space 349696K, 99% used [0x00000000e0000000,0x00000000f557f388,0x00000000f5580000)
 Metaspace       used 56979K, committed 58176K, reserved 1105920K
  class space    used 5608K, committed 6144K, reserved 1048576K
}
Event: 166.659 GC heap after
{Heap after GC invocations=439 (full 319):
 PSYoungGen      total 20992K, used 15871K [0x00000000f5580000, 0x00000000f7000000, 0x0000000100000000)
  eden space 15872K, 99% used [0x00000000f5580000,0x00000000f64fff78,0x00000000f6500000)
  from space 5120K, 0% used [0x00000000f6500000,0x00000000f6500000,0x00000000f6a00000)
  to   space 4096K, 0% used [0x00000000f6c00000,0x00000000f6c00000,0x00000000f7000000)
 ParOldGen       total 349696K, used 349692K [0x00000000e0000000, 0x00000000f5580000, 0x00000000f5580000)
  object space 349696K, 99% used [0x00000000e0000000,0x00000000f557f368,0x00000000f5580000)
 Metaspace       used 56979K, committed 58176K, reserved 1105920K
  class space    used 5608K, committed 6144K, reserved 1048576K
}
Event: 166.660 GC heap before
{Heap before GC invocations=440 (full 320):
 PSYoungGen      total 20992K, used 15871K [0x00000000f5580000, 0x00000000f7000000, 0x0000000100000000)
  eden space 15872K, 99% used [0x00000000f5580000,0x00000000f64fffa8,0x00000000f6500000)
  from space 5120K, 0% used [0x00000000f6500000,0x00000000f6500000,0x00000000f6a00000)
  to   space 4096K, 0% used [0x00000000f6c00000,0x00000000f6c00000,0x00000000f7000000)
 ParOldGen       total 349696K, used 349693K [0x00000000e0000000, 0x00000000f5580000, 0x00000000f5580000)
  object space 349696K, 99% used [0x00000000e0000000,0x00000000f557f478,0x00000000f5580000)
 Metaspace       used 56979K, committed 58176K, reserved 1105920K
  class space    used 5608K, committed 6144K, reserved 1048576K
}
Event: 167.116 GC heap after
{Heap after GC invocations=440 (full 320):
 PSYoungGen      total 19968K, used 15871K [0x00000000f5580000, 0x00000000f7000000, 0x0000000100000000)
  eden space 15872K, 99% used [0x00000000f5580000,0x00000000f64fff40,0x00000000f6500000)
  from space 4096K, 0% used [0x00000000f6c00000,0x00000000f6c00000,0x00000000f7000000)
  to   space 5120K, 0% used [0x00000000f6500000,0x00000000f6500000,0x00000000f6a00000)
 ParOldGen       total 349696K, used 349693K [0x00000000e0000000, 0x00000000f5580000, 0x00000000f5580000)
  object space 349696K, 99% used [0x00000000e0000000,0x00000000f557f478,0x00000000f5580000)
 Metaspace       used 56979K, committed 58176K, reserved 1105920K
  class space    used 5608K, committed 6144K, reserved 1048576K
}
Event: 167.116 GC heap before
{Heap before GC invocations=441 (full 321):
 PSYoungGen      total 19968K, used 15871K [0x00000000f5580000, 0x00000000f7000000, 0x0000000100000000)
  eden space 15872K, 99% used [0x00000000f5580000,0x00000000f64fff40,0x00000000f6500000)
  from space 4096K, 0% used [0x00000000f6c00000,0x00000000f6c00000,0x00000000f7000000)
  to   space 5120K, 0% used [0x00000000f6500000,0x00000000f6500000,0x00000000f6a00000)
 ParOldGen       total 349696K, used 349693K [0x00000000e0000000, 0x00000000f5580000, 0x00000000f5580000)
  object space 349696K, 99% used [0x00000000e0000000,0x00000000f557f478,0x00000000f5580000)
 Metaspace       used 56979K, committed 58176K, reserved 1105920K
  class space    used 5608K, committed 6144K, reserved 1048576K
}
Event: 167.626 GC heap after
{Heap after GC invocations=441 (full 321):
 PSYoungGen      total 20992K, used 15871K [0x00000000f5580000, 0x00000000f7000000, 0x0000000100000000)
  eden space 15872K, 99% used [0x00000000f5580000,0x00000000f64fff40,0x00000000f6500000)
  from space 5120K, 0% used [0x00000000f6500000,0x00000000f6500000,0x00000000f6a00000)
  to   space 4096K, 0% used [0x00000000f6c00000,0x00000000f6c00000,0x00000000f7000000)
 ParOldGen       total 349696K, used 349693K [0x00000000e0000000, 0x00000000f5580000, 0x00000000f5580000)
  object space 349696K, 99% used [0x00000000e0000000,0x00000000f557f478,0x00000000f5580000)
 Metaspace       used 56979K, committed 58176K, reserved 1105920K
  class space    used 5608K, committed 6144K, reserved 1048576K
}

Dll operation events (9 events):
Event: 0.003 Loaded shared library /nix/store/gpxl5qgg8kicmcvivwmybwjlpf7wh20l-graalvm17-ce-22.3.0/lib/libjava.so
Event: 0.013 Loaded shared library /nix/store/gpxl5qgg8kicmcvivwmybwjlpf7wh20l-graalvm17-ce-22.3.0/lib/libjsvml.so
Event: 0.108 Loaded shared library /nix/store/gpxl5qgg8kicmcvivwmybwjlpf7wh20l-graalvm17-ce-22.3.0/lib/libnio.so
Event: 0.111 Loaded shared library /nix/store/gpxl5qgg8kicmcvivwmybwjlpf7wh20l-graalvm17-ce-22.3.0/lib/libzip.so
Event: 0.115 Loaded shared library /nix/store/gpxl5qgg8kicmcvivwmybwjlpf7wh20l-graalvm17-ce-22.3.0/lib/libjvmcicompiler.so
Event: 0.322 Loaded shared library /nix/store/gpxl5qgg8kicmcvivwmybwjlpf7wh20l-graalvm17-ce-22.3.0/lib/libjimage.so
Event: 0.532 Loaded shared library /nix/store/gpxl5qgg8kicmcvivwmybwjlpf7wh20l-graalvm17-ce-22.3.0/lib/libnet.so
Event: 2.349 Loaded shared library /home/runner/.cache/jdt-language-server/config/org.eclipse.equinox.launcher/org.eclipse.equinox.launcher.gtk.linux.x86_64_1.2.400.v20211117-0650/eclipse_11600.so
Event: 5.302 Loaded shared library /nix/store/gpxl5qgg8kicmcvivwmybwjlpf7wh20l-graalvm17-ce-22.3.0/lib/libextnet.so

Deoptimization events (20 events):
Event: 22.660 Thread 0x00007f19c04815a0 DEOPT PACKING pc=0x00007f1a18612bdd sp=0x00007f19de5fe530
Event: 22.660 Thread 0x00007f19c04815a0 DEOPT UNPACKING pc=0x00007f1a17505325 sp=0x00007f19de5fda20 mode 0
Event: 22.663 Thread 0x00007f19c04815a0 DEOPT PACKING pc=0x00007f1a18612bdd sp=0x00007f19de5fe530
Event: 22.663 Thread 0x00007f19c04815a0 DEOPT UNPACKING pc=0x00007f1a17505325 sp=0x00007f19de5fda20 mode 0
Event: 22.665 Thread 0x00007f19c04815a0 DEOPT PACKING pc=0x00007f1a18612bdd sp=0x00007f19de5fe530
Event: 22.665 Thread 0x00007f19c04815a0 DEOPT UNPACKING pc=0x00007f1a17505325 sp=0x00007f19de5fda20 mode 0
Event: 22.676 Thread 0x00007f19c04815a0 DEOPT PACKING pc=0x00007f1a18612bdd sp=0x00007f19de5fe530
Event: 22.676 Thread 0x00007f19c04815a0 DEOPT UNPACKING pc=0x00007f1a17505325 sp=0x00007f19de5fda20 mode 0
Event: 22.678 Thread 0x00007f19c04815a0 DEOPT PACKING pc=0x00007f1a18612bdd sp=0x00007f19de5fe530
Event: 22.678 Thread 0x00007f19c04815a0 DEOPT UNPACKING pc=0x00007f1a17505325 sp=0x00007f19de5fda20 mode 0
Event: 22.684 Thread 0x00007f19c04815a0 DEOPT PACKING pc=0x00007f1a18612b6c sp=0x00007f19de5fe530
Event: 22.684 Thread 0x00007f19c04815a0 DEOPT UNPACKING pc=0x00007f1a17505325 sp=0x00007f19de5fda20 mode 0
Event: 22.686 Thread 0x00007f19c04815a0 DEOPT PACKING pc=0x00007f1a18612bdd sp=0x00007f19de5fe530
Event: 22.686 Thread 0x00007f19c04815a0 DEOPT UNPACKING pc=0x00007f1a17505325 sp=0x00007f19de5fda20 mode 0
Event: 35.807 Thread 0x00007f1a30324f60 Uncommon trap: trap_request=0xffffffcd fr.pc=0x00007f1a1f1c49e9 relative=0x0000000000000349
Event: 35.807 Thread 0x00007f1a30324f60 Uncommon trap: reason=intrinsic_or_type_checked_inlining action=reinterpret pc=0x00007f1a1f1c49e9 method=java.nio.channels.spi.AbstractInterruptibleChannel.close()V @ 11 jvmci
Event: 35.807 Thread 0x00007f1a30324f60 DEOPT PACKING pc=0x00007f1a1f1c49e9 sp=0x00007f1a147fe350
Event: 35.807 Thread 0x00007f1a30324f60 DEOPT UNPACKING pc=0x00007f1a17505325 sp=0x00007f1a147fd7e0 mode 3
Event: 97.618 Thread 0x00007f1a30324f60 DEOPT PACKING pc=0x00007f1a17ae2ff0 sp=0x00007f1a147fe3a0
Event: 97.618 Thread 0x00007f1a30324f60 DEOPT UNPACKING pc=0x00007f1a17505325 sp=0x00007f1a147fd908 mode 0

Classes unloaded (20 events):
Event: 97.232 Thread 0x00007f1a300c2780 Unloading class 0x0000000800ea8000 'jdk/internal/reflect/GeneratedConstructorAccessor7'
Event: 97.232 Thread 0x00007f1a300c2780 Unloading class 0x0000000800d99000 'java/lang/invoke/LambdaForm$MH+0x0000000800d99000'
Event: 97.232 Thread 0x00007f1a300c2780 Unloading class 0x0000000800d98c00 'java/lang/invoke/LambdaForm$MH+0x0000000800d98c00'
Event: 97.232 Thread 0x00007f1a300c2780 Unloading class 0x0000000800d98800 'java/lang/invoke/LambdaForm$MH+0x0000000800d98800'
Event: 97.232 Thread 0x00007f1a300c2780 Unloading class 0x0000000800d98400 'java/lang/invoke/LambdaForm$MH+0x0000000800d98400'
Event: 97.232 Thread 0x00007f1a300c2780 Unloading class 0x0000000800d98000 'jdk/internal/reflect/GeneratedConstructorAccessor3'
Event: 97.233 Thread 0x00007f1a300c2780 Unloading class 0x0000000800d06800 'java/lang/invoke/LambdaForm$MH+0x0000000800d06800'
Event: 97.233 Thread 0x00007f1a300c2780 Unloading class 0x0000000800d06000 'java/lang/invoke/LambdaForm$MH+0x0000000800d06000'
Event: 97.233 Thread 0x00007f1a300c2780 Unloading class 0x0000000800d05c00 'java/lang/invoke/LambdaForm$MH+0x0000000800d05c00'
Event: 97.233 Thread 0x00007f1a300c2780 Unloading class 0x0000000800d05800 'java/lang/invoke/LambdaForm$MH+0x0000000800d05800'
Event: 97.233 Thread 0x00007f1a300c2780 Unloading class 0x0000000800d05000 'java/lang/invoke/LambdaForm$MH+0x0000000800d05000'
Event: 97.233 Thread 0x00007f1a300c2780 Unloading class 0x0000000800d04c00 'java/lang/invoke/LambdaForm$MH+0x0000000800d04c00'
Event: 97.233 Thread 0x00007f1a300c2780 Unloading class 0x0000000800d04800 'java/lang/invoke/LambdaForm$MH+0x0000000800d04800'
Event: 97.233 Thread 0x00007f1a300c2780 Unloading class 0x0000000800d04000 'java/lang/invoke/LambdaForm$MH+0x0000000800d04000'
Event: 97.233 Thread 0x00007f1a300c2780 Unloading class 0x0000000800c1d000 'jdk/internal/reflect/GeneratedMethodAccessor5'
Event: 97.233 Thread 0x00007f1a300c2780 Unloading class 0x0000000800c1cc00 'jdk/internal/reflect/GeneratedMethodAccessor4'
Event: 97.233 Thread 0x00007f1a300c2780 Unloading class 0x0000000800c1c800 'jdk/internal/reflect/GeneratedMethodAccessor3'
Event: 97.233 Thread 0x00007f1a300c2780 Unloading class 0x0000000800c1c400 'jdk/internal/reflect/GeneratedMethodAccessor2'
Event: 97.233 Thread 0x00007f1a300c2780 Unloading class 0x0000000800c1c000 'jdk/internal/reflect/GeneratedMethodAccessor1'
Event: 97.233 Thread 0x00007f1a300c2780 Unloading class 0x0000000800c01c00 'java/lang/invoke/LambdaForm$DMH+0x0000000800c01c00'

Classes redefined (0 events):
No events

Internal exceptions (20 events):
Event: 11.022 Thread 0x00007f1998000ff0 Exception <a 'java/io/FileNotFoundException'{0x00000000f58ca268}> (0x00000000f58ca268) 
thrown [src/hotspot/share/prims/jni.cpp, line 516]
Event: 11.022 Thread 0x00007f1998000ff0 Exception <a 'java/io/FileNotFoundException'{0x00000000f58cb500}> (0x00000000f58cb500) 
thrown [src/hotspot/share/prims/jni.cpp, line 516]
Event: 11.048 Thread 0x00007f1998000ff0 Exception <a 'java/lang/NoSuchMethodError'{0x00000000f56c8148}: static Lorg/eclipse/m2e/core/internal/lifecyclemapping/model/PluginExecutionMetadata;.<clinit>()V> (0x00000000f56c8148) 
thrown [src/hotspot/share/prims/jni.cpp, line 1107]
Event: 11.050 Thread 0x00007f1998000ff0 Exception <a 'java/lang/NoSuchMethodError'{0x00000000f5708648}: static Lorg/eclipse/m2e/core/internal/lifecyclemapping/model/PluginExecutionFilter;.<clinit>()V> (0x00000000f5708648) 
thrown [src/hotspot/share/prims/jni.cpp, line 1107]
Event: 11.101 Thread 0x00007f1998000ff0 Exception <a 'sun/nio/fs/UnixException'{0x00000000f58579e0}> (0x00000000f58579e0) 
thrown [src/hotspot/share/prims/jni.cpp, line 516]
Event: 11.105 Thread 0x00007f1998000ff0 Exception <a 'sun/nio/fs/UnixException'{0x00000000f596d660}> (0x00000000f596d660) 
thrown [src/hotspot/share/prims/jni.cpp, line 516]
Event: 11.107 Thread 0x00007f1998000ff0 Exception <a 'sun/nio/fs/UnixException'{0x00000000f59db418}> (0x00000000f59db418) 
thrown [src/hotspot/share/prims/jni.cpp, line 516]
Event: 11.442 Thread 0x00007f1a30392020 Exception <a 'java/lang/NoSuchMethodError'{0x00000000f59bcc38}: 'java.lang.Object java.lang.invoke.DirectMethodHandle$Holder.invokeInterface(java.lang.Object, java.lang.Object, java.lang.Object)'> (0x00000000f59bcc38) 
thrown [src/hotspot/share/interpreter/linkResolver.cpp, line 758]
Event: 11.518 Thread 0x00007f19ac0010d0 Exception <a 'java/lang/NoSuchMethodError'{0x00000000f55ded10}: static [Lorg/eclipse/core/runtime/IPath;.<clinit>()V> (0x00000000f55ded10) 
thrown [src/hotspot/share/prims/jni.cpp, line 1107]
Event: 11.525 Thread 0x00007f19ac0010d0 Exception <a 'java/lang/NoSuchMethodError'{0x00000000f5747fe0}: static [J.<clinit>()V> (0x00000000f5747fe0) 
thrown [src/hotspot/share/prims/jni.cpp, line 1107]
Event: 12.566 Thread 0x00007f19ac10ce80 Exception <a 'java/io/FileNotFoundException'{0x00000000f5b85328}> (0x00000000f5b85328) 
thrown [src/hotspot/share/prims/jni.cpp, line 516]
Event: 12.604 Thread 0x00007f19ac10ce80 Exception <a 'java/lang/NoSuchMethodError'{0x00000000f5cad4a0}: 'java.lang.Object java.lang.invoke.DirectMethodHandle$Holder.newInvokeSpecial(java.lang.Object, java.lang.Object, int, java.lang.Object, java.lang.Object)'> (0x00000000f5cad4a0) 
thrown [src/hotspot/share/interpreter/linkResolver.cpp, line 758]
Event: 12.605 Thread 0x00007f19ac10ce80 Exception <a 'java/lang/NoSuchMethodError'{0x00000000f5d43a90}: 'java.lang.Object java.lang.invoke.DirectMethodHandle$Holder.invokeSpecial(java.lang.Object, java.lang.Object, java.lang.Object, int, java.lang.Object, java.lang.Object)'> (0x00000000f5d43a90) 
thrown [src/hotspot/share/interpreter/linkResolver.cpp, line 758]
Event: 12.656 Thread 0x00007f19ac10ce80 Exception <a 'java/lang/NoSuchMethodError'{0x00000000f57f1c70}: 'java.lang.Object java.lang.invoke.DirectMethodHandle$Holder.newInvokeSpecial(java.lang.Object, java.lang.Object, java.lang.Object, int, java.lang.Object)'> (0x00000000f57f1c70) 
thrown [src/hotspot/share/interpreter/linkResolver.cpp, line 758]
Event: 12.657 Thread 0x00007f19ac10ce80 Exception <a 'java/lang/NoSuchMethodError'{0x00000000f57f5e20}: 'java.lang.Object java.lang.invoke.DirectMethodHandle$Holder.invokeSpecial(java.lang.Object, java.lang.Object, java.lang.Object, java.lang.Object, int, java.lang.Object)'> (0x00000000f57f5e20) 
thrown [src/hotspot/share/interpreter/linkResolver.cpp, line 758]
Event: 12.657 Thread 0x00007f19ac10ce80 Exception <a 'java/lang/NoSuchMethodError'{0x00000000f57f9908}: 'java.lang.Object java.lang.invoke.Invokers$Holder.linkToTargetMethod(java.lang.Object, java.lang.Object, int, java.lang.Object, java.lang.Object)'> (0x00000000f57f9908) 
thrown [src/hotspot/share/interpreter/linkResolver.cpp, line 758]
Event: 13.103 Thread 0x00007f19a00010d0 Implicit null exception at 0x00007f1a1f0c5a69 to 0x00007f1a1f0c5c1b
Event: 15.406 Thread 0x00007f19c04815a0 Implicit null exception at 0x00007f1a1f191f26 to 0x00007f1a1f194b8f
Event: 16.927 Thread 0x00007f19c04815a0 Implicit null exception at 0x00007f1a1f1a2895 to 0x00007f1a1f1a2f7e
Event: 167.627 Thread 0x00007f1a300d2d90 Exception <a 'java/lang/OutOfMemoryError'{0x00000000e0332028}> (0x00000000e0332028) 
thrown [src/hotspot/share/gc/shared/memAllocator.cpp, line 136]

VM Operations (20 events):
Event: 162.661 Executing VM operation: ParallelGCFailedAllocation done
Event: 162.662 Executing VM operation: ParallelGCFailedAllocation
Event: 163.158 Executing VM operation: ParallelGCFailedAllocation done
Event: 163.158 Executing VM operation: ParallelGCFailedAllocation
Event: 163.613 Executing VM operation: ParallelGCFailedAllocation done
Event: 163.613 Executing VM operation: ParallelGCFailedAllocation
Event: 164.074 Executing VM operation: ParallelGCFailedAllocation done
Event: 164.075 Executing VM operation: ParallelGCFailedAllocation
Event: 164.597 Executing VM operation: ParallelGCFailedAllocation done
Event: 164.597 Executing VM operation: ParallelGCFailedAllocation
Event: 165.090 Executing VM operation: ParallelGCFailedAllocation done
Event: 165.090 Executing VM operation: ParallelGCFailedAllocation
Event: 165.670 Executing VM operation: ParallelGCFailedAllocation done
Event: 165.670 Executing VM operation: ParallelGCFailedAllocation
Event: 166.233 Executing VM operation: ParallelGCFailedAllocation done
Event: 166.233 Executing VM operation: ParallelGCFailedAllocation
Event: 166.659 Executing VM operation: ParallelGCFailedAllocation done
Event: 166.659 Executing VM operation: ParallelGCFailedAllocation
Event: 167.627 Executing VM operation: ParallelGCFailedAllocation done
Event: 167.627 Executing VM operation: ParallelGCFailedAllocation

Events (20 events):
Event: 19.603 Thread 0x00007f1a300d56f0 flushing nmethod 0x00007f1a18979690
Event: 19.603 Thread 0x00007f1a300d56f0 flushing nmethod 0x00007f1a18979f10
Event: 19.603 Thread 0x00007f1a300d56f0 flushing nmethod 0x00007f1a18985410
Event: 19.603 Thread 0x00007f1a300d56f0 flushing nmethod 0x00007f1a18987110
Event: 19.603 Thread 0x00007f1a300d56f0 flushing nmethod 0x00007f1a18987490
Event: 19.603 Thread 0x00007f1a300d56f0 flushing nmethod 0x00007f1a1898f190
Event: 19.603 Thread 0x00007f1a300d56f0 flushing nmethod 0x00007f1a189a5710
Event: 19.604 Thread 0x00007f1a300d56f0 flushing nmethod 0x00007f1a18a36590
Event: 19.604 Thread 0x00007f1a300d56f0 flushing nmethod 0x00007f1a18a57d10
Event: 19.604 Thread 0x00007f1a300d56f0 flushing nmethod 0x00007f1a18a6c010
Event: 19.604 Thread 0x00007f1a300d56f0 flushing nmethod 0x00007f1a18a87810
Event: 19.604 Thread 0x00007f1a300d56f0 flushing nmethod 0x00007f1a18a8bb10
Event: 19.604 Thread 0x00007f1a300d56f0 flushing nmethod 0x00007f1a18a8f390
Event: 19.604 Thread 0x00007f1a300d56f0 flushing nmethod 0x00007f1a18a92e10
Event: 60.885 Thread 0x00007f1a302180d0 Thread exited: 0x00007f1a302180d0
Event: 70.367 Thread 0x00007f19b400d160 Thread exited: 0x00007f19b400d160
Event: 71.451 Thread 0x00007f1988471520 Thread exited: 0x00007f1988471520
Event: 74.595 Thread 0x00007f19ac10ce80 Thread exited: 0x00007f19ac10ce80
Event: 75.134 Thread 0x00007f19ac0010d0 Thread exited: 0x00007f19ac0010d0
Event: 75.134 Thread 0x00007f19a00010d0 Thread exited: 0x00007f19a00010d0


Dynamic libraries:
e0000000-f3c00000 rw-p 00000000 00:00 0 
f3c00000-f7000000 rw-p 00000000 00:00 0 
f7000000-100000000 ---p 00000000 00:00 0 
800000000-800449000 rw-p 00001000 00:eaf 4611686019135357769             /nix/store/gpxl5qgg8kicmcvivwmybwjlpf7wh20l-graalvm17-ce-22.3.0/lib/server/classes.jsa
800449000-800bc8000 r--p 0044a000 00:eaf 4611686019135357769             /nix/store/gpxl5qgg8kicmcvivwmybwjlpf7wh20l-graalvm17-ce-22.3.0/lib/server/classes.jsa
800bc8000-800c00000 ---p 00000000 00:00 0 
800c00000-800c10000 rw-p 00000000 00:00 0 
800c10000-800c30000 rw-p 00000000 00:00 0 
800c30000-800cb0000 rw-p 00000000 00:00 0 
800cb0000-800cf0000 rw-p 00000000 00:00 0 
800cf0000-800db0000 rw-p 00000000 00:00 0 
800db0000-800df0000 rw-p 00000000 00:00 0 
800df0000-800eb0000 rw-p 00000000 00:00 0 
800eb0000-800f30000 rw-p 00000000 00:00 0 
800f30000-800f70000 rw-p 00000000 00:00 0 
800f70000-801200000 rw-p 00000000 00:00 0 
801200000-840c00000 ---p 00000000 00:00 0 
555c4f740000-555c4f741000 r-xp 00000000 00:eaf 4611686019099417844       /nix/store/gpxl5qgg8kicmcvivwmybwjlpf7wh20l-graalvm17-ce-22.3.0/bin/.java-wrapped
555c4f742000-555c4f743000 r--p 00001000 00:eaf 4611686019099417844       /nix/store/gpxl5qgg8kicmcvivwmybwjlpf7wh20l-graalvm17-ce-22.3.0/bin/.java-wrapped
555c4f743000-555c4f744000 rw-p 00002000 00:eaf 4611686019099417844       /nix/store/gpxl5qgg8kicmcvivwmybwjlpf7wh20l-graalvm17-ce-22.3.0/bin/.java-wrapped
555c4f744000-555c4f745000 rw-p 00004000 00:eaf 4611686019099417844       /nix/store/gpxl5qgg8kicmcvivwmybwjlpf7wh20l-graalvm17-ce-22.3.0/bin/.java-wrapped
555c4f745000-555c4f746000 rw-p 00005000 00:eaf 4611686019099417844       /nix/store/gpxl5qgg8kicmcvivwmybwjlpf7wh20l-graalvm17-ce-22.3.0/bin/.java-wrapped
555c50ba8000-555c50bf0000 rw-p 00000000 00:00 0                          [heap]
7f1960000000-7f1960021000 rw-p 00000000 00:00 0 
7f1960021000-7f1964000000 ---p 00000000 00:00 0 
7f1968000000-7f1968021000 rw-p 00000000 00:00 0 
7f1968021000-7f196c000000 ---p 00000000 00:00 0 
7f196c000000-7f196c021000 rw-p 00000000 00:00 0 
7f196c021000-7f1970000000 ---p 00000000 00:00 0 
7f1970000000-7f1970021000 rw-p 00000000 00:00 0 
7f1970021000-7f1974000000 ---p 00000000 00:00 0 
7f1974a00000-7f1974b00000 ---p 00000000 00:00 0 
7f1974b00000-7f19750af000 r--p 01122000 00:eaf 4611686019135190040       /nix/store/gpxl5qgg8kicmcvivwmybwjlpf7wh20l-graalvm17-ce-22.3.0/lib/libjvmcicompiler.so
7f19750af000-7f1975200000 r--p 00000000 00:00 0 
7f1975200000-7f197523d000 rw-p 00000000 00:00 0 
7f197523d000-7f197575d000 rw-p 0185f000 00:eaf 4611686019135190040       /nix/store/gpxl5qgg8kicmcvivwmybwjlpf7wh20l-graalvm17-ce-22.3.0/lib/libjvmcicompiler.so
7f197575d000-7f1975b44000 r--p 01d7f000 00:eaf 4611686019135190040       /nix/store/gpxl5qgg8kicmcvivwmybwjlpf7wh20l-graalvm17-ce-22.3.0/lib/libjvmcicompiler.so
7f1975c00000-7f1975f10000 rw-p 00000000 00:00 0 
7f1975f10000-7f1976400000 ---p 00000000 00:00 0 
7f19764b3000-7f1980000000 r--s 00000000 00:eaf 4611686019135192581       /nix/store/gpxl5qgg8kicmcvivwmybwjlpf7wh20l-graalvm17-ce-22.3.0/lib/modules
7f1980000000-7f198005f000 rw-p 00000000 00:00 0 
7f198005f000-7f1984000000 ---p 00000000 00:00 0 
7f1984000000-7f1984021000 rw-p 00000000 00:00 0 
7f1984021000-7f1988000000 ---p 00000000 00:00 0 
7f1988000000-7f1988519000 rw-p 00000000 00:00 0 
7f1988519000-7f198c000000 ---p 00000000 00:00 0 
7f198c000000-7f198c021000 rw-p 00000000 00:00 0 
7f198c021000-7f1990000000 ---p 00000000 00:00 0 
7f1990000000-7f1990021000 rw-p 00000000 00:00 0 
7f1990021000-7f1994000000 ---p 00000000 00:00 0 
7f1994000000-7f1994152000 rw-p 00000000 00:00 0 
7f1994152000-7f1998000000 ---p 00000000 00:00 0 
7f1998000000-7f1998138000 rw-p 00000000 00:00 0 
7f1998138000-7f199c000000 ---p 00000000 00:00 0 
7f199c000000-7f199c021000 rw-p 00000000 00:00 0 
7f199c021000-7f19a0000000 ---p 00000000 00:00 0 
7f19a0000000-7f19a0317000 rw-p 00000000 00:00 0 
7f19a0317000-7f19a4000000 ---p 00000000 00:00 0 
7f19a4000000-7f19a407b000 rw-p 00000000 00:00 0 
7f19a407b000-7f19a8000000 ---p 00000000 00:00 0 
7f19a8000000-7f19a8021000 rw-p 00000000 00:00 0 
7f19a8021000-7f19ac000000 ---p 00000000 00:00 0 
7f19ac000000-7f19ac113000 rw-p 00000000 00:00 0 
7f19ac113000-7f19b0000000 ---p 00000000 00:00 0 
7f19b0000000-7f19b0021000 rw-p 00000000 00:00 0 
7f19b0021000-7f19b4000000 ---p 00000000 00:00 0 
7f19b4000000-7f19b4021000 rw-p 00000000 00:00 0 
7f19b4021000-7f19b8000000 ---p 00000000 00:00 0 
7f19b8000000-7f19b8035000 rw-p 00000000 00:00 0 
7f19b8035000-7f19bc000000 ---p 00000000 00:00 0 
7f19bc000000-7f19bc1c0000 rw-p 00000000 00:00 0 
7f19bc1c0000-7f19bc200000 ---p 00000000 00:00 0 
7f19bc200000-7f19bc7f0000 rw-p 00000000 00:00 0 
7f19bc7f0000-7f19bc800000 rw-p 00000000 00:00 0 
7f19bd000000-7f19bd370000 rw-p 00000000 00:00 0 
7f19bd370000-7f19bd3f0000 rw-p 00000000 00:00 0 
7f19bd3f0000-7f19bd7f0000 rw-p 00000000 00:00 0 
7f19bd7f0000-7f19bd8f0000 rw-p 00000000 00:00 0 
7f19bd8f0000-7f19bd9f0000 rw-p 00000000 00:00 0 
7f19bd9f0000-7f19bdaf0000 rw-p 00000000 00:00 0 
7f19bdaf0000-7f19bdbf0000 rw-p 00000000 00:00 0 
7f19bdbf0000-7f19bdff0000 rw-p 00000000 00:00 0 
7f19bdff0000-7f19be0f0000 rw-p 00000000 00:00 0 
7f19be0f0000-7f19be1f0000 rw-p 00000000 00:00 0 
7f19be1f0000-7f19be6f0000 rw-p 00000000 00:00 0 
7f19be6f0000-7f19be730000 rw-p 00000000 00:00 0 
7f19be730000-7f19be770000 rw-p 00000000 00:00 0 
7f19be770000-7f19be7f0000 rw-p 00000000 00:00 0 
7f19be7f0000-7f19be8f0000 rw-p 00000000 00:00 0 
7f19be8f0000-7f19be9f0000 rw-p 00000000 00:00 0 
7f19be9f0000-7f19becf0000 rw-p 00000000 00:00 0 
7f19becf0000-7f19bedf0000 rw-p 00000000 00:00 0 
7f19bedf0000-7f19bf000000 rw-p 00000000 00:00 0 
7f19bf000000-7f19bf010000 r-xp 00000000 00:e47 366                       /home/runner/.cache/jdt-language-server/config/org.eclipse.equinox.launcher/org.eclipse.equinox.launcher.gtk.linux.x86_64_1.2.400.v20211117-0650/eclipse_11600.so
7f19bf010000-7f19bf20f000 ---p 00010000 00:e47 366                       /home/runner/.cache/jdt-language-server/config/org.eclipse.equinox.launcher/org.eclipse.equinox.launcher.gtk.linux.x86_64_1.2.400.v20211117-0650/eclipse_11600.so
7f19bf20f000-7f19bf210000 r--p 0000f000 00:e47 366                       /home/runner/.cache/jdt-language-server/config/org.eclipse.equinox.launcher/org.eclipse.equinox.launcher.gtk.linux.x86_64_1.2.400.v20211117-0650/eclipse_11600.so
7f19bf210000-7f19bf211000 rw-p 00010000 00:e47 366                       /home/runner/.cache/jdt-language-server/config/org.eclipse.equinox.launcher/org.eclipse.equinox.launcher.gtk.linux.x86_64_1.2.400.v20211117-0650/eclipse_11600.so
7f19c0000000-7f19c08ba000 rw-p 00000000 00:00 0 
7f19c08ba000-7f19c4000000 ---p 00000000 00:00 0 
7f19c4000000-7f19c403d000 rw-p 00000000 00:00 0 
7f19c403d000-7f19c8000000 ---p 00000000 00:00 0 
7f19c8000000-7f19c8021000 rw-p 00000000 00:00 0 
7f19c8021000-7f19cc000000 ---p 00000000 00:00 0 
7f19cc000000-7f19cc021000 rw-p 00000000 00:00 0 
7f19cc021000-7f19d0000000 ---p 00000000 00:00 0 
7f19d0000000-7f19d0021000 rw-p 00000000 00:00 0 
7f19d0021000-7f19d4000000 ---p 00000000 00:00 0 
7f19d4000000-7f19d4021000 rw-p 00000000 00:00 0 
7f19d4021000-7f19d8000000 ---p 00000000 00:00 0 
7f19d8000000-7f19d8021000 rw-p 00000000 00:00 0 
7f19d8021000-7f19dc000000 ---p 00000000 00:00 0 
7f19dc4fe000-7f19dc4ff000 ---p 00000000 00:00 0 
7f19dc4ff000-7f19dc600000 rw-p 00000000 00:00 0 
7f19dd500000-7f19dd504000 ---p 00000000 00:00 0 
7f19dd504000-7f19dd600000 rw-p 00000000 00:00 0 
7f19dd700000-7f19dd704000 ---p 00000000 00:00 0 
7f19dd704000-7f19dd800000 rw-p 00000000 00:00 0 
7f19dd800000-7f19dd804000 ---p 00000000 00:00 0 
7f19dd804000-7f19dd900000 rw-p 00000000 00:00 0 
7f19dd900000-7f19dd904000 ---p 00000000 00:00 0 
7f19dd904000-7f19dda00000 rw-p 00000000 00:00 0 
7f19ddb00000-7f19ddb04000 ---p 00000000 00:00 0 
7f19ddb04000-7f19ddc00000 rw-p 00000000 00:00 0 
7f19ddd00000-7f19ddd04000 ---p 00000000 00:00 0 
7f19ddd04000-7f19dde00000 rw-p 00000000 00:00 0 
7f19ddf00000-7f19ddf04000 ---p 00000000 00:00 0 
7f19ddf04000-7f19de000000 rw-p 00000000 00:00 0 
7f19de100000-7f19de104000 ---p 00000000 00:00 0 
7f19de104000-7f19de200000 rw-p 00000000 00:00 0 
7f19de300000-7f19de304000 ---p 00000000 00:00 0 
7f19de304000-7f19de400000 rw-p 00000000 00:00 0 
7f19de400000-7f19de404000 ---p 00000000 00:00 0 
7f19de404000-7f19de500000 rw-p 00000000 00:00 0 
7f19de500000-7f19de504000 ---p 00000000 00:00 0 
7f19de504000-7f19de600000 rw-p 00000000 00:00 0 
7f19de600000-7f19de604000 ---p 00000000 00:00 0 
7f19de604000-7f19de700000 rw-p 00000000 00:00 0 
7f19de700000-7f19de704000 ---p 00000000 00:00 0 
7f19de704000-7f19de800000 rw-p 00000000 00:00 0 
7f19de800000-7f19de804000 ---p 00000000 00:00 0 
7f19de804000-7f19de900000 rw-p 00000000 00:00 0 
7f19de900000-7f19de904000 ---p 00000000 00:00 0 
7f19de904000-7f19dea00000 rw-p 00000000 00:00 0 
7f19deb00000-7f19deb04000 ---p 00000000 00:00 0 
7f19deb04000-7f19dec00000 rw-p 00000000 00:00 0 
7f19ded00000-7f19ded04000 ---p 00000000 00:00 0 
7f19ded04000-7f19dee00000 rw-p 00000000 00:00 0 
7f19dfa68000-7f19dff00000 rw-p 00000000 00:00 0 
7f19e0000000-7f19e0021000 rw-p 00000000 00:00 0 
7f19e0021000-7f19e4000000 ---p 00000000 00:00 0 
7f19e4000000-7f19e4021000 rw-p 00000000 00:00 0 
7f19e4021000-7f19e8000000 ---p 00000000 00:00 0 
7f19e8000000-7f19e8021000 rw-p 00000000 00:00 0 
7f19e8021000-7f19ec000000 ---p 00000000 00:00 0 
7f19ec000000-7f19ec021000 rw-p 00000000 00:00 0 
7f19ec021000-7f19f0000000 ---p 00000000 00:00 0 
7f19f0000000-7f19f00f4000 rw-p 00000000 00:00 0 
7f19f00f4000-7f19f4000000 ---p 00000000 00:00 0 
7f19f4000000-7f19f4bc5000 rw-p 00000000 00:00 0 
7f19f4bc5000-7f19f8000000 ---p 00000000 00:00 0 
7f19f8000000-7f19f8021000 rw-p 00000000 00:00 0 
7f19f8021000-7f19fc000000 ---p 00000000 00:00 0 
7f19fc000000-7f19fc021000 rw-p 00000000 00:00 0 
7f19fc021000-7f1a00000000 ---p 00000000 00:00 0 
7f1a00000000-7f1a00021000 rw-p 00000000 00:00 0 
7f1a00021000-7f1a04000000 ---p 00000000 00:00 0 
7f1a04000000-7f1a04021000 rw-p 00000000 00:00 0 
7f1a04021000-7f1a08000000 ---p 00000000 00:00 0 
7f1a08000000-7f1a08021000 rw-p 00000000 00:00 0 
7f1a08021000-7f1a0c000000 ---p 00000000 00:00 0 
7f1a0c000000-7f1a0c021000 rw-p 00000000 00:00 0 
7f1a0c021000-7f1a10000000 ---p 00000000 00:00 0 
7f1a10000000-7f1a10026000 rw-p 00000000 00:00 0 
7f1a10026000-7f1a14000000 ---p 00000000 00:00 0 
7f1a14000000-7f1a14004000 ---p 00000000 00:00 0 
7f1a14004000-7f1a14100000 rw-p 00000000 00:00 0 
7f1a14100000-7f1a14104000 ---p 00000000 00:00 0 
7f1a14104000-7f1a14200000 rw-p 00000000 00:00 0 
7f1a14300000-7f1a14304000 ---p 00000000 00:00 0 
7f1a14304000-7f1a14400000 rw-p 00000000 00:00 0 
7f1a14500000-7f1a14504000 ---p 00000000 00:00 0 
7f1a14504000-7f1a14600000 rw-p 00000000 00:00 0 
7f1a14700000-7f1a14704000 ---p 00000000 00:00 0 
7f1a14704000-7f1a14800000 rw-p 00000000 00:00 0 
7f1a14900000-7f1a14904000 ---p 00000000 00:00 0 
7f1a14904000-7f1a14a00000 rw-p 00000000 00:00 0 
7f1a14b00000-7f1a14b04000 ---p 00000000 00:00 0 
7f1a14b04000-7f1a14c00000 rw-p 00000000 00:00 0 
7f1a14c00000-7f1a16d6a000 r-xp 00000000 00:eaf 4611686019135190040       /nix/store/gpxl5qgg8kicmcvivwmybwjlpf7wh20l-graalvm17-ce-22.3.0/lib/libjvmcicompiler.so
7f1a16d6a000-7f1a16f69000 ---p 0216a000 00:eaf 4611686019135190040       /nix/store/gpxl5qgg8kicmcvivwmybwjlpf7wh20l-graalvm17-ce-22.3.0/lib/libjvmcicompiler.so
7f1a16f69000-7f1a16f6a000 r--p 02169000 00:eaf 4611686019135190040       /nix/store/gpxl5qgg8kicmcvivwmybwjlpf7wh20l-graalvm17-ce-22.3.0/lib/libjvmcicompiler.so
7f1a16f6a000-7f1a16f6c000 rw-p 0216a000 00:eaf 4611686019135190040       /nix/store/gpxl5qgg8kicmcvivwmybwjlpf7wh20l-graalvm17-ce-22.3.0/lib/libjvmcicompiler.so
7f1a16f6c000-7f1a16f6d000 rw-p 00000000 00:00 0 
7f1a16f6d000-7f1a16f72000 rw-p 023c3000 00:eaf 4611686019135190040       /nix/store/gpxl5qgg8kicmcvivwmybwjlpf7wh20l-graalvm17-ce-22.3.0/lib/libjvmcicompiler.so
7f1a16fb1000-7f1a16fb2000 ---p 00000000 00:00 0 
7f1a16fb2000-7f1a170b3000 rw-p 00000000 00:00 0 
7f1a170b3000-7f1a170b7000 ---p 00000000 00:00 0 
7f1a170b7000-7f1a171b3000 rw-p 00000000 00:00 0 
7f1a171b3000-7f1a171b7000 ---p 00000000 00:00 0 
7f1a171b7000-7f1a172b3000 rw-p 00000000 00:00 0 
7f1a172b3000-7f1a172b7000 ---p 00000000 00:00 0 
7f1a172b7000-7f1a174b3000 rw-p 00000000 00:00 0 
7f1a174b3000-7f1a17723000 rwxp 00000000 00:00 0 
7f1a17723000-7f1a17a42000 ---p 00000000 00:00 0 
7f1a17a42000-7f1a18ac2000 rwxp 00000000 00:00 0 
7f1a18ac2000-7f1a1ef7a000 ---p 00000000 00:00 0 
7f1a1ef7a000-7f1a1f20a000 rwxp 00000000 00:00 0 
7f1a1f20a000-7f1a264b3000 ---p 00000000 00:00 0 
7f1a264b3000-7f1a30000000 r--s 00000000 00:eaf 4611686019135192581       /nix/store/gpxl5qgg8kicmcvivwmybwjlpf7wh20l-graalvm17-ce-22.3.0/lib/modules
7f1a30000000-7f1a30623000 rw-p 00000000 00:00 0 
7f1a30623000-7f1a34000000 ---p 00000000 00:00 0 
7f1a34018000-7f1a3401c000 ---p 00000000 00:00 0 
7f1a3401c000-7f1a34118000 rw-p 00000000 00:00 0 
7f1a34118000-7f1a3411c000 ---p 00000000 00:00 0 
7f1a3411c000-7f1a34318000 rw-p 00000000 00:00 0 
7f1a34318000-7f1a3431c000 ---p 00000000 00:00 0 
7f1a3431c000-7f1a34418000 rw-p 00000000 00:00 0 
7f1a34418000-7f1a3441c000 ---p 00000000 00:00 0 
7f1a3441c000-7f1a34518000 rw-p 00000000 00:00 0 
7f1a34518000-7f1a3451c000 ---p 00000000 00:00 0 
7f1a3451c000-7f1a34618000 rw-p 00000000 00:00 0 
7f1a34618000-7f1a348fe000 r--p 00000000 00:a72 28444448                  /usr/lib/locale/locale-archive
7f1a348fe000-7f1a34902000 ---p 00000000 00:00 0 
7f1a34902000-7f1a349fe000 rw-p 00000000 00:00 0 
7f1a349fe000-7f1a34a02000 ---p 00000000 00:00 0 
7f1a34a02000-7f1a34afe000 rw-p 00000000 00:00 0 
7f1a34afe000-7f1a34aff000 ---p 00000000 00:00 0 
7f1a34aff000-7f1a34ff0000 rw-p 00000000 00:00 0 
7f1a34ff0000-7f1a352f0000 rw-p 00000000 00:00 0 
7f1a352f0000-7f1a35400000 rw-p 00000000 00:00 0 
7f1a3546b000-7f1a3546d000 r-xp 00000000 00:eaf 4611686019135190017       /nix/store/gpxl5qgg8kicmcvivwmybwjlpf7wh20l-graalvm17-ce-22.3.0/lib/libextnet.so
7f1a3546d000-7f1a3546e000 r--p 00001000 00:eaf 4611686019135190017       /nix/store/gpxl5qgg8kicmcvivwmybwjlpf7wh20l-graalvm17-ce-22.3.0/lib/libextnet.so
7f1a3546e000-7f1a3546f000 rw-p 00002000 00:eaf 4611686019135190017       /nix/store/gpxl5qgg8kicmcvivwmybwjlpf7wh20l-graalvm17-ce-22.3.0/lib/libextnet.so
7f1a3546f000-7f1a35470000 rw-p 00004000 00:eaf 4611686019135190017       /nix/store/gpxl5qgg8kicmcvivwmybwjlpf7wh20l-graalvm17-ce-22.3.0/lib/libextnet.so
7f1a35470000-7f1a35474000 ---p 00000000 00:00 0 
7f1a35474000-7f1a35492000 rw-p 00000000 00:00 0 
7f1a35492000-7f1a35499000 r-xp 00000000 00:eaf 4611686019135192580       /nix/store/gpxl5qgg8kicmcvivwmybwjlpf7wh20l-graalvm17-ce-22.3.0/lib/libzip.so
7f1a35499000-7f1a3549a000 ---p 00007000 00:eaf 4611686019135192580       /nix/store/gpxl5qgg8kicmcvivwmybwjlpf7wh20l-graalvm17-ce-22.3.0/lib/libzip.so
7f1a3549a000-7f1a3549b000 r--p 00007000 00:eaf 4611686019135192580       /nix/store/gpxl5qgg8kicmcvivwmybwjlpf7wh20l-graalvm17-ce-22.3.0/lib/libzip.so
7f1a3549b000-7f1a3549c000 rw-p 00008000 00:eaf 4611686019135192580       /nix/store/gpxl5qgg8kicmcvivwmybwjlpf7wh20l-graalvm17-ce-22.3.0/lib/libzip.so
7f1a3549c000-7f1a3549e000 rw-p 0000b000 00:eaf 4611686019135192580       /nix/store/gpxl5qgg8kicmcvivwmybwjlpf7wh20l-graalvm17-ce-22.3.0/lib/libzip.so
7f1a3549e000-7f1a354b3000 r-xp 00000000 00:eaf 4611686019135192570       /nix/store/gpxl5qgg8kicmcvivwmybwjlpf7wh20l-graalvm17-ce-22.3.0/lib/libnet.so
7f1a354b3000-7f1a354b4000 ---p 00015000 00:eaf 4611686019135192570       /nix/store/gpxl5qgg8kicmcvivwmybwjlpf7wh20l-graalvm17-ce-22.3.0/lib/libnet.so
7f1a354b4000-7f1a354b5000 r--p 00015000 00:eaf 4611686019135192570       /nix/store/gpxl5qgg8kicmcvivwmybwjlpf7wh20l-graalvm17-ce-22.3.0/lib/libnet.so
7f1a354b5000-7f1a354b6000 rw-p 00016000 00:eaf 4611686019135192570       /nix/store/gpxl5qgg8kicmcvivwmybwjlpf7wh20l-graalvm17-ce-22.3.0/lib/libnet.so
7f1a354b6000-7f1a354b9000 rw-p 0001b000 00:eaf 4611686019135192570       /nix/store/gpxl5qgg8kicmcvivwmybwjlpf7wh20l-graalvm17-ce-22.3.0/lib/libnet.so
7f1a354b9000-7f1a354cc000 r-xp 00000000 00:eaf 4611686019135192571       /nix/store/gpxl5qgg8kicmcvivwmybwjlpf7wh20l-graalvm17-ce-22.3.0/lib/libnio.so
7f1a354cc000-7f1a354cd000 r--p 00012000 00:eaf 4611686019135192571       /nix/store/gpxl5qgg8kicmcvivwmybwjlpf7wh20l-graalvm17-ce-22.3.0/lib/libnio.so
7f1a354cd000-7f1a354ce000 rw-p 00013000 00:eaf 4611686019135192571       /nix/store/gpxl5qgg8kicmcvivwmybwjlpf7wh20l-graalvm17-ce-22.3.0/lib/libnio.so
7f1a354ce000-7f1a354d3000 rw-p 00019000 00:eaf 4611686019135192571       /nix/store/gpxl5qgg8kicmcvivwmybwjlpf7wh20l-graalvm17-ce-22.3.0/lib/libnio.so
7f1a354d3000-7f1a355a1000 r-xp 00000000 00:eaf 4611686019135190036       /nix/store/gpxl5qgg8kicmcvivwmybwjlpf7wh20l-graalvm17-ce-22.3.0/lib/libjsvml.so
7f1a355a1000-7f1a355a2000 r--p 000cd000 00:eaf 4611686019135190036       /nix/store/gpxl5qgg8kicmcvivwmybwjlpf7wh20l-graalvm17-ce-22.3.0/lib/libjsvml.so
7f1a355a2000-7f1a355a3000 rw-p 000ce000 00:eaf 4611686019135190036       /nix/store/gpxl5qgg8kicmcvivwmybwjlpf7wh20l-graalvm17-ce-22.3.0/lib/libjsvml.so
7f1a355a3000-7f1a3717e000 rw-p 00000000 00:00 0 
7f1a3717e000-7f1a3717f000 ---p 00000000 00:00 0 
7f1a3717f000-7f1a3731e000 rw-p 00000000 00:00 0 
7f1a3731e000-7f1a37338000 rw-p 00000000 00:00 0 
7f1a37338000-7f1a37380000 ---p 00000000 00:00 0 
7f1a37380000-7f1a37387000 rw-p 00000000 00:00 0 
7f1a37387000-7f1a3746c000 ---p 00000000 00:00 0 
7f1a3746c000-7f1a3748d000 rw-p 00000000 00:00 0 
7f1a3748d000-7f1a37557000 ---p 00000000 00:00 0 
7f1a37557000-7f1a3755c000 rw-p 00000000 00:00 0 
7f1a3755c000-7f1a37563000 ---p 00000000 00:00 0 
7f1a37563000-7f1a37587000 r-xp 00000000 00:eaf 4611686019135190028       /nix/store/gpxl5qgg8kicmcvivwmybwjlpf7wh20l-graalvm17-ce-22.3.0/lib/libjava.so
7f1a37587000-7f1a37588000 ---p 00024000 00:eaf 4611686019135190028       /nix/store/gpxl5qgg8kicmcvivwmybwjlpf7wh20l-graalvm17-ce-22.3.0/lib/libjava.so
7f1a37588000-7f1a37589000 r--p 00024000 00:eaf 4611686019135190028       /nix/store/gpxl5qgg8kicmcvivwmybwjlpf7wh20l-graalvm17-ce-22.3.0/lib/libjava.so
7f1a37589000-7f1a3758a000 rw-p 00025000 00:eaf 4611686019135190028       /nix/store/gpxl5qgg8kicmcvivwmybwjlpf7wh20l-graalvm17-ce-22.3.0/lib/libjava.so
7f1a3758a000-7f1a3758b000 rw-p 00000000 00:00 0 
7f1a3758b000-7f1a37592000 rw-p 0002f000 00:eaf 4611686019135190028       /nix/store/gpxl5qgg8kicmcvivwmybwjlpf7wh20l-graalvm17-ce-22.3.0/lib/libjava.so
7f1a37592000-7f1a3759a000 rw-s 00000000 00:98a 363                       /tmp/hsperfdata_runner/22
7f1a3759a000-7f1a3759b000 ---p 00000000 00:00 0 
7f1a3759b000-7f1a3759c000 r--p 00000000 00:00 0 
7f1a3759c000-7f1a3759d000 rwxp 00000000 00:00 0 
7f1a3759d000-7f1a375b8000 r-xp 00000000 00:eaf 4611686019135190032       /nix/store/gpxl5qgg8kicmcvivwmybwjlpf7wh20l-graalvm17-ce-22.3.0/lib/libjimage.so
7f1a375b8000-7f1a375b9000 ---p 0001b000 00:eaf 4611686019135190032       /nix/store/gpxl5qgg8kicmcvivwmybwjlpf7wh20l-graalvm17-ce-22.3.0/lib/libjimage.so
7f1a375b9000-7f1a375bb000 r--p 0001b000 00:eaf 4611686019135190032       /nix/store/gpxl5qgg8kicmcvivwmybwjlpf7wh20l-graalvm17-ce-22.3.0/lib/libjimage.so
7f1a375bb000-7f1a375bc000 rw-p 0001d000 00:eaf 4611686019135190032       /nix/store/gpxl5qgg8kicmcvivwmybwjlpf7wh20l-graalvm17-ce-22.3.0/lib/libjimage.so
7f1a375bc000-7f1a375bd000 rw-p 00024000 00:eaf 4611686019135190032       /nix/store/gpxl5qgg8kicmcvivwmybwjlpf7wh20l-graalvm17-ce-22.3.0/lib/libjimage.so
7f1a375bd000-7f1a375c1000 ---p 00000000 00:00 0 
7f1a375c1000-7f1a376bd000 rw-p 00000000 00:00 0 
7f1a376bd000-7f1a376cb000 r--p 00000000 00:eaf 4611686019027979927       /nix/store/4nlgxhb09sdr51nc9hdm8az5b08vzkgx-glibc-2.35-163/lib/libm.so.6
7f1a376cb000-7f1a3773e000 r-xp 0000e000 00:eaf 4611686019027979927       /nix/store/4nlgxhb09sdr51nc9hdm8az5b08vzkgx-glibc-2.35-163/lib/libm.so.6
7f1a3773e000-7f1a3779b000 r--p 00081000 00:eaf 4611686019027979927       /nix/store/4nlgxhb09sdr51nc9hdm8az5b08vzkgx-glibc-2.35-163/lib/libm.so.6
7f1a3779b000-7f1a3779c000 r--p 000dd000 00:eaf 4611686019027979927       /nix/store/4nlgxhb09sdr51nc9hdm8az5b08vzkgx-glibc-2.35-163/lib/libm.so.6
7f1a3779c000-7f1a3779d000 rw-p 000de000 00:eaf 4611686019027979927       /nix/store/4nlgxhb09sdr51nc9hdm8az5b08vzkgx-glibc-2.35-163/lib/libm.so.6
7f1a3779d000-7f1a3779e000 r--p 00000000 00:eaf 4611686019027979946       /nix/store/4nlgxhb09sdr51nc9hdm8az5b08vzkgx-glibc-2.35-163/lib/librt.so.1
7f1a3779e000-7f1a3779f000 r-xp 00001000 00:eaf 4611686019027979946       /nix/store/4nlgxhb09sdr51nc9hdm8az5b08vzkgx-glibc-2.35-163/lib/librt.so.1
7f1a3779f000-7f1a377a0000 r--p 00002000 00:eaf 4611686019027979946       /nix/store/4nlgxhb09sdr51nc9hdm8az5b08vzkgx-glibc-2.35-163/lib/librt.so.1
7f1a377a0000-7f1a377a1000 r--p 00002000 00:eaf 4611686019027979946       /nix/store/4nlgxhb09sdr51nc9hdm8az5b08vzkgx-glibc-2.35-163/lib/librt.so.1
7f1a377a1000-7f1a377a2000 rw-p 00003000 00:eaf 4611686019027979946       /nix/store/4nlgxhb09sdr51nc9hdm8az5b08vzkgx-glibc-2.35-163/lib/librt.so.1
7f1a377a2000-7f1a388b5000 r-xp 00000000 00:eaf 4611686019135360866       /nix/store/gpxl5qgg8kicmcvivwmybwjlpf7wh20l-graalvm17-ce-22.3.0/lib/server/libjvm.so
7f1a388b5000-7f1a388b6000 ---p 01113000 00:eaf 4611686019135360866       /nix/store/gpxl5qgg8kicmcvivwmybwjlpf7wh20l-graalvm17-ce-22.3.0/lib/server/libjvm.so
7f1a388b6000-7f1a3896b000 r--p 01113000 00:eaf 4611686019135360866       /nix/store/gpxl5qgg8kicmcvivwmybwjlpf7wh20l-graalvm17-ce-22.3.0/lib/server/libjvm.so
7f1a3896b000-7f1a3899f000 rw-p 011c8000 00:eaf 4611686019135360866       /nix/store/gpxl5qgg8kicmcvivwmybwjlpf7wh20l-graalvm17-ce-22.3.0/lib/server/libjvm.so
7f1a3899f000-7f1a389fb000 rw-p 00000000 00:00 0 
7f1a389fb000-7f1a38a23000 r--p 00000000 00:eaf 4611686019027979918       /nix/store/4nlgxhb09sdr51nc9hdm8az5b08vzkgx-glibc-2.35-163/lib/libc.so.6
7f1a38a23000-7f1a38b99000 r-xp 00028000 00:eaf 4611686019027979918       /nix/store/4nlgxhb09sdr51nc9hdm8az5b08vzkgx-glibc-2.35-163/lib/libc.so.6
7f1a38b99000-7f1a38bf1000 r--p 0019e000 00:eaf 4611686019027979918       /nix/store/4nlgxhb09sdr51nc9hdm8az5b08vzkgx-glibc-2.35-163/lib/libc.so.6
7f1a38bf1000-7f1a38bf5000 r--p 001f6000 00:eaf 4611686019027979918       /nix/store/4nlgxhb09sdr51nc9hdm8az5b08vzkgx-glibc-2.35-163/lib/libc.so.6
7f1a38bf5000-7f1a38bf7000 rw-p 001fa000 00:eaf 4611686019027979918       /nix/store/4nlgxhb09sdr51nc9hdm8az5b08vzkgx-glibc-2.35-163/lib/libc.so.6
7f1a38bf7000-7f1a38c06000 rw-p 00000000 00:00 0 
7f1a38c06000-7f1a38c07000 r--p 00000000 00:eaf 4611686019027979923       /nix/store/4nlgxhb09sdr51nc9hdm8az5b08vzkgx-glibc-2.35-163/lib/libdl.so.2
7f1a38c07000-7f1a38c08000 r-xp 00001000 00:eaf 4611686019027979923       /nix/store/4nlgxhb09sdr51nc9hdm8az5b08vzkgx-glibc-2.35-163/lib/libdl.so.2
7f1a38c08000-7f1a38c09000 r--p 00002000 00:eaf 4611686019027979923       /nix/store/4nlgxhb09sdr51nc9hdm8az5b08vzkgx-glibc-2.35-163/lib/libdl.so.2
7f1a38c09000-7f1a38c0a000 r--p 00002000 00:eaf 4611686019027979923       /nix/store/4nlgxhb09sdr51nc9hdm8az5b08vzkgx-glibc-2.35-163/lib/libdl.so.2
7f1a38c0a000-7f1a38c0b000 rw-p 00003000 00:eaf 4611686019027979923       /nix/store/4nlgxhb09sdr51nc9hdm8az5b08vzkgx-glibc-2.35-163/lib/libdl.so.2
7f1a38c0b000-7f1a38c0c000 r--p 00000000 00:eaf 4611686019027979942       /nix/store/4nlgxhb09sdr51nc9hdm8az5b08vzkgx-glibc-2.35-163/lib/libpthread.so.0
7f1a38c0c000-7f1a38c0d000 r-xp 00001000 00:eaf 4611686019027979942       /nix/store/4nlgxhb09sdr51nc9hdm8az5b08vzkgx-glibc-2.35-163/lib/libpthread.so.0
7f1a38c0d000-7f1a38c0e000 r--p 00002000 00:eaf 4611686019027979942       /nix/store/4nlgxhb09sdr51nc9hdm8az5b08vzkgx-glibc-2.35-163/lib/libpthread.so.0
7f1a38c0e000-7f1a38c0f000 r--p 00002000 00:eaf 4611686019027979942       /nix/store/4nlgxhb09sdr51nc9hdm8az5b08vzkgx-glibc-2.35-163/lib/libpthread.so.0
7f1a38c0f000-7f1a38c10000 rw-p 00003000 00:eaf 4611686019027979942       /nix/store/4nlgxhb09sdr51nc9hdm8az5b08vzkgx-glibc-2.35-163/lib/libpthread.so.0
7f1a38c10000-7f1a38c1e000 r-xp 00000000 00:eaf 4611686019135190033       /nix/store/gpxl5qgg8kicmcvivwmybwjlpf7wh20l-graalvm17-ce-22.3.0/lib/libjli.so
7f1a38c1e000-7f1a38c1f000 ---p 0000e000 00:eaf 4611686019135190033       /nix/store/gpxl5qgg8kicmcvivwmybwjlpf7wh20l-graalvm17-ce-22.3.0/lib/libjli.so
7f1a38c1f000-7f1a38c20000 r--p 0000e000 00:eaf 4611686019135190033       /nix/store/gpxl5qgg8kicmcvivwmybwjlpf7wh20l-graalvm17-ce-22.3.0/lib/libjli.so
7f1a38c20000-7f1a38c21000 rw-p 0000f000 00:eaf 4611686019135190033       /nix/store/gpxl5qgg8kicmcvivwmybwjlpf7wh20l-graalvm17-ce-22.3.0/lib/libjli.so
7f1a38c21000-7f1a38c22000 rw-p 00012000 00:eaf 4611686019135190033       /nix/store/gpxl5qgg8kicmcvivwmybwjlpf7wh20l-graalvm17-ce-22.3.0/lib/libjli.so
7f1a38c22000-7f1a38c25000 r--p 00000000 00:eaf 4611686019106210071       /nix/store/026hln0aq1hyshaxsdvhg0kmcm6yf45r-zlib-1.2.13/lib/libz.so.1.2.13
7f1a38c25000-7f1a38c37000 r-xp 00003000 00:eaf 4611686019106210071       /nix/store/026hln0aq1hyshaxsdvhg0kmcm6yf45r-zlib-1.2.13/lib/libz.so.1.2.13
7f1a38c37000-7f1a38c3e000 r--p 00015000 00:eaf 4611686019106210071       /nix/store/026hln0aq1hyshaxsdvhg0kmcm6yf45r-zlib-1.2.13/lib/libz.so.1.2.13
7f1a38c3e000-7f1a38c3f000 r--p 0001b000 00:eaf 4611686019106210071       /nix/store/026hln0aq1hyshaxsdvhg0kmcm6yf45r-zlib-1.2.13/lib/libz.so.1.2.13
7f1a38c3f000-7f1a38c40000 rw-p 0001c000 00:eaf 4611686019106210071       /nix/store/026hln0aq1hyshaxsdvhg0kmcm6yf45r-zlib-1.2.13/lib/libz.so.1.2.13
7f1a38c40000-7f1a38c42000 rw-p 00000000 00:00 0 
7f1a38c42000-7f1a38c44000 r--p 00000000 00:eaf 4611686019027979912       /nix/store/4nlgxhb09sdr51nc9hdm8az5b08vzkgx-glibc-2.35-163/lib/ld-linux-x86-64.so.2
7f1a38c44000-7f1a38c6b000 r-xp 00002000 00:eaf 4611686019027979912       /nix/store/4nlgxhb09sdr51nc9hdm8az5b08vzkgx-glibc-2.35-163/lib/ld-linux-x86-64.so.2
7f1a38c6b000-7f1a38c77000 r--p 00029000 00:eaf 4611686019027979912       /nix/store/4nlgxhb09sdr51nc9hdm8az5b08vzkgx-glibc-2.35-163/lib/ld-linux-x86-64.so.2
7f1a38c77000-7f1a38c79000 r--p 00034000 00:eaf 4611686019027979912       /nix/store/4nlgxhb09sdr51nc9hdm8az5b08vzkgx-glibc-2.35-163/lib/ld-linux-x86-64.so.2
7f1a38c79000-7f1a38c7b000 rw-p 00036000 00:eaf 4611686019027979912       /nix/store/4nlgxhb09sdr51nc9hdm8az5b08vzkgx-glibc-2.35-163/lib/ld-linux-x86-64.so.2
7fff82321000-7fff82345000 rw-p 00000000 00:00 0                          [stack]
7fff8239c000-7fff823a0000 r--p 00000000 00:00 0                          [vvar]
7fff823a0000-7fff823a2000 r-xp 00000000 00:00 0                          [vdso]
ffffffffff600000-ffffffffff601000 --xp 00000000 00:00 0                  [vsyscall]


VM Arguments:
jvm_args: -XX:ThreadPriorityPolicy=1 -XX:+UnlockExperimentalVMOptions -XX:+EnableJVMCIProduct -XX:JVMCIThreadsPerNativeLibraryRuntime=1 -XX:-UnlockExperimentalVMOptions -Declipse.application=org.eclipse.jdt.ls.core.id1 -Dosgi.bundles.defaultStartLevel=4 -Declipse.product=org.eclipse.jdt.ls.core.product -Dlog.level=ALL -Xverify:none -XX:+UseParallelGC -XX:GCTimeRatio=4 -XX:AdaptiveSizePolicyWeight=90 -Dsun.zip.disableMemoryMapping=true -Xmx512m -Xms100m 
java_command: /nix/store/a7s9klvriqi68xz3qjc0qyfl5h86xc16-jdt-language-server-1.9.0/share/java/plugins/org.eclipse.equinox.launcher_1.6.400.v20210924-0641.jar --add-modules=ALL-SYSTEM --add-opens java.base/java.util=ALL-UNNAMED --add-opens java.base/java.lang=ALL-UNNAMED -configuration /home/runner/.cache/jdt-language-server/config -data /home/runner/.cache/jdt-language-server/data/home/runner/22-Stack-Undo-Game-2024-ADS-GT-11
java_class_path (initial): /nix/store/a7s9klvriqi68xz3qjc0qyfl5h86xc16-jdt-language-server-1.9.0/share/java/plugins/org.eclipse.equinox.launcher_1.6.400.v20210924-0641.jar
Launcher Type: SUN_STANDARD

[Global flags]
    uintx AdaptiveSizePolicyWeight                 = 90                                        {product} {command line}
     intx CICompilerCount                          = 2                                         {product} {ergonomic}
     bool EnableJVMCIProduct                       = true                                {JVMCI product} {jimage}
    uintx GCTimeRatio                              = 4                                         {product} {command line}
   size_t InitialHeapSize                          = 104857600                                 {product} {command line}
     uint JVMCIThreadsPerNativeLibraryRuntime      = 1                                   {JVMCI product} {jimage}
   size_t MaxHeapSize                              = 536870912                                 {product} {command line}
   size_t MaxNewSize                               = 178782208                                 {product} {ergonomic}
   size_t MinHeapDeltaBytes                        = 524288                                    {product} {ergonomic}
   size_t MinHeapSize                              = 104857600                                 {product} {command line}
   size_t NewSize                                  = 34603008                                  {product} {ergonomic}
    uintx NonNMethodCodeHeapSize                   = 5826188                                {pd product} {ergonomic}
    uintx NonProfiledCodeHeapSize                  = 122916026                              {pd product} {ergonomic}
   size_t OldSize                                  = 70254592                                  {product} {ergonomic}
    uintx ProfiledCodeHeapSize                     = 122916026                              {pd product} {ergonomic}
    uintx ReservedCodeCacheSize                    = 251658240                              {pd product} {ergonomic}
     bool SegmentedCodeCache                       = true                                      {product} {ergonomic}
   size_t SoftMaxHeapSize                          = 536870912                              {manageable} {ergonomic}
     intx ThreadPriorityPolicy                     = 1                                         {product} {jimage}
     bool UseCompressedClassPointers               = true                           {product lp64_product} {ergonomic}
     bool UseCompressedOops                        = true                           {product lp64_product} {ergonomic}
     bool UseParallelGC                            = true                                      {product} {command line}

Logging:
Log output configuration:
 #0: stdout all=warning uptime,level,tags
 #1: stderr all=off uptime,level,tags

Environment Variables:
JAVA_HOME=/nix/store/gpxl5qgg8kicmcvivwmybwjlpf7wh20l-graalvm17-ce-22.3.0
PATH=/nix/store/1d6ian3r8kdzspw8hacjhl3xkp40g1lj-binutils-wrapper-2.39/bin:/nix/store/dq0xwmsk1g0i2ayg6pb7y87na2knzylh-gcc-wrapper-11.3.0/bin:/nix/store/bap4d0lpcrhpwmpb8ayjcgkmvfj62lnq-bash-interactive-5.1-p16/bin:/nix/store/pr5n59mb4jzmfx6kanwxly0l07p861fg-patchelf-0.15.0/bin:/nix/store/1gf2flfqnpqbr1b4p4qz2f72y42bs56r-gcc-11.3.0/bin:/nix/store/57xv61c5zi8pphjbcwxxjlgc34p61ic9-glibc-2.35-163-bin/bin:/nix/store/a7gvj343m05j2s32xcnwr35v31ynlypr-coreutils-9.1/bin:/nix/store/039g378vc3pc3dvi9dzdlrd0i4q93qwf-binutils-2.39/bin:/nix/store/gpxl5qgg8kicmcvivwmybwjlpf7wh20l-graalvm17-ce-22.3.0/bin:/nix/store/6z9ag3ihc8mq2hzsw48lhbznvzny65nz-apache-maven-3.8.6/bin:/nix/store/a7s9klvriqi68xz3qjc0qyfl5h86xc16-jdt-language-server-1.9.0/bin:/nix/store/48ifl2w60a3zp7yskbpnvn8jp9jdsb7k-java-debug/bin:/nix/store/mydc6f4k2z73xlcz7ilif3v2lcaiqvza-findutils-4.9.0/bin:/nix/store/j9p3g8472iijd50vhdprx0nmk2fqn5gv-diffutils-3.8/bin:/nix/store/89zs7rms6x00xfq4dq6m7mjnhkr8a6r4-gnused-4.8/bin:/nix/store/86bp03jkmsl6f92w0yzg4s59g5mhxwmy-gnugrep-3.7/bin:/nix/store/hwcdqw4jrjnd37wxqgsd47hd0j8bnj09-gawk-5.1.1/bin:/nix/store/cfbhw8r8ags41vwqaz47r583d0p4h4a1-gnutar-1.34/bin:/nix/store/p3m1ndl1lapwrlh698bnb5lvvxh67378-gzip-1.12/bin:/nix/store/a8mhcagrsly7c7mpjrpsnaahk4aax056-bzip2-1.0.8-bin/bin:/nix/store/mblgz65m3zv9x548a3d5m96fj2pbwr09-gnumake-4.3/bin:/nix/store/dsd5gz46hdbdk2rfdimqddhq6m8m8fqs-bash-5.1-p16/bin:/nix/store/v7ljksji50mg3w61dykaa3n3y79n6nil-patch-2.7.6/bin:/nix/store/zlcnmqq14jz5x9439jf937mvayyl63da-xz-5.2.7-bin/bin:/nix/store/y6aj732zm9m87c82fpvf103a1xb22blp-file-5.43/bin:/nix/store/i4kzir3m7mrisxmf5xvlnkw01x4qaqr4-prybar-elisp-0.0.0-e0d9a52/bin:/nix/store/lwwivxf6h7x3cvxp9zv8sj0mv7dak99r-prybar-lua-0.0.0-e0d9a52/bin:/nix/store/gxj28g1cg4hq3qanmjv07156h800qr58-prybar-python3-0.0.0-e0d9a52/bin:/nix/store/hshkjnxrgidigf8x75vg6lqng2xlx9i3-prybar-sqlite-0.0.0-e0d9a52/bin:/nix/store/c4w01bpjgyy5ixmwdk8m1pw87zq4sl26-prybar-tcl-0.0.0-e0d9a52/bin:/nix/store/hpbvrlwd5viqmvcaisb3x0118i913a9n-st
LD_LIBRARY_PATH=/nix/store/a4pff549sk2idnkpzk5nsfps3mdkdnvm-cups-2.4.2-lib/lib:/nix/store/72mqxxhh3cy5yifh92wh2yb8cl2hikyy-cairo-1.16.0/lib:/nix/store/2k366jrbsra97gjfxwvrhvixjfxdach5-glib-2.74.1/lib:/nix/store/2j2znigd8ak37rlwh9khz0ry3clqlw1l-gtk+3-3.24.34/lib:/nix/store/hisqvx32cd57apbpcsnkpx6k3549wql1-libglvnd-1.4.0/lib:/nix/store/p36pgcv991mq5srvg765b78yqpxvk3qs-mesa-21.3.3-drivers/lib:/nix/store/mav4251if1ahjq5vkpwycyyvnmy459c4-pulseaudio-14.2/lib
DISPLAY=:0
LANG=en_US.UTF-8

Signal Handlers:
   SIGSEGV: crash_handler in libjvm.so, mask=11100100010111111101111111111110, flags=SA_RESTART|SA_SIGINFO
    SIGBUS: crash_handler in libjvm.so, mask=11100100010111111101111111111110, flags=SA_RESTART|SA_SIGINFO
    SIGFPE: crash_handler in libjvm.so, mask=11100100010111111101111111111110, flags=SA_RESTART|SA_SIGINFO
   SIGPIPE: IsolateEnterStub_IgnoreSIGPIPEStartupHook_noopSignalHandler_8f19bff2f35b5f630d83b364d6b2339320d4ec70_216e8361c6bc87a8f89f58cc10d3b2fd4415bf87 in libjvmcicompiler.so, mask=00000000000000000000000000000000, flags=SA_RESTART
  *** Handler was modified!
  *** Expected: javaSignalHandler in libjvm.so, mask=11100100110111111111111111111110, flags=SA_RESTART|SA_SIGINFO
   SIGXFSZ: javaSignalHandler in libjvm.so, mask=11100100010111111101111111111110, flags=SA_RESTART|SA_SIGINFO
    SIGILL: crash_handler in libjvm.so, mask=11100100010111111101111111111110, flags=SA_RESTART|SA_SIGINFO
   SIGUSR2: SR_handler in libjvm.so, mask=00000000000000000000000000000000, flags=SA_RESTART|SA_SIGINFO
    SIGHUP: UserHandler in libjvm.so, mask=11100100010111111101111111111110, flags=SA_RESTART|SA_SIGINFO
    SIGINT: UserHandler in libjvm.so, mask=11100100010111111101111111111110, flags=SA_RESTART|SA_SIGINFO
   SIGTERM: UserHandler in libjvm.so, mask=11100100010111111101111111111110, flags=SA_RESTART|SA_SIGINFO
   SIGQUIT: UserHandler in libjvm.so, mask=11100100010111111101111111111110, flags=SA_RESTART|SA_SIGINFO
  *** Handler was modified!
  *** Expected: javaSignalHandler in libjvm.so, mask=11100100110111111111111111111110, flags=SA_RESTART|SA_SIGINFO
   SIGTRAP: crash_handler in libjvm.so, mask=11100100010111111101111111111110, flags=SA_RESTART|SA_SIGINFO


---------------  S Y S T E M  ---------------

OS:
DISTRIB_ID=Ubuntu
DISTRIB_RELEASE=20.04
DISTRIB_CODENAME=focal
DISTRIB_DESCRIPTION="Ubuntu 20.04.2 LTS"
uname: Linux 6.2.0-1014-gcp #14~22.04.1-Ubuntu SMP Mon Sep 11 07:44:43 UTC 2023 x86_64
OS uptime: 0 days 0:35 hours
libc: glibc 2.35 NPTL 2.35 
rlimit (soft/hard): STACK 8192k/infinity , CORE infinity/infinity , NPROC infinity/infinity , NOFILE 20971/20971 , AS infinity/infinity , CPU infinity/infinity , DATA infinity/infinity , FSIZE infinity/infinity , MEMLOCK 8192k/8192k
load average: 17.41 18.94 14.22

/proc/meminfo:
MemTotal:       65833896 kB
MemFree:        27499636 kB
MemAvailable:   42976068 kB
Buffers:         1497252 kB
Cached:         13392028 kB
SwapCached:            0 kB
Active:          6336272 kB
Inactive:       29664436 kB
Active(anon):      10528 kB
Inactive(anon): 20727032 kB
Active(file):    6325744 kB
Inactive(file):  8937404 kB
Unevictable:       28724 kB
Mlocked:           28724 kB
SwapTotal:             0 kB
SwapFree:              0 kB
Zswap:                 0 kB
Zswapped:              0 kB
Dirty:              7096 kB
Writeback:             0 kB
AnonPages:      21098200 kB
Mapped:          1568024 kB
Shmem:             20364 kB
KReclaimable:     939728 kB
Slab:            1462012 kB
SReclaimable:     939728 kB
SUnreclaim:       522284 kB
KernelStack:      165688 kB
PageTables:       251724 kB
SecPageTables:         0 kB
NFS_Unstable:          0 kB
Bounce:                0 kB
WritebackTmp:          0 kB
CommitLimit:    32916948 kB
Committed_AS:   72152040 kB
VmallocTotal:   34359738367 kB
VmallocUsed:      196224 kB
VmallocChunk:          0 kB
Percpu:            52672 kB
HardwareCorrupted:     0 kB
AnonHugePages:   2101248 kB
ShmemHugePages:        0 kB
ShmemPmdMapped:        0 kB
FileHugePages:         0 kB
FilePmdMapped:         0 kB
HugePages_Total:       0
HugePages_Free:        0
HugePages_Rsvd:        0
HugePages_Surp:        0
Hugepagesize:       2048 kB
Hugetlb:               0 kB
DirectMap4k:      277304 kB
DirectMap2M:     9156608 kB
DirectMap1G:    59768832 kB

/sys/kernel/mm/transparent_hugepage/enabled: always [madvise] never
/sys/kernel/mm/transparent_hugepage/defrag (defrag/compaction efforts parameter): always defer defer+madvise [madvise] never

Process Memory:
Virtual Size: 4991632K (peak: 5074768K)
Resident Set Size: 725564K (peak: 752680K) (anon: 528000K, file: 197564K, shmem: 0K)
Swapped out: 0K
C-Heap outstanding allocations: 45939K, retained: 15104K
glibc malloc tunables: (default)

/proc/sys/kernel/threads-max (system-wide limit on the number of threads): 514261
/proc/sys/vm/max_map_count (maximum number of memory map areas a process may have): 65530
/proc/sys/kernel/pid_max (system-wide limit on number of process identifiers): 4194304

container (cgroup) information:
container_type: cgroupv2
cpu_cpuset_cpus: not supported
cpu_memory_nodes: not supported
active_processor_count: 2
cpu_quota: 200000
cpu_period: 100000
cpu_shares: no shares
memory_limit_in_bytes: 3292528 k
memory_and_swap_limit_in_bytes: unlimited
memory_soft_limit_in_bytes: 2097152 k
memory_usage_in_bytes: 585696 k
memory_max_usage_in_bytes: not supported
maximum number of tasks: not supported
current number of tasks: not supported

KVM virtualization detected
Steal ticks since vm start: 1111
Steal ticks percentage since vm start:  0.004

CPU: total 16 (initial active 2) (8 cores per cpu, 2 threads per core) family 6 model 79 stepping 0 microcode 0xffffffff, cx8, cmov, fxsr, ht, mmx, 3dnowpref, sse, sse2, sse3, ssse3, sse4.1, sse4.2, popcnt, lzcnt, tsc, tscinvbit, avx, avx2, aes, erms, clmul, bmi1, bmi2, rtm, adx, fma, vzeroupper, clflush, hv
CPU Model and flags from /proc/cpuinfo:
model name	: Intel(R) Xeon(R) CPU @ 2.20GHz
flags		: fpu vme de pse tsc msr pae mce cx8 apic sep mtrr pge mca cmov pat pse36 clflush mmx fxsr sse sse2 ss ht syscall nx pdpe1gb rdtscp lm constant_tsc rep_good nopl xtopology nonstop_tsc cpuid tsc_known_freq pni pclmulqdq ssse3 fma cx16 pcid sse4_1 sse4_2 x2apic movbe popcnt aes xsave avx f16c rdrand hypervisor lahf_lm abm 3dnowprefetch invpcid_single pti ssbd ibrs ibpb stibp fsgsbase tsc_adjust bmi1 hle avx2 smep bmi2 erms invpcid rtm rdseed adx smap xsaveopt arat md_clear arch_capabilities

Online cpus: 0-15
Offline cpus: 
BIOS frequency limitation: <Not Available>
Frequency switch latency (ns): <Not Available>
Available cpu frequencies: <Not Available>
Current governor: <Not Available>
Core performance/turbo boost: <Not Available>

Memory: 4k page, physical 3292528k(2706824k free), swap 0k(0k free)
Page Sizes: 4k

vm_info: OpenJDK 64-Bit Server VM (17.0.5+8-jvmci-22.3-b08) for linux-amd64 JRE (17.0.5+8-jvmci-22.3-b08), built on Oct 19 2022 09:01:27 by "buildslave" with gcc 10.3.0

END.
